[0.029s] Invoking command in '/home/ben/robot_snake/build/package1': CMAKE_PREFIX_PATH=${CMAKE_PREFIX_PATH}:/home/ben/ros2_ws/install/rqt_gui_py:/home/ben/ros2_ws/install/rqt_gui:/home/ben/microros_ws/install/sensor_msgs_py:/opt/ros/humble /usr/bin/cmake --build /home/ben/robot_snake/build/package1 -- -j3 -l3
[0.107s] [35m[1mConsolidate compiler generated dependencies of target node1[0m
[0.137s] [ 50%] Built target node2
[0.143s] [ 75%] [32mBuilding CXX object CMakeFiles/node1.dir/src/node1.cpp.o[0m
[2.482s] [01m[K/home/ben/robot_snake/src/package1/src/node1.cpp:[m[K In function â€˜[01m[Kint main(int, char**)[m[Kâ€™:
[2.482s] [01m[K/home/ben/robot_snake/src/package1/src/node1.cpp:271:43:[m[K [01;31m[Kerror: [m[Kexpected â€˜[01m[K;[m[Kâ€™ before â€˜[01m[Krclcpp[m[Kâ€™
[2.482s]   271 |     rclcpp::on_shutdown(shutdown_callback)
[2.482s]       |                                           [01;31m[K^[m[K
[2.482s]       |                                           [32m[K;[m[K
[2.482s]   272 |     [32m[Krclcpp[m[K::init(argc, argv);
[2.482s]       |     [32m[K~~~~~~[m[K                                 
[2.483s] [01m[K/home/ben/robot_snake/src/package1/src/node1.cpp:269:14:[m[K [01;35m[Kwarning: [m[Kunused parameter â€˜[01m[Kargc[m[Kâ€™ [[01;35m[K]8;;https://gcc.gnu.org/onlinedocs/gcc/Warning-Options.html#index-Wunused-parameter-Wunused-parameter]8;;[m[K]
[2.483s]   269 | int main([01;35m[Kint argc[m[K, char **argv)
[2.483s]       |          [01;35m[K~~~~^~~~[m[K
[2.483s] [01m[K/home/ben/robot_snake/src/package1/src/node1.cpp:269:27:[m[K [01;35m[Kwarning: [m[Kunused parameter â€˜[01m[Kargv[m[Kâ€™ [[01;35m[K]8;;https://gcc.gnu.org/onlinedocs/gcc/Warning-Options.html#index-Wunused-parameter-Wunused-parameter]8;;[m[K]
[2.483s]   269 | int main(int argc, [01;35m[Kchar **argv[m[K)
[2.483s]       |                    [01;35m[K~~~~~~~^~~~[m[K
[5.003s] gmake[2]: *** [CMakeFiles/node1.dir/build.make:76: CMakeFiles/node1.dir/src/node1.cpp.o] Error 1
[5.003s] gmake[1]: *** [CMakeFiles/Makefile2:139: CMakeFiles/node1.dir/all] Error 2
[5.003s] gmake: *** [Makefile:146: all] Error 2
[5.005s] Invoked command in '/home/ben/robot_snake/build/package1' returned '2': CMAKE_PREFIX_PATH=${CMAKE_PREFIX_PATH}:/home/ben/ros2_ws/install/rqt_gui_py:/home/ben/ros2_ws/install/rqt_gui:/home/ben/microros_ws/install/sensor_msgs_py:/opt/ros/humble /usr/bin/cmake --build /home/ben/robot_snake/build/package1 -- -j3 -l3
