[0.000000] (-) TimerEvent: {}
[0.000728] (package1) JobQueued: {'identifier': 'package1', 'dependencies': OrderedDict()}
[0.000782] (package1) JobStarted: {'identifier': 'package1'}
[0.010011] (package1) JobProgress: {'identifier': 'package1', 'progress': 'cmake'}
[0.011551] (package1) JobProgress: {'identifier': 'package1', 'progress': 'build'}
[0.011616] (package1) Command: {'cmd': ['/usr/bin/cmake', '--build', '/home/ben/robot_snake/build/package1', '--', '-j12', '-l12'], 'cwd': '/home/ben/robot_snake/build/package1', 'env': OrderedDict([('GJS_DEBUG_TOPICS', 'JS ERROR;JS LOG'), ('LESSOPEN', '| /usr/bin/lesspipe %s'), ('LANGUAGE', 'en_IL:en'), ('USER', 'ben'), ('XDG_SESSION_TYPE', 'wayland'), ('SHLVL', '1'), ('LD_LIBRARY_PATH', '/home/ben/microros_ws/install/micro_ros_agent/lib:/home/ben/microros_ws/install/micro_ros_msgs/lib:/opt/ros/humble/opt/rviz_ogre_vendor/lib:/opt/ros/humble/lib/x86_64-linux-gnu:/opt/ros/humble/lib'), ('HOME', '/home/ben'), ('DESKTOP_SESSION', 'ubuntu'), ('GIO_LAUNCHED_DESKTOP_FILE', '/usr/share/applications/terminator.desktop'), ('ROS_PYTHON_VERSION', '3'), ('GNOME_SHELL_SESSION_MODE', 'ubuntu'), ('GTK_MODULES', 'gail:atk-bridge'), ('MANAGERPID', '1918'), ('SYSTEMD_EXEC_PID', '2132'), ('DBUS_SESSION_BUS_ADDRESS', 'unix:path=/run/user/1000/bus'), ('COLORTERM', 'truecolor'), ('TERMINATOR_DBUS_NAME', 'net.tenshu.Terminator25ef4b219e3b005583550f2b0f9f990c3'), ('GIO_LAUNCHED_DESKTOP_FILE_PID', '8265'), ('IM_CONFIG_PHASE', '1'), ('WAYLAND_DISPLAY', 'wayland-0'), ('COLCON_PREFIX_PATH', '/home/ben/microros_ws/install'), ('ROS_DISTRO', 'humble'), ('LOGNAME', 'ben'), ('JOURNAL_STREAM', '8:22417'), ('_', '/usr/bin/colcon'), ('ROS_VERSION', '2'), ('XDG_SESSION_CLASS', 'user'), ('USERNAME', 'ben'), ('TERM', 'xterm-256color'), ('GNOME_DESKTOP_SESSION_ID', 'this-is-deprecated'), ('ROS_LOCALHOST_ONLY', '0'), ('PATH', '/opt/ros/humble/bin:/usr/local/sbin:/usr/local/bin:/usr/sbin:/usr/bin:/sbin:/bin:/usr/games:/usr/local/games:/snap/bin:/snap/bin'), ('SESSION_MANAGER', 'local/bensw:@/tmp/.ICE-unix/2114,unix/bensw:/tmp/.ICE-unix/2114'), ('INVOCATION_ID', '650d02ea2cf7492d9c1a4c030d4a4d4c'), ('XDG_MENU_PREFIX', 'gnome-'), ('GNOME_SETUP_DISPLAY', ':1'), ('XDG_RUNTIME_DIR', '/run/user/1000'), ('DISPLAY', ':0'), ('TERMINATOR_DBUS_PATH', '/net/tenshu/Terminator2'), ('LANG', 'en_US.UTF-8'), ('XDG_CURRENT_DESKTOP', 'ubuntu:GNOME'), ('IBUS_DISABLE_SNOOPER', '1'), ('XMODIFIERS', '@im=ibus'), ('XDG_SESSION_DESKTOP', 'ubuntu'), ('XAUTHORITY', '/run/user/1000/.mutter-Xwaylandauth.V9L8Y1'), ('LS_COLORS', 'rs=0:di=01;34:ln=01;36:mh=00:pi=40;33:so=01;35:do=01;35:bd=40;33;01:cd=40;33;01:or=40;31;01:mi=00:su=37;41:sg=30;43:ca=30;41:tw=30;42:ow=34;42:st=37;44:ex=01;32:*.tar=01;31:*.tgz=01;31:*.arc=01;31:*.arj=01;31:*.taz=01;31:*.lha=01;31:*.lz4=01;31:*.lzh=01;31:*.lzma=01;31:*.tlz=01;31:*.txz=01;31:*.tzo=01;31:*.t7z=01;31:*.zip=01;31:*.z=01;31:*.dz=01;31:*.gz=01;31:*.lrz=01;31:*.lz=01;31:*.lzo=01;31:*.xz=01;31:*.zst=01;31:*.tzst=01;31:*.bz2=01;31:*.bz=01;31:*.tbz=01;31:*.tbz2=01;31:*.tz=01;31:*.deb=01;31:*.rpm=01;31:*.jar=01;31:*.war=01;31:*.ear=01;31:*.sar=01;31:*.rar=01;31:*.alz=01;31:*.ace=01;31:*.zoo=01;31:*.cpio=01;31:*.7z=01;31:*.rz=01;31:*.cab=01;31:*.wim=01;31:*.swm=01;31:*.dwm=01;31:*.esd=01;31:*.jpg=01;35:*.jpeg=01;35:*.mjpg=01;35:*.mjpeg=01;35:*.gif=01;35:*.bmp=01;35:*.pbm=01;35:*.pgm=01;35:*.ppm=01;35:*.tga=01;35:*.xbm=01;35:*.xpm=01;35:*.tif=01;35:*.tiff=01;35:*.png=01;35:*.svg=01;35:*.svgz=01;35:*.mng=01;35:*.pcx=01;35:*.mov=01;35:*.mpg=01;35:*.mpeg=01;35:*.m2v=01;35:*.mkv=01;35:*.webm=01;35:*.webp=01;35:*.ogm=01;35:*.mp4=01;35:*.m4v=01;35:*.mp4v=01;35:*.vob=01;35:*.qt=01;35:*.nuv=01;35:*.wmv=01;35:*.asf=01;35:*.rm=01;35:*.rmvb=01;35:*.flc=01;35:*.avi=01;35:*.fli=01;35:*.flv=01;35:*.gl=01;35:*.dl=01;35:*.xcf=01;35:*.xwd=01;35:*.yuv=01;35:*.cgm=01;35:*.emf=01;35:*.ogv=01;35:*.ogx=01;35:*.aac=00;36:*.au=00;36:*.flac=00;36:*.m4a=00;36:*.mid=00;36:*.midi=00;36:*.mka=00;36:*.mp3=00;36:*.mpc=00;36:*.ogg=00;36:*.ra=00;36:*.wav=00;36:*.oga=00;36:*.opus=00;36:*.spx=00;36:*.xspf=00;36:'), ('SSH_AGENT_LAUNCHER', 'gnome-keyring'), ('SSH_AUTH_SOCK', '/run/user/1000/keyring/ssh'), ('AMENT_PREFIX_PATH', '/home/ben/microros_ws/install/micro_ros_setup:/home/ben/microros_ws/install/micro_ros_agent:/home/ben/microros_ws/install/micro_ros_msgs:/opt/ros/humble'), ('SHELL', '/bin/bash'), ('TERMINATOR_UUID', 'urn:uuid:24582ec2-9920-4d6a-8340-a27231ad5d8a'), ('QT_ACCESSIBILITY', '1'), ('GDMSESSION', 'ubuntu'), ('LESSCLOSE', '/usr/bin/lesspipe %s %s'), ('GJS_DEBUG_OUTPUT', 'stderr'), ('QT_IM_MODULE', 'ibus'), ('PWD', '/home/ben/robot_snake/build/package1'), ('LC_ALL', 'en_US.UTF-8'), ('XDG_CONFIG_DIRS', '/etc/xdg/xdg-ubuntu:/etc/xdg'), ('XDG_DATA_DIRS', '/usr/share/ubuntu:/usr/local/share/:/usr/share/:/var/lib/snapd/desktop'), ('PYTHONPATH', '/home/ben/microros_ws/install/micro_ros_msgs/local/lib/python3.10/dist-packages:/opt/ros/humble/lib/python3.10/site-packages:/opt/ros/humble/local/lib/python3.10/dist-packages'), ('COLCON', '1'), ('VTE_VERSION', '6800'), ('CMAKE_PREFIX_PATH', '/home/ben/microros_ws/install/micro_ros_setup:/home/ben/microros_ws/install/micro_ros_agent:/home/ben/microros_ws/install/micro_ros_msgs:/opt/ros/humble')]), 'shell': False}
[0.044235] (package1) StdoutLine: {'line': b'\x1b[35m\x1b[1mConsolidate compiler generated dependencies of target node1\x1b[0m\n'}
[0.053226] (package1) StdoutLine: {'line': b'[ 50%] Built target node2\n'}
[0.056999] (package1) StdoutLine: {'line': b'[ 75%] \x1b[32mBuilding CXX object CMakeFiles/node1.dir/src/node1.cpp.o\x1b[0m\n'}
[0.100020] (-) TimerEvent: {}
[0.200244] (-) TimerEvent: {}
[0.300480] (-) TimerEvent: {}
[0.400711] (-) TimerEvent: {}
[0.501012] (-) TimerEvent: {}
[0.601413] (-) TimerEvent: {}
[0.701759] (-) TimerEvent: {}
[0.802092] (-) TimerEvent: {}
[0.902410] (-) TimerEvent: {}
[1.002784] (-) TimerEvent: {}
[1.103106] (-) TimerEvent: {}
[1.203426] (-) TimerEvent: {}
[1.303750] (-) TimerEvent: {}
[1.404074] (-) TimerEvent: {}
[1.504396] (-) TimerEvent: {}
[1.604700] (-) TimerEvent: {}
[1.705039] (-) TimerEvent: {}
[1.805367] (-) TimerEvent: {}
[1.905709] (-) TimerEvent: {}
[2.006050] (-) TimerEvent: {}
[2.106348] (-) TimerEvent: {}
[2.206671] (-) TimerEvent: {}
[2.215304] (package1) StderrLine: {'line': b'\x1b[01m\x1b[K/home/ben/robot_snake/src/package1/src/node1.cpp:\x1b[m\x1b[K In member function \xe2\x80\x98\x1b[01m\x1b[Kvoid Node1::get_parameters()\x1b[m\x1b[K\xe2\x80\x99:\n'}
[2.215496] (package1) StderrLine: {'line': b'\x1b[01m\x1b[K/home/ben/robot_snake/src/package1/src/node1.cpp:208:66:\x1b[m\x1b[K \x1b[01;31m\x1b[Kerror: \x1b[m\x1b[K\xe2\x80\x98\x1b[01m\x1b[Kclass rclcpp::Parameter\x1b[m\x1b[K\xe2\x80\x99 has no member named \xe2\x80\x98\x1b[01m\x1b[Kas_int_array\x1b[m\x1b[K\xe2\x80\x99; did you mean \xe2\x80\x98\x1b[01m\x1b[Kas_byte_array\x1b[m\x1b[K\xe2\x80\x99?\n'}
[2.215612] (package1) StderrLine: {'line': b'  208 |       manual_motor_pwm = this->get_parameter("manual_motor_pwm").\x1b[01;31m\x1b[Kas_int_array\x1b[m\x1b[K();\n'}
[2.215709] (package1) StderrLine: {'line': b'      |                                                                  \x1b[01;31m\x1b[K^~~~~~~~~~~~\x1b[m\x1b[K\n'}
[2.215809] (package1) StderrLine: {'line': b'      |                                                                  \x1b[32m\x1b[Kas_byte_array\x1b[m\x1b[K\n'}
[2.306756] (-) TimerEvent: {}
[2.407022] (-) TimerEvent: {}
[2.507263] (-) TimerEvent: {}
[2.607524] (-) TimerEvent: {}
[2.707763] (-) TimerEvent: {}
[2.808090] (-) TimerEvent: {}
[2.908392] (-) TimerEvent: {}
[3.008712] (-) TimerEvent: {}
[3.109015] (-) TimerEvent: {}
[3.209343] (-) TimerEvent: {}
[3.309680] (-) TimerEvent: {}
[3.410008] (-) TimerEvent: {}
[3.510352] (-) TimerEvent: {}
[3.610644] (-) TimerEvent: {}
[3.710948] (-) TimerEvent: {}
[3.811248] (-) TimerEvent: {}
[3.911587] (-) TimerEvent: {}
[4.011932] (-) TimerEvent: {}
[4.112175] (-) TimerEvent: {}
[4.212499] (-) TimerEvent: {}
[4.312738] (-) TimerEvent: {}
[4.412989] (-) TimerEvent: {}
[4.513213] (-) TimerEvent: {}
[4.613465] (-) TimerEvent: {}
[4.713704] (-) TimerEvent: {}
[4.768853] (package1) StderrLine: {'line': b'gmake[2]: *** [CMakeFiles/node1.dir/build.make:76: CMakeFiles/node1.dir/src/node1.cpp.o] Error 1\n'}
[4.769038] (package1) StderrLine: {'line': b'gmake[1]: *** [CMakeFiles/Makefile2:139: CMakeFiles/node1.dir/all] Error 2\n'}
[4.769144] (package1) StderrLine: {'line': b'gmake: *** [Makefile:146: all] Error 2\n'}
[4.771114] (package1) CommandEnded: {'returncode': 2}
[4.801560] (package1) JobEnded: {'identifier': 'package1', 'rc': 2}
[4.812444] (-) EventReactorShutdown: {}
