[35m[1mConsolidate compiler generated dependencies of target node1[0m
[ 25%] [32mBuilding CXX object CMakeFiles/node1.dir/src/node1.cpp.o[0m
[01m[K/home/ben/robot_snake/src/package1/src/node1.cpp:[m[K In member function â€˜[01m[Kvoid Node1::controller()[m[Kâ€™:
[01m[K/home/ben/robot_snake/src/package1/src/node1.cpp:75:28:[m[K [01;31m[Kerror: [m[Kcannot convert â€˜[01m[Kfloat [12][m[Kâ€™ to â€˜[01m[Kfloat[m[Kâ€™
   75 |         if(isErrorSameSign([01;31m[Kerror[m[K,last_error)==false) //if error changed sign integrator should be 0 so we wont get windup
      |                            [01;31m[K^~~~~[m[K
      |                            [01;31m[K|[m[K
      |                            [01;31m[Kfloat [12][m[K
[01m[K/home/ben/robot_snake/src/package1/src/node1.cpp:152:31:[m[K [01;36m[Knote: [m[K  initializing argument 1 of â€˜[01m[Kint Node1::isErrorSameSign(float, float)[m[Kâ€™
  152 |     int isErrorSameSign([01;36m[Kfloat error[m[K,float last_error){
      |                         [01;36m[K~~~~~~^~~~~[m[K
gmake[2]: *** [CMakeFiles/node1.dir/build.make:76: CMakeFiles/node1.dir/src/node1.cpp.o] Interrupt
gmake[1]: *** [CMakeFiles/Makefile2:139: CMakeFiles/node1.dir/all] Interrupt
gmake: *** [Makefile:146: all] Interrupt
