[0.033s] Invoking command in '/home/ben/robot_snake/build/package1': CMAKE_PREFIX_PATH=${CMAKE_PREFIX_PATH}:/home/ben/ros2_ws/install/rqt_gui_py:/home/ben/ros2_ws/install/rqt_gui:/home/ben/microros_ws/install/sensor_msgs_py:/opt/ros/humble /usr/bin/cmake --build /home/ben/robot_snake/build/package1 -- -j3 -l3
[0.103s] [35m[1mConsolidate compiler generated dependencies of target node1[0m
[0.132s] [ 50%] Built target node2
[0.152s] [ 75%] [32mBuilding CXX object CMakeFiles/node1.dir/src/node1.cpp.o[0m
[2.472s] In file included from [01m[K/opt/ros/humble/include/rclcpp/rclcpp/client.hpp:40[m[K,
[2.472s]                  from [01m[K/opt/ros/humble/include/rclcpp/rclcpp/callback_group.hpp:23[m[K,
[2.472s]                  from [01m[K/opt/ros/humble/include/rclcpp/rclcpp/any_executable.hpp:20[m[K,
[2.472s]                  from [01m[K/opt/ros/humble/include/rclcpp/rclcpp/memory_strategy.hpp:25[m[K,
[2.472s]                  from [01m[K/opt/ros/humble/include/rclcpp/rclcpp/memory_strategies.hpp:18[m[K,
[2.472s]                  from [01m[K/opt/ros/humble/include/rclcpp/rclcpp/executor_options.hpp:20[m[K,
[2.472s]                  from [01m[K/opt/ros/humble/include/rclcpp/rclcpp/executor.hpp:37[m[K,
[2.472s]                  from [01m[K/opt/ros/humble/include/rclcpp/rclcpp/executors/multi_threaded_executor.hpp:25[m[K,
[2.472s]                  from [01m[K/opt/ros/humble/include/rclcpp/rclcpp/executors.hpp:21[m[K,
[2.472s]                  from [01m[K/opt/ros/humble/include/rclcpp/rclcpp/rclcpp.hpp:155[m[K,
[2.472s]                  from [01m[K/home/ben/robot_snake/src/package1/src/node1.cpp:15[m[K:
[2.472s] [01m[K/home/ben/robot_snake/src/package1/src/node1.cpp:[m[K In function â€˜[01m[Kvoid shutdown_callback()[m[Kâ€™:
[2.472s] [01m[K/home/ben/robot_snake/src/package1/src/node1.cpp:29:15:[m[K [01;31m[Kerror: [m[Kâ€˜[01m[KNode1[m[Kâ€™ was not declared in this scope
[2.473s]    29 |   RCLCPP_INFO([01;31m[KNode1[m[K->get_logger(), "Node1 has been stopped.");
[2.473s]       |               [01;31m[K^~~~~[m[K
[2.473s] [01m[K/home/ben/robot_snake/src/package1/src/node1.cpp:29:3:[m[K [01;31m[Kerror: [m[Ktemplate argument 1 is invalid
[2.473s]    29 |   [01;31m[KRCLCPP_INFO[m[K(Node1->get_logger(), "Node1 has been stopped.");
[2.473s]       |   [01;31m[K^~~~~~~~~~~[m[K
[2.473s] [01m[K/home/ben/robot_snake/src/package1/src/node1.cpp:29:3:[m[K [01;31m[Kerror: [m[Kâ€˜[01m[K<declaration error>[m[Kâ€™ is not a template [[01;31m[K]8;;https://gcc.gnu.org/onlinedocs/gcc/Warning-Options.html#index-fpermissive-fpermissive]8;;[m[K]
[2.473s]    29 |   [01;31m[KRCLCPP_INFO[m[K(Node1->get_logger(), "Node1 has been stopped.");
[2.473s]       |   [01;31m[K^~~~~~~~~~~[m[K
[2.473s] [01m[K/home/ben/robot_snake/src/package1/src/node1.cpp:29:3:[m[K [01;31m[Kerror: [m[Ktemplate argument 1 is invalid
[2.473s]    29 |   [01;31m[KRCLCPP_INFO[m[K(Node1->get_logger(), "Node1 has been stopped.");
[2.473s]       |   [01;31m[K^~~~~~~~~~~[m[K
[2.473s] [01m[K/home/ben/robot_snake/src/package1/src/node1.cpp:29:3:[m[K [01;31m[Kerror: [m[Kâ€˜[01m[K<declaration error>[m[Kâ€™ is not a template [[01;31m[K]8;;https://gcc.gnu.org/onlinedocs/gcc/Warning-Options.html#index-fpermissive-fpermissive]8;;[m[K]
[2.473s]    29 |   [01;31m[KRCLCPP_INFO[m[K(Node1->get_logger(), "Node1 has been stopped.");
[2.473s]       |   [01;31m[K^~~~~~~~~~~[m[K
[2.473s] [01m[K/home/ben/robot_snake/src/package1/src/node1.cpp:29:3:[m[K [01;31m[Kerror: [m[Ktemplate argument 1 is invalid
[2.473s]    29 |   [01;31m[KRCLCPP_INFO[m[K(Node1->get_logger(), "Node1 has been stopped.");
[2.473s]       |   [01;31m[K^~~~~~~~~~~[m[K
[7.272s] gmake[2]: *** [CMakeFiles/node1.dir/build.make:76: CMakeFiles/node1.dir/src/node1.cpp.o] Error 1
[7.273s] gmake[1]: *** [CMakeFiles/Makefile2:139: CMakeFiles/node1.dir/all] Error 2
[7.273s] gmake: *** [Makefile:146: all] Error 2
[7.275s] Invoked command in '/home/ben/robot_snake/build/package1' returned '2': CMAKE_PREFIX_PATH=${CMAKE_PREFIX_PATH}:/home/ben/ros2_ws/install/rqt_gui_py:/home/ben/ros2_ws/install/rqt_gui:/home/ben/microros_ws/install/sensor_msgs_py:/opt/ros/humble /usr/bin/cmake --build /home/ben/robot_snake/build/package1 -- -j3 -l3
