[0.031s] Invoking command in '/home/ben/robot_snake/build/package1': CMAKE_PREFIX_PATH=${CMAKE_PREFIX_PATH}:/home/ben/ros2_ws/install/rqt_gui_py:/home/ben/ros2_ws/install/rqt_gui:/home/ben/microros_ws/install/sensor_msgs_py:/opt/ros/humble /usr/bin/cmake --build /home/ben/robot_snake/build/package1 -- -j3 -l3
[0.105s] [35m[1mConsolidate compiler generated dependencies of target node1[0m
[0.133s] [ 50%] Built target node2
[0.137s] [ 75%] [32mBuilding CXX object CMakeFiles/node1.dir/src/node1.cpp.o[0m
[2.322s] [01m[K/home/ben/robot_snake/src/package1/src/node1.cpp:27:47:[m[K [01;31m[Kerror: [m[Kâ€˜[01m[KNode1[m[Kâ€™ was not declared in this scope
[2.322s]    27 | void shutdown_callback(const std::make_shared<[01;31m[KNode1[m[K> node)
[2.322s]       |                                               [01;31m[K^~~~~[m[K
[2.323s] [01m[K/home/ben/robot_snake/src/package1/src/node1.cpp:27:35:[m[K [01;31m[Kerror: [m[Kâ€˜[01m[Kstd::make_shared[m[Kâ€™ in namespace â€˜[01m[Kstd[m[Kâ€™ does not name a template type
[2.323s]    27 | void shutdown_callback(const std::[01;31m[Kmake_shared<Node1>[m[K node)
[2.323s]       |                                   [01;31m[K^~~~~~~~~~~~~~~~~~[m[K
[2.326s] [01m[K/home/ben/robot_snake/src/package1/src/node1.cpp:[m[K In function â€˜[01m[Kvoid shutdown_callback(int)[m[Kâ€™:
[2.326s] [01m[K/home/ben/robot_snake/src/package1/src/node1.cpp:31:36:[m[K [01;31m[Kerror: [m[Kbase operand of â€˜[01m[K->[m[Kâ€™ is not a pointer
[2.326s]    31 |         motor_cmd_publisher_ = node[01;31m[K->[m[Kcreate_publisher<std_msgs::msg::Int32MultiArray>("motor_cmd_topic",10);
[2.326s]       |                                    [01;31m[K^~[m[K
[2.327s] [01m[K/home/ben/robot_snake/src/package1/src/node1.cpp:31:85:[m[K [01;31m[Kerror: [m[Kexpected primary-expression before â€˜[01m[K>[m[Kâ€™ token
[2.327s]    31 |         motor_cmd_publisher_ = node->create_publisher<std_msgs::msg::Int32MultiArray[01;31m[K>[m[K("motor_cmd_topic",10);
[2.327s]       |                                                                                     [01;31m[K^[m[K
[2.327s] [01m[K/home/ben/robot_snake/src/package1/src/node1.cpp:31:87:[m[K [01;35m[Kwarning: [m[Kleft operand of comma operator has no effect [[01;35m[K]8;;https://gcc.gnu.org/onlinedocs/gcc/Warning-Options.html#index-Wunused-value-Wunused-value]8;;[m[K]
[2.327s]    31 |         motor_cmd_publisher_ = node->create_publisher<std_msgs::msg::Int32MultiArray>([01;35m[K"motor_cmd_topic"[m[K,10);
[2.327s]       |                                                                                       [01;35m[K^~~~~~~~~~~~~~~~~[m[K
[4.884s] gmake[2]: *** [CMakeFiles/node1.dir/build.make:76: CMakeFiles/node1.dir/src/node1.cpp.o] Error 1
[4.885s] gmake[1]: *** [CMakeFiles/Makefile2:139: CMakeFiles/node1.dir/all] Error 2
[4.885s] gmake: *** [Makefile:146: all] Error 2
[4.888s] Invoked command in '/home/ben/robot_snake/build/package1' returned '2': CMAKE_PREFIX_PATH=${CMAKE_PREFIX_PATH}:/home/ben/ros2_ws/install/rqt_gui_py:/home/ben/ros2_ws/install/rqt_gui:/home/ben/microros_ws/install/sensor_msgs_py:/opt/ros/humble /usr/bin/cmake --build /home/ben/robot_snake/build/package1 -- -j3 -l3
