[0.021s] Invoking command in '/home/ben/robot_snake/build/package1': CMAKE_PREFIX_PATH=${CMAKE_PREFIX_PATH}:/home/ben/ros2_ws/install/rqt_gui_py:/home/ben/ros2_ws/install/rqt_gui:/home/ben/microros_ws/install/sensor_msgs_py:/opt/ros/humble /usr/bin/cmake --build /home/ben/robot_snake/build/package1 -- -j3 -l3
[0.103s] [35m[1mConsolidate compiler generated dependencies of target node1[0m
[0.127s] [ 50%] Built target node2
[0.157s] [ 75%] [32mBuilding CXX object CMakeFiles/node1.dir/src/node1.cpp.o[0m
[2.522s] [01m[K/home/ben/robot_snake/src/package1/src/node1.cpp:[m[K In function â€˜[01m[Kvoid shutdown_callback(std::shared_ptr<Node1>)[m[Kâ€™:
[2.522s] [01m[K/home/ben/robot_snake/src/package1/src/node1.cpp:264:9:[m[K [01;31m[Kerror: [m[Kâ€˜[01m[Kmotor_cmd_publisher_[m[Kâ€™ was not declared in this scope; did you mean â€˜[01m[Kmotor_cmd_publisher1[m[Kâ€™?
[2.522s]   264 |         [01;31m[Kmotor_cmd_publisher_[m[K->publish(message);
[2.522s]       |         [01;31m[K^~~~~~~~~~~~~~~~~~~~[m[K
[2.522s]       |         [32m[Kmotor_cmd_publisher1[m[K
[5.083s] gmake[2]: *** [CMakeFiles/node1.dir/build.make:76: CMakeFiles/node1.dir/src/node1.cpp.o] Error 1
[5.083s] gmake[1]: *** [CMakeFiles/Makefile2:139: CMakeFiles/node1.dir/all] Error 2
[5.083s] gmake: *** [Makefile:146: all] Error 2
[5.086s] Invoked command in '/home/ben/robot_snake/build/package1' returned '2': CMAKE_PREFIX_PATH=${CMAKE_PREFIX_PATH}:/home/ben/ros2_ws/install/rqt_gui_py:/home/ben/ros2_ws/install/rqt_gui:/home/ben/microros_ws/install/sensor_msgs_py:/opt/ros/humble /usr/bin/cmake --build /home/ben/robot_snake/build/package1 -- -j3 -l3
