[0.013s] Invoking command in '/home/ben/robot_snake/build/package1': CMAKE_PREFIX_PATH=${CMAKE_PREFIX_PATH}:/opt/ros/humble /usr/bin/cmake --build /home/ben/robot_snake/build/package1 -- -j12 -l12
[0.043s] [35m[1mConsolidate compiler generated dependencies of target node1[0m
[0.052s] [ 50%] Built target node2
[0.058s] [ 75%] [32mBuilding CXX object CMakeFiles/node1.dir/src/node1.cpp.o[0m
[2.132s] [01m[K/home/ben/robot_snake/src/package1/src/node1.cpp:158:9:[m[K [01;31m[Kerror: [m[Kâ€˜[01m[Kmotor_cmd_publisher_[m[Kâ€™ does not name a type
[2.132s]   158 |         [01;31m[Kmotor_cmd_publisher_[m[K->publish(message); //publish pwm output to motors
[2.132s]       |         [01;31m[K^~~~~~~~~~~~~~~~~~~~[m[K
[2.132s] [01m[K/home/ben/robot_snake/src/package1/src/node1.cpp:160:6:[m[K [01;31m[Kerror: [m[Kexpected â€˜[01m[K;[m[Kâ€™ after class definition
[2.132s]   160 |     }
[2.132s]       |      [01;31m[K^[m[K
[2.133s]       |      [32m[K;[m[K
[2.133s] [01m[K/home/ben/robot_snake/src/package1/src/node1.cpp:[m[K In constructor â€˜[01m[KNode1::Node1()[m[Kâ€™:
[2.133s] [01m[K/home/ben/robot_snake/src/package1/src/node1.cpp:45:21:[m[K [01;31m[Kerror: [m[Kno matching function for call to â€˜[01m[KNode1::get_parameters()[m[Kâ€™
[2.133s]    45 |       [01;31m[Kget_parameters()[m[K; // set and get the parameters
[2.133s]       |       [01;31m[K~~~~~~~~~~~~~~^~[m[K
[2.133s] In file included from [01m[K/opt/ros/humble/include/rclcpp/rclcpp/executors/single_threaded_executor.hpp:28[m[K,
[2.133s]                  from [01m[K/opt/ros/humble/include/rclcpp/rclcpp/executors.hpp:22[m[K,
[2.133s]                  from [01m[K/opt/ros/humble/include/rclcpp/rclcpp/rclcpp.hpp:155[m[K,
[2.133s]                  from [01m[K/home/ben/robot_snake/src/package1/src/node1.cpp:19[m[K:
[2.133s] [01m[K/opt/ros/humble/include/rclcpp/rclcpp/node.hpp:786:3:[m[K [01;36m[Knote: [m[Kcandidate: â€˜[01m[Ktemplate<class ParameterT> bool rclcpp::Node::get_parameters(const string&, std::map<std::__cxx11::basic_string<char>, ParameterT>&) const[m[Kâ€™
[2.133s]   786 |   [01;36m[Kget_parameters[m[K(
[2.133s]       |   [01;36m[K^~~~~~~~~~~~~~[m[K
[2.133s] [01m[K/opt/ros/humble/include/rclcpp/rclcpp/node.hpp:786:3:[m[K [01;36m[Knote: [m[K  template argument deduction/substitution failed:
[2.138s] [01m[K/home/ben/robot_snake/src/package1/src/node1.cpp:45:21:[m[K [01;36m[Knote: [m[K  candidate expects 2 arguments, 0 provided
[2.138s]    45 |       [01;36m[Kget_parameters()[m[K; // set and get the parameters
[2.138s]       |       [01;36m[K~~~~~~~~~~~~~~^~[m[K
[2.138s] In file included from [01m[K/opt/ros/humble/include/rclcpp/rclcpp/executors/single_threaded_executor.hpp:28[m[K,
[2.138s]                  from [01m[K/opt/ros/humble/include/rclcpp/rclcpp/executors.hpp:22[m[K,
[2.138s]                  from [01m[K/opt/ros/humble/include/rclcpp/rclcpp/rclcpp.hpp:155[m[K,
[2.138s]                  from [01m[K/home/ben/robot_snake/src/package1/src/node1.cpp:19[m[K:
[2.138s] [01m[K/opt/ros/humble/include/rclcpp/rclcpp/node.hpp:745:3:[m[K [01;36m[Knote: [m[Kcandidate: â€˜[01m[Kstd::vector<rclcpp::Parameter> rclcpp::Node::get_parameters(const std::vector<std::__cxx11::basic_string<char> >&) const[m[Kâ€™
[2.138s]   745 |   [01;36m[Kget_parameters[m[K(const std::vector<std::string> & names) const;
[2.138s]       |   [01;36m[K^~~~~~~~~~~~~~[m[K
[2.138s] [01m[K/opt/ros/humble/include/rclcpp/rclcpp/node.hpp:745:3:[m[K [01;36m[Knote: [m[K  candidate expects 1 argument, 0 provided
[2.146s] [01m[K/home/ben/robot_snake/src/package1/src/node1.cpp:48:6:[m[K [01;31m[Kerror: [m[Kâ€˜[01m[Kjoint_val_subscriber_[m[Kâ€™ was not declared in this scope; did you mean â€˜[01m[Kcount_subscribers[m[Kâ€™?
[2.146s]    48 |      [01;31m[Kjoint_val_subscriber_[m[K = this->create_subscription<std_msgs::msg::Float32MultiArray>(
[2.146s]       |      [01;31m[K^~~~~~~~~~~~~~~~~~~~~[m[K
[2.146s]       |      [32m[Kcount_subscribers[m[K
[2.197s] [01m[K/home/ben/robot_snake/src/package1/src/node1.cpp:51:5:[m[K [01;31m[Kerror: [m[Kâ€˜[01m[Ktension_val_subscriber_[m[Kâ€™ was not declared in this scope
[2.197s]    51 |     [01;31m[Ktension_val_subscriber_[m[K = this->create_subscription<std_msgs::msg::Float32MultiArray>(
[2.197s]       |     [01;31m[K^~~~~~~~~~~~~~~~~~~~~~~[m[K
[2.197s] [01m[K/home/ben/robot_snake/src/package1/src/node1.cpp:52:50:[m[K [01;31m[Kerror: [m[Kâ€˜[01m[Ktension_val_callback[m[Kâ€™ is not a member of â€˜[01m[KNode1[m[Kâ€™
[2.198s]    52 |       "tension_val_topic", 10, std::bind(&Node1::[01;31m[Ktension_val_callback[m[K, this, _1));
[2.198s]       |                                                  [01;31m[K^~~~~~~~~~~~~~~~~~~~[m[K
[2.205s] [01m[K/home/ben/robot_snake/src/package1/src/node1.cpp:54:5:[m[K [01;31m[Kerror: [m[Kâ€˜[01m[Kjoint_cmd_subscriber_[m[Kâ€™ was not declared in this scope; did you mean â€˜[01m[Kcount_subscribers[m[Kâ€™?
[2.205s]    54 |     [01;31m[Kjoint_cmd_subscriber_[m[K = this->create_subscription<std_msgs::msg::Float32MultiArray>(
[2.206s]       |     [01;31m[K^~~~~~~~~~~~~~~~~~~~~[m[K
[2.206s]       |     [32m[Kcount_subscribers[m[K
[2.214s] [01m[K/home/ben/robot_snake/src/package1/src/node1.cpp:57:6:[m[K [01;31m[Kerror: [m[Kâ€˜[01m[Kmotor_cmd_publisher_[m[Kâ€™ was not declared in this scope
[2.214s]    57 |      [01;31m[Kmotor_cmd_publisher_[m[K = this->create_publisher<std_msgs::msg::Int32MultiArray>("motor_cmd_topic",10);
[2.214s]       |      [01;31m[K^~~~~~~~~~~~~~~~~~~~[m[K
[2.221s] [01m[K/home/ben/robot_snake/src/package1/src/node1.cpp:58:5:[m[K [01;31m[Kerror: [m[Kâ€˜[01m[Kcontroller_[m[Kâ€™ was not declared in this scope; did you mean â€˜[01m[Kcontroller[m[Kâ€™?
[2.221s]    58 |     [01;31m[Kcontroller_[m[K = this->create_wall_timer(std::chrono::milliseconds((int)(1/controller_freq_*1000)), std::bind(&Node1::controller, this)); //publish motor cmd every second
[2.221s]       |     [01;31m[K^~~~~~~~~~~[m[K
[2.221s]       |     [32m[Kcontroller[m[K
[2.227s] [01m[K/home/ben/robot_snake/src/package1/src/node1.cpp:58:77:[m[K [01;31m[Kerror: [m[Kâ€˜[01m[Kcontroller_freq_[m[Kâ€™ was not declared in this scope; did you mean â€˜[01m[Kcontroller[m[Kâ€™?
[2.227s]    58 |     controller_ = this->create_wall_timer(std::chrono::milliseconds((int)(1/[01;31m[Kcontroller_freq_[m[K*1000)), std::bind(&Node1::controller, this)); //publish motor cmd every second
[2.227s]       |                                                                             [01;31m[K^~~~~~~~~~~~~~~~[m[K
[2.227s]       |                                                                             [32m[Kcontroller[m[K
[2.238s] [01m[K/home/ben/robot_snake/src/package1/src/node1.cpp:[m[K In member function â€˜[01m[Kvoid Node1::joint_val_callback(std_msgs::msg::Float32MultiArray)[m[Kâ€™:
[2.238s] [01m[K/home/ben/robot_snake/src/package1/src/node1.cpp:73:28:[m[K [01;31m[Kerror: [m[Kâ€˜[01m[Kcurrent_enc_val[m[Kâ€™ was not declared in this scope
[2.238s]    73 |         if(abs(msg.data[i]-[01;31m[Kcurrent_enc_val[m[K[i])<10*TENSION_MAX_IMPULSE) //FIXME tension gauge has some errors and and can return a big impulse
[2.238s]       |                            [01;31m[K^~~~~~~~~~~~~~~[m[K
[2.248s] [01m[K/home/ben/robot_snake/src/package1/src/node1.cpp:77:9:[m[K [01;31m[Kerror: [m[Kâ€˜[01m[Kjoint_time_between_callbacks[m[Kâ€™ was not declared in this scope
[2.248s]    77 |         [01;31m[Kjoint_time_between_callbacks[m[K=0;
[2.248s]       |         [01;31m[K^~~~~~~~~~~~~~~~~~~~~~~~~~~~[m[K
[2.254s] [01m[K/home/ben/robot_snake/src/package1/src/node1.cpp:[m[K In member function â€˜[01m[Kvoid Node1::joint_cmd_callback(std_msgs::msg::Float32MultiArray)[m[Kâ€™:
[2.254s] [01m[K/home/ben/robot_snake/src/package1/src/node1.cpp:87:9:[m[K [01;31m[Kerror: [m[Kâ€˜[01m[Kjoint_cmd_val[m[Kâ€™ was not declared in this scope; did you mean â€˜[01m[Kjoint_cmd_callback[m[Kâ€™?
[2.254s]    87 |         [01;31m[Kjoint_cmd_val[m[K[i]=msg.data[i];
[2.254s]       |         [01;31m[K^~~~~~~~~~~~~[m[K
[2.255s]       |         [32m[Kjoint_cmd_callback[m[K
[2.265s] [01m[K/home/ben/robot_snake/src/package1/src/node1.cpp:[m[K In member function â€˜[01m[Kvoid Node1::controller()[m[Kâ€™:
[2.265s] [01m[K/home/ben/robot_snake/src/package1/src/node1.cpp:98:12:[m[K [01;31m[Kerror: [m[Kâ€˜[01m[Kjoint_time_between_callbacks[m[Kâ€™ was not declared in this scope
[2.265s]    98 |         if([01;31m[Kjoint_time_between_callbacks[m[K>1000*MAX_TIME_BETWEEN_CALLBACKS*controller_freq_||
[2.265s]       |            [01;31m[K^~~~~~~~~~~~~~~~~~~~~~~~~~~~[m[K
[2.271s] [01m[K/home/ben/robot_snake/src/package1/src/node1.cpp:98:73:[m[K [01;31m[Kerror: [m[Kâ€˜[01m[Kcontroller_freq_[m[Kâ€™ was not declared in this scope; did you mean â€˜[01m[Kcontroller[m[Kâ€™?
[2.272s]    98 |         if(joint_time_between_callbacks>1000*MAX_TIME_BETWEEN_CALLBACKS*[01;31m[Kcontroller_freq_[m[K||
[2.272s]       |                                                                         [01;31m[K^~~~~~~~~~~~~~~~[m[K
[2.272s]       |                                                                         [32m[Kcontroller[m[K
[2.282s] [01m[K/home/ben/robot_snake/src/package1/src/node1.cpp:99:12:[m[K [01;31m[Kerror: [m[Kâ€˜[01m[Ktension_time_between_callbacks[m[Kâ€™ was not declared in this scope
[2.282s]    99 |            [01;31m[Ktension_time_between_callbacks[m[K>1000*MAX_TIME_BETWEEN_CALLBACKS*controller_freq_){
[2.282s]       |            [01;31m[K^~~~~~~~~~~~~~~~~~~~~~~~~~~~~~[m[K
[2.293s] [01m[K/home/ben/robot_snake/src/package1/src/node1.cpp:103:9:[m[K [01;31m[Kerror: [m[Kâ€˜[01m[Kjoint_time_between_callbacks[m[Kâ€™ was not declared in this scope
[2.293s]   103 |         [01;31m[Kjoint_time_between_callbacks[m[K++;
[2.293s]       |         [01;31m[K^~~~~~~~~~~~~~~~~~~~~~~~~~~~[m[K
[2.304s] [01m[K/home/ben/robot_snake/src/package1/src/node1.cpp:104:9:[m[K [01;31m[Kerror: [m[Kâ€˜[01m[Ktension_time_between_callbacks[m[Kâ€™ was not declared in this scope
[2.304s]   104 |         [01;31m[Ktension_time_between_callbacks[m[K++;
[2.304s]       |         [01;31m[K^~~~~~~~~~~~~~~~~~~~~~~~~~~~~~[m[K
[2.309s] [01m[K/home/ben/robot_snake/src/package1/src/node1.cpp:107:9:[m[K [01;31m[Kerror: [m[Kâ€˜[01m[Klast_error[m[Kâ€™ was not declared in this scope; did you mean â€˜[01m[Kstrerror[m[Kâ€™?
[2.309s]   107 |         [01;31m[Klast_error[m[K[j*MOTORS_PER_JOINT+i]=error[j*MOTORS_PER_JOINT+i];
[2.309s]       |         [01;31m[K^~~~~~~~~~[m[K
[2.309s]       |         [32m[Kstrerror[m[K
[2.312s] [01m[K/home/ben/robot_snake/src/package1/src/node1.cpp:107:42:[m[K [01;31m[Kerror: [m[Kâ€˜[01m[Kerror[m[Kâ€™ was not declared in this scope; did you mean â€˜[01m[Kperror[m[Kâ€™?
[2.312s]   107 |         last_error[j*MOTORS_PER_JOINT+i]=[01;31m[Kerror[m[K[j*MOTORS_PER_JOINT+i];
[2.312s]       |                                          [01;31m[K^~~~~[m[K
[2.312s]       |                                          [32m[Kperror[m[K
[2.318s] [01m[K/home/ben/robot_snake/src/package1/src/node1.cpp:109:47:[m[K [01;31m[Kerror: [m[Kâ€˜[01m[Kjoint_cmd_val[m[Kâ€™ was not declared in this scope; did you mean â€˜[01m[Kjoint_cmd_callback[m[Kâ€™?
[2.318s]   109 |           case 0: error[j*MOTORS_PER_JOINT+i]=[01;31m[Kjoint_cmd_val[m[K[j*enc_per_joint_+enc_z_]-current_enc_val[j*enc_per_joint_+enc_z_];
[2.318s]       |                                               [01;31m[K^~~~~~~~~~~~~[m[K
[2.318s]       |                                               [32m[Kjoint_cmd_callback[m[K
[2.322s] [01m[K/home/ben/robot_snake/src/package1/src/node1.cpp:109:78:[m[K [01;31m[Kerror: [m[Kâ€˜[01m[Kenc_z_[m[Kâ€™ was not declared in this scope
[2.322s]   109 |           case 0: error[j*MOTORS_PER_JOINT+i]=joint_cmd_val[j*enc_per_joint_+[01;31m[Kenc_z_[m[K]-current_enc_val[j*enc_per_joint_+enc_z_];
[2.323s]       |                                                                              [01;31m[K^~~~~~[m[K
[2.329s] [01m[K/home/ben/robot_snake/src/package1/src/node1.cpp:109:86:[m[K [01;31m[Kerror: [m[Kâ€˜[01m[Kcurrent_enc_val[m[Kâ€™ was not declared in this scope
[2.329s]   109 |      case 0: error[j*MOTORS_PER_JOINT+i]=joint_cmd_val[j*enc_per_joint_+enc_z_]-[01;31m[Kcurrent_enc_val[m[K[j*enc_per_joint_+enc_z_];
[2.329s]       |                                                                                 [01;31m[K^~~~~~~~~~~~~~~[m[K
[2.329s] 
[2.338s] [01m[K/home/ben/robot_snake/src/package1/src/node1.cpp:112:76:[m[K [01;31m[Kerror: [m[Kâ€˜[01m[Kcurrent_tension_val[m[Kâ€™ was not declared in this scope
[2.338s]   112 |           case 1: error[j*MOTORS_PER_JOINT+i]=CONSTANT_TENSION_ON_STRING_2-[01;31m[Kcurrent_tension_val[m[K[j*MOTORS_PER_JOINT+i];
[2.338s]       |                                                                            [01;31m[K^~~~~~~~~~~~~~~~~~~[m[K
[2.342s] [01m[K/home/ben/robot_snake/src/package1/src/node1.cpp:114:78:[m[K [01;31m[Kerror: [m[Kâ€˜[01m[Kenc_y_[m[Kâ€™ was not declared in this scope
[2.342s]   114 |           case 2: error[j*MOTORS_PER_JOINT+i]=joint_cmd_val[j*enc_per_joint_+[01;31m[Kenc_y_[m[K]-current_enc_val[j*enc_per_joint_+enc_y_];
[2.342s]       |                                                                              [01;31m[K^~~~~~[m[K
[2.349s] [01m[K/home/ben/robot_snake/src/package1/src/node1.cpp:118:12:[m[K [01;31m[Kerror: [m[Kâ€˜[01m[KisErrorSameSign[m[Kâ€™ was not declared in this scope
[2.349s]   118 |         if([01;31m[KisErrorSameSign[m[K(error[j*MOTORS_PER_JOINT+i],last_error[j*MOTORS_PER_JOINT+i])==false) //if error changed sign integrator should be 0 so we wont get windup
[2.349s]       |            [01;31m[K^~~~~~~~~~~~~~~[m[K
[2.354s] [01m[K/home/ben/robot_snake/src/package1/src/node1.cpp:119:11:[m[K [01;31m[Kerror: [m[Kâ€˜[01m[Kerror_sum_[m[Kâ€™ was not declared in this scope; did you mean â€˜[01m[Kerror_t[m[Kâ€™?
[2.354s]   119 |           [01;31m[Kerror_sum_[m[K[j*MOTORS_PER_JOINT+i]=0;
[2.354s]       |           [01;31m[K^~~~~~~~~~[m[K
[2.354s]       |           [32m[Kerror_t[m[K
[2.361s] [01m[K/home/ben/robot_snake/src/package1/src/node1.cpp:120:12:[m[K [01;31m[Kerror: [m[Kâ€˜[01m[Ksaturation_flag[m[Kâ€™ was not declared in this scope
[2.361s]   120 |         if([01;31m[Ksaturation_flag[m[K[j*MOTORS_PER_JOINT+i]==false) //while we are in saturation dont sum the integrator so we wont get windup
[2.361s]       |            [01;31m[K^~~~~~~~~~~~~~~[m[K
[2.366s] [01m[K/home/ben/robot_snake/src/package1/src/node1.cpp:121:11:[m[K [01;31m[Kerror: [m[Kâ€˜[01m[Kerror_sum_[m[Kâ€™ was not declared in this scope; did you mean â€˜[01m[Kerror_t[m[Kâ€™?
[2.366s]   121 |           [01;31m[Kerror_sum_[m[K[j*MOTORS_PER_JOINT+i]+=error[j*MOTORS_PER_JOINT+i];
[2.366s]       |           [01;31m[K^~~~~~~~~~[m[K
[2.366s]       |           [32m[Kerror_t[m[K
[2.372s] [01m[K/home/ben/robot_snake/src/package1/src/node1.cpp:122:9:[m[K [01;31m[Kerror: [m[Kâ€˜[01m[Kmotor_cmd_val[m[Kâ€™ was not declared in this scope
[2.372s]   122 |         [01;31m[Kmotor_cmd_val[m[K[j*MOTORS_PER_JOINT+i]=kp_[j*MOTORS_PER_JOINT+i]*(error[j*MOTORS_PER_JOINT+i])+ // pid controll to publish the right motor cmd
[2.372s]       |         [01;31m[K^~~~~~~~~~~~~[m[K
[2.376s] [01m[K/home/ben/robot_snake/src/package1/src/node1.cpp:122:45:[m[K [01;31m[Kerror: [m[Kâ€˜[01m[Kkp_[m[Kâ€™ was not declared in this scope
[2.376s]   122 |         motor_cmd_val[j*MOTORS_PER_JOINT+i]=[01;31m[Kkp_[m[K[j*MOTORS_PER_JOINT+i]*(error[j*MOTORS_PER_JOINT+i])+ // pid controll to publish the right motor cmd
[2.376s]       |                                             [01;31m[K^~~[m[K
[2.379s] [01m[K/home/ben/robot_snake/src/package1/src/node1.cpp:123:25:[m[K [01;31m[Kerror: [m[Kâ€˜[01m[Kkd_[m[Kâ€™ was not declared in this scope
[2.379s]   123 |                         [01;31m[Kkd_[m[K[j*MOTORS_PER_JOINT+i]*(error[j*MOTORS_PER_JOINT+i]-last_error[j*MOTORS_PER_JOINT+i])+
[2.379s]       |                         [01;31m[K^~~[m[K
[2.383s] [01m[K/home/ben/robot_snake/src/package1/src/node1.cpp:124:25:[m[K [01;31m[Kerror: [m[Kâ€˜[01m[Kki_[m[Kâ€™ was not declared in this scope
[2.383s]   124 |                         [01;31m[Kki_[m[K[j*MOTORS_PER_JOINT+i]*error_sum_[j*MOTORS_PER_JOINT+i];
[2.383s]       |                         [01;31m[K^~~[m[K
[2.388s] [01m[K/home/ben/robot_snake/src/package1/src/node1.cpp:124:51:[m[K [01;31m[Kerror: [m[Kâ€˜[01m[Kerror_sum_[m[Kâ€™ was not declared in this scope; did you mean â€˜[01m[Kerror_t[m[Kâ€™?
[2.388s]   124 |                         ki_[j*MOTORS_PER_JOINT+i]*[01;31m[Kerror_sum_[m[K[j*MOTORS_PER_JOINT+i];
[2.388s]       |                                                   [01;31m[K^~~~~~~~~~[m[K
[2.388s]       |                                                   [32m[Kerror_t[m[K
[2.393s] [01m[K/home/ben/robot_snake/src/package1/src/node1.cpp:125:48:[m[K [01;31m[Kerror: [m[Kâ€˜[01m[Kmax_pwm_[m[Kâ€™ was not declared in this scope
[2.393s]   125 |         if(motor_cmd_val[j*MOTORS_PER_JOINT+i]>[01;31m[Kmax_pwm_[m[K){ //motor command limitation
[2.393s]       |                                                [01;31m[K^~~~~~~~[m[K
[2.399s] [01m[K/home/ben/robot_snake/src/package1/src/node1.cpp:127:11:[m[K [01;31m[Kerror: [m[Kâ€˜[01m[Ksaturation_flag[m[Kâ€™ was not declared in this scope
[2.400s]   127 |           [01;31m[Ksaturation_flag[m[K[j*MOTORS_PER_JOINT+i]=1;
[2.400s]       |           [01;31m[K^~~~~~~~~~~~~~~[m[K
[2.406s] [01m[K/home/ben/robot_snake/src/package1/src/node1.cpp:132:13:[m[K [01;31m[Kerror: [m[Kâ€˜[01m[Ksaturation_flag[m[Kâ€™ was not declared in this scope
[2.407s]   132 |             [01;31m[Ksaturation_flag[m[K[j*MOTORS_PER_JOINT+i]=1;
[2.407s]       |             [01;31m[K^~~~~~~~~~~~~~~[m[K
[2.413s] [01m[K/home/ben/robot_snake/src/package1/src/node1.cpp:135:13:[m[K [01;31m[Kerror: [m[Kâ€˜[01m[Ksaturation_flag[m[Kâ€™ was not declared in this scope
[2.413s]   135 |             [01;31m[Ksaturation_flag[m[K[j*MOTORS_PER_JOINT+i]=0;
[2.414s]       |             [01;31m[K^~~~~~~~~~~~~~~[m[K
[2.421s] [01m[K/home/ben/robot_snake/src/package1/src/node1.cpp:142:11:[m[K [01;31m[Kerror: [m[Kâ€˜[01m[Kmanual_control[m[Kâ€™ was not declared in this scope
[2.421s]   142 |       if(![01;31m[Kmanual_control[m[K)
[2.421s]       |           [01;31m[K^~~~~~~~~~~~~~[m[K
[2.427s] [01m[K/home/ben/robot_snake/src/package1/src/node1.cpp:144:36:[m[K [01;31m[Kerror: [m[Kâ€˜[01m[Kmotor_cmd_val[m[Kâ€™ was not declared in this scope
[2.427s]   144 |           message.data[i]=(int32_t)[01;31m[Kmotor_cmd_val[m[K[i];
[2.427s]       |                                    [01;31m[K^~~~~~~~~~~~~[m[K
[2.435s] [01m[K/home/ben/robot_snake/src/package1/src/node1.cpp:147:36:[m[K [01;31m[Kerror: [m[Kâ€˜[01m[Kmanual_motor_pwm[m[Kâ€™ was not declared in this scope
[2.435s]   147 |           message.data[i]=(int32_t)[01;31m[Kmanual_motor_pwm[m[K[i];
[2.435s]       |                                    [01;31m[K^~~~~~~~~~~~~~~~[m[K
[2.441s] [01m[K/home/ben/robot_snake/src/package1/src/node1.cpp:[m[K In function â€˜[01m[Kvoid tension_val_callback(std_msgs::msg::Float32MultiArray)[m[Kâ€™:
[2.441s] [01m[K/home/ben/robot_snake/src/package1/src/node1.cpp:181:28:[m[K [01;31m[Kerror: [m[Kâ€˜[01m[Kcurrent_tension_val[m[Kâ€™ was not declared in this scope
[2.441s]   181 |         if(abs(msg.data[i]-[01;31m[Kcurrent_tension_val[m[K[i])<TENSION_MAX_IMPULSE) // tension gauge has some errors and and can return a big impulse
[2.441s]       |                            [01;31m[K^~~~~~~~~~~~~~~~~~~[m[K
[2.448s] [01m[K/home/ben/robot_snake/src/package1/src/node1.cpp:184:9:[m[K [01;31m[Kerror: [m[Kâ€˜[01m[Ktension_time_between_callbacks[m[Kâ€™ was not declared in this scope
[2.448s]   184 |         [01;31m[Ktension_time_between_callbacks[m[K=0;
[2.448s]       |         [01;31m[K^~~~~~~~~~~~~~~~~~~~~~~~~~~~~~[m[K
[2.448s] [01m[K/home/ben/robot_snake/src/package1/src/node1.cpp:[m[K In function â€˜[01m[Kvoid get_parameters()[m[Kâ€™:
[2.448s] [01m[K/home/ben/robot_snake/src/package1/src/node1.cpp:200:7:[m[K [01;31m[Kerror: [m[Kinvalid use of â€˜[01m[Kthis[m[Kâ€™ in non-member function
[2.448s]   200 |       [01;31m[Kthis[m[K->declare_parameter("max_pwm",0);
[2.448s]       |       [01;31m[K^~~~[m[K
[2.448s] [01m[K/home/ben/robot_snake/src/package1/src/node1.cpp:201:7:[m[K [01;31m[Kerror: [m[Kinvalid use of â€˜[01m[Kthis[m[Kâ€™ in non-member function
[2.448s]   201 |       [01;31m[Kthis[m[K->declare_parameter("enc_y",0);
[2.448s]       |       [01;31m[K^~~~[m[K
[2.448s] [01m[K/home/ben/robot_snake/src/package1/src/node1.cpp:202:7:[m[K [01;31m[Kerror: [m[Kinvalid use of â€˜[01m[Kthis[m[Kâ€™ in non-member function
[2.448s]   202 |       [01;31m[Kthis[m[K->declare_parameter("enc_z",1);
[2.448s]       |       [01;31m[K^~~~[m[K
[2.449s] [01m[K/home/ben/robot_snake/src/package1/src/node1.cpp:203:7:[m[K [01;31m[Kerror: [m[Kinvalid use of â€˜[01m[Kthis[m[Kâ€™ in non-member function
[2.449s]   203 |       [01;31m[Kthis[m[K->declare_parameter("controller_freq",100);
[2.449s]       |       [01;31m[K^~~~[m[K
[2.449s] [01m[K/home/ben/robot_snake/src/package1/src/node1.cpp:204:7:[m[K [01;31m[Kerror: [m[Kinvalid use of â€˜[01m[Kthis[m[Kâ€™ in non-member function
[2.449s]   204 |       [01;31m[Kthis[m[K->declare_parameter("manual_control",1);
[2.449s]       |       [01;31m[K^~~~[m[K
[2.449s] [01m[K/home/ben/robot_snake/src/package1/src/node1.cpp:205:7:[m[K [01;31m[Kerror: [m[Kinvalid use of â€˜[01m[Kthis[m[Kâ€™ in non-member function
[2.449s]   205 |       [01;31m[Kthis[m[K->declare_parameter("manual_motor_pwm",std::vector<int64_t>({0}));
[2.449s]       |       [01;31m[K^~~~[m[K
[2.449s] [01m[K/home/ben/robot_snake/src/package1/src/node1.cpp:206:7:[m[K [01;31m[Kerror: [m[Kinvalid use of â€˜[01m[Kthis[m[Kâ€™ in non-member function
[2.449s]   206 |       [01;31m[Kthis[m[K->declare_parameter("kp",std::vector<double>({0.0}));
[2.449s]       |       [01;31m[K^~~~[m[K
[2.449s] [01m[K/home/ben/robot_snake/src/package1/src/node1.cpp:207:7:[m[K [01;31m[Kerror: [m[Kinvalid use of â€˜[01m[Kthis[m[Kâ€™ in non-member function
[2.449s]   207 |       [01;31m[Kthis[m[K->declare_parameter("ki",std::vector<double>({0.0}));
[2.449s]       |       [01;31m[K^~~~[m[K
[2.449s] [01m[K/home/ben/robot_snake/src/package1/src/node1.cpp:208:7:[m[K [01;31m[Kerror: [m[Kinvalid use of â€˜[01m[Kthis[m[Kâ€™ in non-member function
[2.449s]   208 |       [01;31m[Kthis[m[K->declare_parameter("kd",std::vector<double>({0.0}));
[2.450s]       |       [01;31m[K^~~~[m[K
[2.453s] [01m[K/home/ben/robot_snake/src/package1/src/node1.cpp:209:7:[m[K [01;31m[Kerror: [m[Kâ€˜[01m[Kcontroller_freq_[m[Kâ€™ was not declared in this scope
[2.453s]   209 |       [01;31m[Kcontroller_freq_[m[K = this->get_parameter("controller_freq").as_int();
[2.453s]       |       [01;31m[K^~~~~~~~~~~~~~~~[m[K
[2.454s] [01m[K/home/ben/robot_snake/src/package1/src/node1.cpp:209:26:[m[K [01;31m[Kerror: [m[Kinvalid use of â€˜[01m[Kthis[m[Kâ€™ in non-member function
[2.454s]   209 |       controller_freq_ = [01;31m[Kthis[m[K->get_parameter("controller_freq").as_int();
[2.454s]       |                          [01;31m[K^~~~[m[K
[2.458s] [01m[K/home/ben/robot_snake/src/package1/src/node1.cpp:210:7:[m[K [01;31m[Kerror: [m[Kâ€˜[01m[Kmanual_control[m[Kâ€™ was not declared in this scope
[2.458s]   210 |       [01;31m[Kmanual_control[m[K = this->get_parameter("manual_control").as_int();
[2.458s]       |       [01;31m[K^~~~~~~~~~~~~~[m[K
[2.458s] [01m[K/home/ben/robot_snake/src/package1/src/node1.cpp:210:24:[m[K [01;31m[Kerror: [m[Kinvalid use of â€˜[01m[Kthis[m[Kâ€™ in non-member function
[2.458s]   210 |       manual_control = [01;31m[Kthis[m[K->get_parameter("manual_control").as_int();
[2.458s]       |                        [01;31m[K^~~~[m[K
[2.461s] [01m[K/home/ben/robot_snake/src/package1/src/node1.cpp:211:7:[m[K [01;31m[Kerror: [m[Kâ€˜[01m[Kenc_y_[m[Kâ€™ was not declared in this scope
[2.461s]   211 |       [01;31m[Kenc_y_[m[K = this->get_parameter("enc_y" ).as_int();
[2.461s]       |       [01;31m[K^~~~~~[m[K
[2.461s] [01m[K/home/ben/robot_snake/src/package1/src/node1.cpp:211:16:[m[K [01;31m[Kerror: [m[Kinvalid use of â€˜[01m[Kthis[m[Kâ€™ in non-member function
[2.461s]   211 |       enc_y_ = [01;31m[Kthis[m[K->get_parameter("enc_y" ).as_int();
[2.461s]       |                [01;31m[K^~~~[m[K
[2.464s] [01m[K/home/ben/robot_snake/src/package1/src/node1.cpp:212:7:[m[K [01;31m[Kerror: [m[Kâ€˜[01m[Kenc_z_[m[Kâ€™ was not declared in this scope
[2.464s]   212 |       [01;31m[Kenc_z_[m[K = this->get_parameter("enc_z" ).as_int();
[2.464s]       |       [01;31m[K^~~~~~[m[K
[2.464s] [01m[K/home/ben/robot_snake/src/package1/src/node1.cpp:212:16:[m[K [01;31m[Kerror: [m[Kinvalid use of â€˜[01m[Kthis[m[Kâ€™ in non-member function
[2.464s]   212 |       enc_z_ = [01;31m[Kthis[m[K->get_parameter("enc_z" ).as_int();
[2.464s]       |                [01;31m[K^~~~[m[K
[2.466s] [01m[K/home/ben/robot_snake/src/package1/src/node1.cpp:213:7:[m[K [01;31m[Kerror: [m[Kâ€˜[01m[Kmax_pwm_[m[Kâ€™ was not declared in this scope
[2.467s]   213 |       [01;31m[Kmax_pwm_[m[K = this->get_parameter("max_pwm").as_int();
[2.467s]       |       [01;31m[K^~~~~~~~[m[K
[2.467s] [01m[K/home/ben/robot_snake/src/package1/src/node1.cpp:213:18:[m[K [01;31m[Kerror: [m[Kinvalid use of â€˜[01m[Kthis[m[Kâ€™ in non-member function
[2.467s]   213 |       max_pwm_ = [01;31m[Kthis[m[K->get_parameter("max_pwm").as_int();
[2.467s]       |                  [01;31m[K^~~~[m[K
[2.471s] [01m[K/home/ben/robot_snake/src/package1/src/node1.cpp:214:7:[m[K [01;31m[Kerror: [m[Kâ€˜[01m[Kmanual_motor_pwm[m[Kâ€™ was not declared in this scope
[2.471s]   214 |       [01;31m[Kmanual_motor_pwm[m[K = this->get_parameter("manual_motor_pwm").as_integer_array();
[2.471s]       |       [01;31m[K^~~~~~~~~~~~~~~~[m[K
[2.471s] [01m[K/home/ben/robot_snake/src/package1/src/node1.cpp:214:26:[m[K [01;31m[Kerror: [m[Kinvalid use of â€˜[01m[Kthis[m[Kâ€™ in non-member function
[2.472s]   214 |       manual_motor_pwm = [01;31m[Kthis[m[K->get_parameter("manual_motor_pwm").as_integer_array();
[2.472s]       |                          [01;31m[K^~~~[m[K
[2.474s] [01m[K/home/ben/robot_snake/src/package1/src/node1.cpp:215:7:[m[K [01;31m[Kerror: [m[Kâ€˜[01m[Kkp_[m[Kâ€™ was not declared in this scope
[2.474s]   215 |       [01;31m[Kkp_[m[K = this->get_parameter("kp").as_double_array();
[2.474s]       |       [01;31m[K^~~[m[K
[2.474s] [01m[K/home/ben/robot_snake/src/package1/src/node1.cpp:215:13:[m[K [01;31m[Kerror: [m[Kinvalid use of â€˜[01m[Kthis[m[Kâ€™ in non-member function
[2.474s]   215 |       kp_ = [01;31m[Kthis[m[K->get_parameter("kp").as_double_array();
[2.474s]       |             [01;31m[K^~~~[m[K
[2.477s] [01m[K/home/ben/robot_snake/src/package1/src/node1.cpp:216:7:[m[K [01;31m[Kerror: [m[Kâ€˜[01m[Kki_[m[Kâ€™ was not declared in this scope
[2.477s]   216 |       [01;31m[Kki_[m[K = this->get_parameter("ki").as_double_array();
[2.477s]       |       [01;31m[K^~~[m[K
[2.478s] [01m[K/home/ben/robot_snake/src/package1/src/node1.cpp:216:13:[m[K [01;31m[Kerror: [m[Kinvalid use of â€˜[01m[Kthis[m[Kâ€™ in non-member function
[2.478s]   216 |       ki_ = [01;31m[Kthis[m[K->get_parameter("ki").as_double_array();
[2.478s]       |             [01;31m[K^~~~[m[K
[2.482s] [01m[K/home/ben/robot_snake/src/package1/src/node1.cpp:217:7:[m[K [01;31m[Kerror: [m[Kâ€˜[01m[Kkd_[m[Kâ€™ was not declared in this scope
[2.482s]   217 |       [01;31m[Kkd_[m[K = this->get_parameter("kd").as_double_array();
[2.482s]       |       [01;31m[K^~~[m[K
[2.483s] [01m[K/home/ben/robot_snake/src/package1/src/node1.cpp:217:13:[m[K [01;31m[Kerror: [m[Kinvalid use of â€˜[01m[Kthis[m[Kâ€™ in non-member function
[2.483s]   217 |       kd_ = [01;31m[Kthis[m[K->get_parameter("kd").as_double_array();
[2.483s]       |             [01;31m[K^~~~[m[K
[2.483s] In file included from [01m[K/opt/ros/humble/include/rclcpp/rclcpp/client.hpp:40[m[K,
[2.483s]                  from [01m[K/opt/ros/humble/include/rclcpp/rclcpp/callback_group.hpp:23[m[K,
[2.483s]                  from [01m[K/opt/ros/humble/include/rclcpp/rclcpp/any_executable.hpp:20[m[K,
[2.483s]                  from [01m[K/opt/ros/humble/include/rclcpp/rclcpp/memory_strategy.hpp:25[m[K,
[2.483s]                  from [01m[K/opt/ros/humble/include/rclcpp/rclcpp/memory_strategies.hpp:18[m[K,
[2.483s]                  from [01m[K/opt/ros/humble/include/rclcpp/rclcpp/executor_options.hpp:20[m[K,
[2.483s]                  from [01m[K/opt/ros/humble/include/rclcpp/rclcpp/executor.hpp:37[m[K,
[2.483s]                  from [01m[K/opt/ros/humble/include/rclcpp/rclcpp/executors/multi_threaded_executor.hpp:25[m[K,
[2.483s]                  from [01m[K/opt/ros/humble/include/rclcpp/rclcpp/executors.hpp:21[m[K,
[2.483s]                  from [01m[K/opt/ros/humble/include/rclcpp/rclcpp/rclcpp.hpp:155[m[K,
[2.483s]                  from [01m[K/home/ben/robot_snake/src/package1/src/node1.cpp:19[m[K:
[2.483s] [01m[K/home/ben/robot_snake/src/package1/src/node1.cpp:218:19:[m[K [01;31m[Kerror: [m[Kinvalid use of â€˜[01m[Kthis[m[Kâ€™ in non-member function
[2.483s]   218 |       RCLCPP_INFO([01;31m[Kthis[m[K->get_logger(), " %f  \n",kd_[0]);
[2.483s]       |                   [01;31m[K^~~~[m[K
[2.483s] [01m[K/home/ben/robot_snake/src/package1/src/node1.cpp:218:19:[m[K [01;31m[Kerror: [m[Kinvalid use of â€˜[01m[Kthis[m[Kâ€™ in non-member function
[2.484s] [01m[K/home/ben/robot_snake/src/package1/src/node1.cpp:218:7:[m[K [01;31m[Kerror: [m[Ktemplate argument 1 is invalid
[2.484s]   218 |       [01;31m[KRCLCPP_INFO[m[K(this->get_logger(), " %f  \n",kd_[0]);
[2.484s]       |       [01;31m[K^~~~~~~~~~~[m[K
[2.487s] [01m[K/home/ben/robot_snake/src/package1/src/node1.cpp:218:7:[m[K [01;31m[Kerror: [m[Kâ€˜[01m[K<declaration error>[m[Kâ€™ is not a template [[01;31m[K]8;;https://gcc.gnu.org/onlinedocs/gcc/Warning-Options.html#index-fpermissive-fpermissive]8;;[m[K]
[2.488s]   218 |       [01;31m[KRCLCPP_INFO[m[K(this->get_logger(), " %f  \n",kd_[0]);
[2.488s]       |       [01;31m[K^~~~~~~~~~~[m[K
[2.488s] [01m[K/home/ben/robot_snake/src/package1/src/node1.cpp:218:7:[m[K [01;31m[Kerror: [m[Ktemplate argument 1 is invalid
[2.488s]   218 |       [01;31m[KRCLCPP_INFO[m[K(this->get_logger(), " %f  \n",kd_[0]);
[2.488s]       |       [01;31m[K^~~~~~~~~~~[m[K
[2.488s] [01m[K/home/ben/robot_snake/src/package1/src/node1.cpp:218:7:[m[K [01;31m[Kerror: [m[Kâ€˜[01m[K<declaration error>[m[Kâ€™ is not a template [[01;31m[K]8;;https://gcc.gnu.org/onlinedocs/gcc/Warning-Options.html#index-fpermissive-fpermissive]8;;[m[K]
[2.488s]   218 |       [01;31m[KRCLCPP_INFO[m[K(this->get_logger(), " %f  \n",kd_[0]);
[2.488s]       |       [01;31m[K^~~~~~~~~~~[m[K
[2.488s] [01m[K/home/ben/robot_snake/src/package1/src/node1.cpp:218:7:[m[K [01;31m[Kerror: [m[Ktemplate argument 1 is invalid
[2.488s]   218 |       [01;31m[KRCLCPP_INFO[m[K(this->get_logger(), " %f  \n",kd_[0]);
[2.488s]       |       [01;31m[K^~~~~~~~~~~[m[K
[2.488s] In file included from [01m[K/opt/ros/humble/include/rclcpp/rclcpp/logging.hpp:24[m[K,
[2.489s]                  from [01m[K/opt/ros/humble/include/rclcpp/rclcpp/client.hpp:40[m[K,
[2.489s]                  from [01m[K/opt/ros/humble/include/rclcpp/rclcpp/callback_group.hpp:23[m[K,
[2.489s]                  from [01m[K/opt/ros/humble/include/rclcpp/rclcpp/any_executable.hpp:20[m[K,
[2.489s]                  from [01m[K/opt/ros/humble/include/rclcpp/rclcpp/memory_strategy.hpp:25[m[K,
[2.489s]                  from [01m[K/opt/ros/humble/include/rclcpp/rclcpp/memory_strategies.hpp:18[m[K,
[2.489s]                  from [01m[K/opt/ros/humble/include/rclcpp/rclcpp/executor_options.hpp:20[m[K,
[2.489s]                  from [01m[K/opt/ros/humble/include/rclcpp/rclcpp/executor.hpp:37[m[K,
[2.489s]                  from [01m[K/opt/ros/humble/include/rclcpp/rclcpp/executors/multi_threaded_executor.hpp:25[m[K,
[2.489s]                  from [01m[K/opt/ros/humble/include/rclcpp/rclcpp/executors.hpp:21[m[K,
[2.489s]                  from [01m[K/opt/ros/humble/include/rclcpp/rclcpp/rclcpp.hpp:155[m[K,
[2.490s]                  from [01m[K/home/ben/robot_snake/src/package1/src/node1.cpp:19[m[K:
[2.490s] [01m[K/home/ben/robot_snake/src/package1/src/node1.cpp:218:19:[m[K [01;31m[Kerror: [m[Kinvalid use of â€˜[01m[Kthis[m[Kâ€™ in non-member function
[2.490s]   218 |       RCLCPP_INFO([01;31m[Kthis[m[K->get_logger(), " %f  \n",kd_[0]);
[2.490s]       |                   [01;31m[K^~~~[m[K
[2.490s] [01m[K/home/ben/robot_snake/src/package1/src/node1.cpp:218:19:[m[K [01;31m[Kerror: [m[Kinvalid use of â€˜[01m[Kthis[m[Kâ€™ in non-member function
[2.490s]   218 |       RCLCPP_INFO([01;31m[Kthis[m[K->get_logger(), " %f  \n",kd_[0]);
[2.490s]       |                   [01;31m[K^~~~[m[K
[2.493s] [01m[K/home/ben/robot_snake/src/package1/src/node1.cpp:[m[K At global scope:
[2.493s] [01m[K/home/ben/robot_snake/src/package1/src/node1.cpp:253:1:[m[K [01;31m[Kerror: [m[Kexpected declaration before â€˜[01m[K}[m[Kâ€™ token
[2.493s]   253 | [01;31m[K}[m[K;
[2.493s]       | [01;31m[K^[m[K
[4.973s] gmake[2]: *** [CMakeFiles/node1.dir/build.make:76: CMakeFiles/node1.dir/src/node1.cpp.o] Error 1
[4.973s] gmake[1]: *** [CMakeFiles/Makefile2:139: CMakeFiles/node1.dir/all] Error 2
[4.973s] gmake: *** [Makefile:146: all] Error 2
[4.975s] Invoked command in '/home/ben/robot_snake/build/package1' returned '2': CMAKE_PREFIX_PATH=${CMAKE_PREFIX_PATH}:/opt/ros/humble /usr/bin/cmake --build /home/ben/robot_snake/build/package1 -- -j12 -l12
