[0.023s] Invoking command in '/home/ben/robot_snake/build/package1': CMAKE_PREFIX_PATH=${CMAKE_PREFIX_PATH}:/home/ben/ros2_ws/install/rqt_gui_py:/home/ben/ros2_ws/install/rqt_gui:/home/ben/microros_ws/install/sensor_msgs_py:/opt/ros/humble /usr/bin/cmake --build /home/ben/robot_snake/build/package1 -- -j3 -l3
[0.124s] [ 25%] [32mBuilding CXX object CMakeFiles/node1.dir/src/node1.cpp.o[0m
[0.133s] [ 75%] Built target node2
[2.480s] [01m[K/home/ben/robot_snake/src/package1/src/node1.cpp:[m[K In function â€˜[01m[Kint main(int, char**)[m[Kâ€™:
[2.480s] [01m[K/home/ben/robot_snake/src/package1/src/node1.cpp:272:38:[m[K [01;31m[Kerror: [m[Kâ€˜[01m[Krclcpp::init[m[Kâ€™ is not a class, namespace, or enumeration
[2.480s]   272 |     rclcpp::init(argc, argv, rclcpp::[01;31m[Kinit[m[K::do_not_prune_arguments);
[2.480s]       |                                      [01;31m[K^~~~[m[K
[2.483s] [01m[K/home/ben/robot_snake/src/package1/src/node1.cpp:287:38:[m[K [01;31m[Kerror: [m[Kâ€˜[01m[Krclcpp::init[m[Kâ€™ is not a class, namespace, or enumeration
[2.483s]   287 |     rclcpp::init(argc, argv, rclcpp::[01;31m[Kinit[m[K::do_not_prune_arguments);
[2.483s]       |                                      [01;31m[K^~~~[m[K
[5.464s] gmake[2]: *** [CMakeFiles/node1.dir/build.make:76: CMakeFiles/node1.dir/src/node1.cpp.o] Error 1
[5.464s] gmake[1]: *** [CMakeFiles/Makefile2:139: CMakeFiles/node1.dir/all] Error 2
[5.464s] gmake: *** [Makefile:146: all] Error 2
[5.467s] Invoked command in '/home/ben/robot_snake/build/package1' returned '2': CMAKE_PREFIX_PATH=${CMAKE_PREFIX_PATH}:/home/ben/ros2_ws/install/rqt_gui_py:/home/ben/ros2_ws/install/rqt_gui:/home/ben/microros_ws/install/sensor_msgs_py:/opt/ros/humble /usr/bin/cmake --build /home/ben/robot_snake/build/package1 -- -j3 -l3
