[0.022s] Invoking command in '/home/ben/robot_snake/build/package1': CMAKE_PREFIX_PATH=${CMAKE_PREFIX_PATH}:/home/ben/ros2_ws/install/rqt_gui_py:/home/ben/ros2_ws/install/rqt_gui:/home/ben/microros_ws/install/sensor_msgs_py:/opt/ros/humble /usr/bin/cmake --build /home/ben/robot_snake/build/package1 -- -j3 -l3
[0.110s] [35m[1mConsolidate compiler generated dependencies of target node1[0m
[0.139s] [ 25%] [32mBuilding CXX object CMakeFiles/node1.dir/src/node1.cpp.o[0m
[0.139s] [ 75%] Built target node2
[2.881s] [01m[K/home/ben/robot_snake/src/package1/src/node1.cpp:[m[K In function â€˜[01m[Kint main(int, char**)[m[Kâ€™:
[2.881s] [01m[K/home/ben/robot_snake/src/package1/src/node1.cpp:271:38:[m[K [01;31m[Kerror: [m[Kâ€˜[01m[Kdo_not_prune_arguments[m[Kâ€™ is not a member of â€˜[01m[Krclcpp[m[Kâ€™
[2.881s]   271 |     rclcpp::init(argc, argv, rclcpp::[01;31m[Kdo_not_prune_arguments[m[K);
[2.882s]       |                                      [01;31m[K^~~~~~~~~~~~~~~~~~~~~~[m[K
[5.547s] gmake[2]: *** [CMakeFiles/node1.dir/build.make:76: CMakeFiles/node1.dir/src/node1.cpp.o] Error 1
[5.548s] gmake[1]: *** [CMakeFiles/Makefile2:139: CMakeFiles/node1.dir/all] Error 2
[5.548s] gmake: *** [Makefile:146: all] Error 2
[5.550s] Invoked command in '/home/ben/robot_snake/build/package1' returned '2': CMAKE_PREFIX_PATH=${CMAKE_PREFIX_PATH}:/home/ben/ros2_ws/install/rqt_gui_py:/home/ben/ros2_ws/install/rqt_gui:/home/ben/microros_ws/install/sensor_msgs_py:/opt/ros/humble /usr/bin/cmake --build /home/ben/robot_snake/build/package1 -- -j3 -l3
