[35m[1mConsolidate compiler generated dependencies of target node1[0m
[ 50%] Built target node2
[ 75%] [32mBuilding CXX object CMakeFiles/node1.dir/src/node1.cpp.o[0m
[01m[K/home/ben/robot_snake/src/package1/src/node1.cpp:[m[K In function â€˜[01m[Kvoid shutdown_callback(std::shared_ptr<Node1>)[m[Kâ€™:
[01m[K/home/ben/robot_snake/src/package1/src/node1.cpp:259:15:[m[K [01;31m[Kerror: [m[Kdeclaration of â€˜[01m[Kauto node[m[Kâ€™ shadows a parameter
  259 |          auto [01;31m[Knode[m[K = std::Node::make_shared("aja");
      |               [01;31m[K^~~~[m[K
[01m[K/home/ben/robot_snake/src/package1/src/node1.cpp:257:53:[m[K [01;36m[Knote: [m[Kâ€˜[01m[Kconst std::shared_ptr<Node1> node[m[Kâ€™ previously declared here
  257 | void shutdown_callback([01;36m[Kconst std::shared_ptr<Node1> node[m[K)
      |                        [01;36m[K~~~~~~~~~~~~~~~~~~~~~~~~~~~~~^~~~[m[K
[01m[K/home/ben/robot_snake/src/package1/src/node1.cpp:259:27:[m[K [01;31m[Kerror: [m[Kâ€˜[01m[Kstd::Node[m[Kâ€™ has not been declared
  259 |          auto node = std::[01;31m[KNode[m[K::make_shared("aja");
      |                           [01;31m[K^~~~[m[K
[01m[K/home/ben/robot_snake/src/package1/src/node1.cpp:262:85:[m[K [01;31m[Kerror: [m[Kexpected primary-expression before â€˜[01m[K>[m[Kâ€™ token
  262 |         motor_cmd_publisher1 = node->create_publisher<std_msgs::msg::Int32MultiArray[01;31m[K>[m[K("motor_cmd_topic",10);
      |                                                                                     [01;31m[K^[m[K
[01m[K/home/ben/robot_snake/src/package1/src/node1.cpp:262:87:[m[K [01;35m[Kwarning: [m[Kleft operand of comma operator has no effect [[01;35m[K]8;;https://gcc.gnu.org/onlinedocs/gcc/Warning-Options.html#index-Wunused-value-Wunused-value]8;;[m[K]
  262 |         motor_cmd_publisher1 = node->create_publisher<std_msgs::msg::Int32MultiArray>([01;35m[K"motor_cmd_topic"[m[K,10);
      |                                                                                       [01;35m[K^~~~~~~~~~~~~~~~~[m[K
[01m[K/home/ben/robot_snake/src/package1/src/node1.cpp:257:53:[m[K [01;35m[Kwarning: [m[Kunused parameter â€˜[01m[Knode[m[Kâ€™ [[01;35m[K]8;;https://gcc.gnu.org/onlinedocs/gcc/Warning-Options.html#index-Wunused-parameter-Wunused-parameter]8;;[m[K]
  257 | void shutdown_callback([01;35m[Kconst std::shared_ptr<Node1> node[m[K)
      |                        [01;35m[K~~~~~~~~~~~~~~~~~~~~~~~~~~~~~^~~~[m[K
gmake[2]: *** [CMakeFiles/node1.dir/build.make:76: CMakeFiles/node1.dir/src/node1.cpp.o] Error 1
gmake[1]: *** [CMakeFiles/Makefile2:139: CMakeFiles/node1.dir/all] Error 2
gmake: *** [Makefile:146: all] Error 2
