[0.028s] Invoking command in '/home/ben/robot_snake/build/package1': CMAKE_PREFIX_PATH=${CMAKE_PREFIX_PATH}:/home/ben/ros2_ws/install/rqt_gui_py:/home/ben/ros2_ws/install/rqt_gui:/home/ben/microros_ws/install/sensor_msgs_py:/opt/ros/humble /usr/bin/cmake --build /home/ben/robot_snake/build/package1 -- -j3 -l3
[0.121s] [35m[1mConsolidate compiler generated dependencies of target node1[0m
[0.147s] [ 50%] Built target node2
[0.158s] [ 75%] [32mBuilding CXX object CMakeFiles/node1.dir/src/node1.cpp.o[0m
[2.639s] [01m[K/home/ben/robot_snake/src/package1/src/node1.cpp:[m[K In function â€˜[01m[Kvoid shutdown_callback(std::shared_ptr<Node1>)[m[Kâ€™:
[2.639s] [01m[K/home/ben/robot_snake/src/package1/src/node1.cpp:259:15:[m[K [01;31m[Kerror: [m[Kdeclaration of â€˜[01m[Kauto node[m[Kâ€™ shadows a parameter
[2.639s]   259 |          auto [01;31m[Knode[m[K = std::Node::make_shared("aja");
[2.639s]       |               [01;31m[K^~~~[m[K
[2.639s] [01m[K/home/ben/robot_snake/src/package1/src/node1.cpp:257:53:[m[K [01;36m[Knote: [m[Kâ€˜[01m[Kconst std::shared_ptr<Node1> node[m[Kâ€™ previously declared here
[2.639s]   257 | void shutdown_callback([01;36m[Kconst std::shared_ptr<Node1> node[m[K)
[2.639s]       |                        [01;36m[K~~~~~~~~~~~~~~~~~~~~~~~~~~~~~^~~~[m[K
[2.640s] [01m[K/home/ben/robot_snake/src/package1/src/node1.cpp:259:27:[m[K [01;31m[Kerror: [m[Kâ€˜[01m[Kstd::Node[m[Kâ€™ has not been declared
[2.640s]   259 |          auto node = std::[01;31m[KNode[m[K::make_shared("aja");
[2.640s]       |                           [01;31m[K^~~~[m[K
[2.640s] [01m[K/home/ben/robot_snake/src/package1/src/node1.cpp:262:85:[m[K [01;31m[Kerror: [m[Kexpected primary-expression before â€˜[01m[K>[m[Kâ€™ token
[2.640s]   262 |         motor_cmd_publisher1 = node->create_publisher<std_msgs::msg::Int32MultiArray[01;31m[K>[m[K("motor_cmd_topic",10);
[2.640s]       |                                                                                     [01;31m[K^[m[K
[2.640s] [01m[K/home/ben/robot_snake/src/package1/src/node1.cpp:262:87:[m[K [01;35m[Kwarning: [m[Kleft operand of comma operator has no effect [[01;35m[K]8;;https://gcc.gnu.org/onlinedocs/gcc/Warning-Options.html#index-Wunused-value-Wunused-value]8;;[m[K]
[2.640s]   262 |         motor_cmd_publisher1 = node->create_publisher<std_msgs::msg::Int32MultiArray>([01;35m[K"motor_cmd_topic"[m[K,10);
[2.640s]       |                                                                                       [01;35m[K^~~~~~~~~~~~~~~~~[m[K
[2.640s] [01m[K/home/ben/robot_snake/src/package1/src/node1.cpp:257:53:[m[K [01;35m[Kwarning: [m[Kunused parameter â€˜[01m[Knode[m[Kâ€™ [[01;35m[K]8;;https://gcc.gnu.org/onlinedocs/gcc/Warning-Options.html#index-Wunused-parameter-Wunused-parameter]8;;[m[K]
[2.640s]   257 | void shutdown_callback([01;35m[Kconst std::shared_ptr<Node1> node[m[K)
[2.641s]       |                        [01;35m[K~~~~~~~~~~~~~~~~~~~~~~~~~~~~~^~~~[m[K
[5.006s] gmake[2]: *** [CMakeFiles/node1.dir/build.make:76: CMakeFiles/node1.dir/src/node1.cpp.o] Error 1
[5.006s] gmake[1]: *** [CMakeFiles/Makefile2:139: CMakeFiles/node1.dir/all] Error 2
[5.006s] gmake: *** [Makefile:146: all] Error 2
[5.008s] Invoked command in '/home/ben/robot_snake/build/package1' returned '2': CMAKE_PREFIX_PATH=${CMAKE_PREFIX_PATH}:/home/ben/ros2_ws/install/rqt_gui_py:/home/ben/ros2_ws/install/rqt_gui:/home/ben/microros_ws/install/sensor_msgs_py:/opt/ros/humble /usr/bin/cmake --build /home/ben/robot_snake/build/package1 -- -j3 -l3
