[0.065s] Invoking command in '/home/ben/robot_snake/build/package1': CMAKE_PREFIX_PATH=${CMAKE_PREFIX_PATH}:/home/ben/microros_ws/install/sensor_msgs_py:/opt/ros/humble /usr/bin/cmake --build /home/ben/robot_snake/build/package1 -- -j3 -l3
[0.510s] [35m[1mConsolidate compiler generated dependencies of target node2[0m
[0.577s] [ 50%] Built target node1
[0.650s] [ 75%] [32mBuilding CXX object CMakeFiles/node2.dir/src/node2.cpp.o[0m
[5.757s] In file included from [01m[K/opt/ros/humble/include/rclcpp/rclcpp/logging.hpp:24[m[K,
[5.757s]                  from [01m[K/opt/ros/humble/include/rclcpp/rclcpp/client.hpp:40[m[K,
[5.758s]                  from [01m[K/opt/ros/humble/include/rclcpp/rclcpp/callback_group.hpp:23[m[K,
[5.758s]                  from [01m[K/opt/ros/humble/include/rclcpp/rclcpp/any_executable.hpp:20[m[K,
[5.759s]                  from [01m[K/opt/ros/humble/include/rclcpp/rclcpp/memory_strategy.hpp:25[m[K,
[5.760s]                  from [01m[K/opt/ros/humble/include/rclcpp/rclcpp/memory_strategies.hpp:18[m[K,
[5.760s]                  from [01m[K/opt/ros/humble/include/rclcpp/rclcpp/executor_options.hpp:20[m[K,
[5.761s]                  from [01m[K/opt/ros/humble/include/rclcpp/rclcpp/executor.hpp:37[m[K,
[5.761s]                  from [01m[K/opt/ros/humble/include/rclcpp/rclcpp/executors/multi_threaded_executor.hpp:25[m[K,
[5.762s]                  from [01m[K/opt/ros/humble/include/rclcpp/rclcpp/executors.hpp:21[m[K,
[5.762s]                  from [01m[K/opt/ros/humble/include/rclcpp/rclcpp/rclcpp.hpp:155[m[K,
[5.764s]                  from [01m[K/home/ben/robot_snake/src/package1/src/node2.cpp:7[m[K:
[5.764s] [01m[K/home/ben/robot_snake/src/package1/src/node2.cpp:[m[K In member function â€˜[01m[Kvoid Node2::timer_callback()[m[Kâ€™:
[5.765s] [01m[K/home/ben/robot_snake/src/package1/src/node2.cpp:41:61:[m[K [01;31m[Kerror: [m[Kâ€˜[01m[Kjoint__angle_cmd[m[Kâ€™ was not declared in this scope; did you mean â€˜[01m[Kjoint__angle_cmd_[m[Kâ€™?
[5.765s]    41 |         RCLCPP_INFO(this->get_logger(), "Publishing: '%f'", [01;31m[Kjoint__angle_cmd[m[K[i]);
[5.766s]       |                                                             [01;31m[K^~~~~~~~~~~~~~~~[m[K
[7.310s] gmake[2]: *** [CMakeFiles/node2.dir/build.make:76: CMakeFiles/node2.dir/src/node2.cpp.o] Error 1
[7.314s] gmake[1]: *** [CMakeFiles/Makefile2:165: CMakeFiles/node2.dir/all] Error 2
[7.314s] gmake: *** [Makefile:146: all] Error 2
[7.320s] Invoked command in '/home/ben/robot_snake/build/package1' returned '2': CMAKE_PREFIX_PATH=${CMAKE_PREFIX_PATH}:/home/ben/microros_ws/install/sensor_msgs_py:/opt/ros/humble /usr/bin/cmake --build /home/ben/robot_snake/build/package1 -- -j3 -l3
