[0.029s] Invoking command in '/home/ben/robot_snake/build/package1': CMAKE_PREFIX_PATH=${CMAKE_PREFIX_PATH}:/home/ben/ros2_ws/install/rqt_gui_py:/home/ben/ros2_ws/install/rqt_gui:/home/ben/microros_ws/install/sensor_msgs_py:/opt/ros/humble /usr/bin/cmake --build /home/ben/robot_snake/build/package1 -- -j3 -l3
[0.101s] [35m[1mConsolidate compiler generated dependencies of target node1[0m
[0.132s] [ 50%] Built target node2
[0.134s] [ 75%] [32mBuilding CXX object CMakeFiles/node1.dir/src/node1.cpp.o[0m
[2.349s] [01m[K/home/ben/robot_snake/src/package1/src/node1.cpp:[m[K In function â€˜[01m[Kint main(int, char**)[m[Kâ€™:
[2.349s] [01m[K/home/ben/robot_snake/src/package1/src/node1.cpp:270:38:[m[K [01;31m[Kerror: [m[Kâ€˜[01m[Krclcpp::Init[m[Kâ€™ has not been declared
[2.349s]   270 |     rclcpp::init(argc, argv, rclcpp::[01;31m[KInit[m[K::do_not_prune_arguments);
[2.349s]       |                                      [01;31m[K^~~~[m[K
[5.228s] gmake[2]: *** [CMakeFiles/node1.dir/build.make:76: CMakeFiles/node1.dir/src/node1.cpp.o] Error 1
[5.229s] gmake[1]: *** [CMakeFiles/Makefile2:139: CMakeFiles/node1.dir/all] Error 2
[5.229s] gmake: *** [Makefile:146: all] Error 2
[5.238s] Invoked command in '/home/ben/robot_snake/build/package1' returned '2': CMAKE_PREFIX_PATH=${CMAKE_PREFIX_PATH}:/home/ben/ros2_ws/install/rqt_gui_py:/home/ben/ros2_ws/install/rqt_gui:/home/ben/microros_ws/install/sensor_msgs_py:/opt/ros/humble /usr/bin/cmake --build /home/ben/robot_snake/build/package1 -- -j3 -l3
