[0.037s] Invoking command in '/home/ben/robot_snake/build/package1': CMAKE_PREFIX_PATH=${CMAKE_PREFIX_PATH}:/home/ben/ros2_ws/install/rqt_gui_py:/home/ben/ros2_ws/install/rqt_gui:/home/ben/microros_ws/install/sensor_msgs_py:/opt/ros/humble /usr/bin/cmake --build /home/ben/robot_snake/build/package1 -- -j3 -l3
[0.123s] [35m[1mConsolidate compiler generated dependencies of target node1[0m
[0.175s] [ 50%] Built target node2
[0.176s] [ 75%] [32mBuilding CXX object CMakeFiles/node1.dir/src/node1.cpp.o[0m
[0.586s] [01m[K/home/ben/robot_snake/src/package1/src/node1.cpp:294:1:[m[K [01;31m[Kerror: [m[Kunterminated argument list invoking macro "RCLCPP_ERROR"
[0.586s]   294 | 
[0.586s]       | [01;31m[K^[m[K
[3.067s] [01m[K/home/ben/robot_snake/src/package1/src/node1.cpp:91:21:[m[K [01;31m[Kerror: [m[Kexpected â€˜[01m[K}[m[Kâ€™ at end of input
[3.067s]    91 |         RCLCPP_ERROR[01;31m[K([m[Kthis->get_logger(), "NO REPONSE joint_time: %f",MAX_TIME_BETWEEN_CALLBACKS*(100.0/controller_freq_);
[3.067s]       |                     [01;31m[K^[m[K
[3.067s] [01m[K/home/ben/robot_snake/src/package1/src/node1.cpp:31:1:[m[K [01;36m[Knote: [m[Kto match this â€˜[01m[K{[m[Kâ€™
[3.067s]    31 | [01;36m[K{[m[K
[3.067s]       | [01;36m[K^[m[K
[3.068s] [01m[K/home/ben/robot_snake/src/package1/src/node1.cpp:[m[K In constructor â€˜[01m[KNode1::Node1()[m[Kâ€™:
[3.068s] [01m[K/home/ben/robot_snake/src/package1/src/node1.cpp:35:21:[m[K [01;31m[Kerror: [m[Kno matching function for call to â€˜[01m[KNode1::get_parameters()[m[Kâ€™
[3.068s]    35 |       [01;31m[Kget_parameters()[m[K; // set and get the parameters
[3.068s]       |       [01;31m[K~~~~~~~~~~~~~~^~[m[K
[3.068s] In file included from [01m[K/opt/ros/humble/include/rclcpp/rclcpp/executors/single_threaded_executor.hpp:28[m[K,
[3.068s]                  from [01m[K/opt/ros/humble/include/rclcpp/rclcpp/executors.hpp:22[m[K,
[3.068s]                  from [01m[K/opt/ros/humble/include/rclcpp/rclcpp/rclcpp.hpp:155[m[K,
[3.068s]                  from [01m[K/home/ben/robot_snake/src/package1/src/node1.cpp:15[m[K:
[3.068s] [01m[K/opt/ros/humble/include/rclcpp/rclcpp/node.hpp:786:3:[m[K [01;36m[Knote: [m[Kcandidate: â€˜[01m[Ktemplate<class ParameterT> bool rclcpp::Node::get_parameters(const string&, std::map<std::__cxx11::basic_string<char>, ParameterT>&) const[m[Kâ€™
[3.068s]   786 |   [01;36m[Kget_parameters[m[K(
[3.068s]       |   [01;36m[K^~~~~~~~~~~~~~[m[K
[3.068s] [01m[K/opt/ros/humble/include/rclcpp/rclcpp/node.hpp:786:3:[m[K [01;36m[Knote: [m[K  template argument deduction/substitution failed:
[3.069s] [01m[K/home/ben/robot_snake/src/package1/src/node1.cpp:35:21:[m[K [01;36m[Knote: [m[K  candidate expects 2 arguments, 0 provided
[3.069s]    35 |       [01;36m[Kget_parameters()[m[K; // set and get the parameters
[3.069s]       |       [01;36m[K~~~~~~~~~~~~~~^~[m[K
[3.069s] In file included from [01m[K/opt/ros/humble/include/rclcpp/rclcpp/executors/single_threaded_executor.hpp:28[m[K,
[3.069s]                  from [01m[K/opt/ros/humble/include/rclcpp/rclcpp/executors.hpp:22[m[K,
[3.069s]                  from [01m[K/opt/ros/humble/include/rclcpp/rclcpp/rclcpp.hpp:155[m[K,
[3.069s]                  from [01m[K/home/ben/robot_snake/src/package1/src/node1.cpp:15[m[K:
[3.069s] [01m[K/opt/ros/humble/include/rclcpp/rclcpp/node.hpp:745:3:[m[K [01;36m[Knote: [m[Kcandidate: â€˜[01m[Kstd::vector<rclcpp::Parameter> rclcpp::Node::get_parameters(const std::vector<std::__cxx11::basic_string<char> >&) const[m[Kâ€™
[3.069s]   745 |   [01;36m[Kget_parameters[m[K(const std::vector<std::string> & names) const;
[3.069s]       |   [01;36m[K^~~~~~~~~~~~~~[m[K
[3.069s] [01m[K/opt/ros/humble/include/rclcpp/rclcpp/node.hpp:745:3:[m[K [01;36m[Knote: [m[K  candidate expects 1 argument, 0 provided
[3.078s] [01m[K/home/ben/robot_snake/src/package1/src/node1.cpp:38:6:[m[K [01;31m[Kerror: [m[Kâ€˜[01m[Kjoint_val_subscriber_[m[Kâ€™ was not declared in this scope; did you mean â€˜[01m[Kcount_subscribers[m[Kâ€™?
[3.078s]    38 |      [01;31m[Kjoint_val_subscriber_[m[K = this->create_subscription<std_msgs::msg::Float32MultiArray>(
[3.078s]       |      [01;31m[K^~~~~~~~~~~~~~~~~~~~~[m[K
[3.078s]       |      [32m[Kcount_subscribers[m[K
[3.161s] [01m[K/home/ben/robot_snake/src/package1/src/node1.cpp:41:5:[m[K [01;31m[Kerror: [m[Kâ€˜[01m[Ktension_val_subscriber_[m[Kâ€™ was not declared in this scope
[3.161s]    41 |     [01;31m[Ktension_val_subscriber_[m[K = this->create_subscription<std_msgs::msg::Float32MultiArray>(
[3.161s]       |     [01;31m[K^~~~~~~~~~~~~~~~~~~~~~~[m[K
[3.161s] [01m[K/home/ben/robot_snake/src/package1/src/node1.cpp:42:50:[m[K [01;31m[Kerror: [m[Kâ€˜[01m[Ktension_val_callback[m[Kâ€™ is not a member of â€˜[01m[KNode1[m[Kâ€™
[3.161s]    42 |       "tension_val_topic", 10, std::bind(&Node1::[01;31m[Ktension_val_callback[m[K, this, _1));
[3.161s]       |                                                  [01;31m[K^~~~~~~~~~~~~~~~~~~~[m[K
[3.171s] [01m[K/home/ben/robot_snake/src/package1/src/node1.cpp:44:5:[m[K [01;31m[Kerror: [m[Kâ€˜[01m[Kjoint_cmd_subscriber_[m[Kâ€™ was not declared in this scope; did you mean â€˜[01m[Kcount_subscribers[m[Kâ€™?
[3.171s]    44 |     [01;31m[Kjoint_cmd_subscriber_[m[K = this->create_subscription<std_msgs::msg::Float32MultiArray>(
[3.172s]       |     [01;31m[K^~~~~~~~~~~~~~~~~~~~~[m[K
[3.172s]       |     [32m[Kcount_subscribers[m[K
[3.182s] [01m[K/home/ben/robot_snake/src/package1/src/node1.cpp:47:6:[m[K [01;31m[Kerror: [m[Kâ€˜[01m[Kmotor_cmd_publisher_[m[Kâ€™ was not declared in this scope
[3.182s]    47 |      [01;31m[Kmotor_cmd_publisher_[m[K = this->create_publisher<std_msgs::msg::Int32MultiArray>("motor_cmd_topic",10);
[3.182s]       |      [01;31m[K^~~~~~~~~~~~~~~~~~~~[m[K
[3.191s] [01m[K/home/ben/robot_snake/src/package1/src/node1.cpp:48:5:[m[K [01;31m[Kerror: [m[Kâ€˜[01m[Kcontroller_[m[Kâ€™ was not declared in this scope; did you mean â€˜[01m[Kcontroller[m[Kâ€™?
[3.191s]    48 |     [01;31m[Kcontroller_[m[K = this->create_wall_timer(std::chrono::milliseconds((int)(1/controller_freq_*1000)), std::bind(&Node1::controller, this)); //publish motor cmd every second
[3.191s]       |     [01;31m[K^~~~~~~~~~~[m[K
[3.191s]       |     [32m[Kcontroller[m[K
[3.201s] [01m[K/home/ben/robot_snake/src/package1/src/node1.cpp:48:77:[m[K [01;31m[Kerror: [m[Kâ€˜[01m[Kcontroller_freq_[m[Kâ€™ was not declared in this scope; did you mean â€˜[01m[Kcontroller[m[Kâ€™?
[3.201s]    48 |     controller_ = this->create_wall_timer(std::chrono::milliseconds((int)(1/[01;31m[Kcontroller_freq_[m[K*1000)), std::bind(&Node1::controller, this)); //publish motor cmd every second
[3.201s]       |                                                                             [01;31m[K^~~~~~~~~~~~~~~~[m[K
[3.201s]       |                                                                             [32m[Kcontroller[m[K
[3.220s] [01m[K/home/ben/robot_snake/src/package1/src/node1.cpp:[m[K In member function â€˜[01m[Kvoid Node1::joint_val_callback(std_msgs::msg::Float32MultiArray)[m[Kâ€™:
[3.221s] [01m[K/home/ben/robot_snake/src/package1/src/node1.cpp:63:9:[m[K [01;31m[Kerror: [m[Kâ€˜[01m[Kcurrent_enc_val[m[Kâ€™ was not declared in this scope
[3.221s]    63 |         [01;31m[Kcurrent_enc_val[m[K[i]=msg.data[i];
[3.221s]       |         [01;31m[K^~~~~~~~~~~~~~~[m[K
[3.234s] [01m[K/home/ben/robot_snake/src/package1/src/node1.cpp:65:9:[m[K [01;31m[Kerror: [m[Kâ€˜[01m[Kjoint_time_between_callbacks[m[Kâ€™ was not declared in this scope
[3.234s]    65 |         [01;31m[Kjoint_time_between_callbacks[m[K=0;
[3.234s]       |         [01;31m[K^~~~~~~~~~~~~~~~~~~~~~~~~~~~[m[K
[3.245s] [01m[K/home/ben/robot_snake/src/package1/src/node1.cpp:[m[K In member function â€˜[01m[Kvoid Node1::joint_cmd_callback(std_msgs::msg::Float32MultiArray)[m[Kâ€™:
[3.246s] [01m[K/home/ben/robot_snake/src/package1/src/node1.cpp:75:9:[m[K [01;31m[Kerror: [m[Kâ€˜[01m[Kjoint_cmd_val[m[Kâ€™ was not declared in this scope; did you mean â€˜[01m[Kjoint_cmd_callback[m[Kâ€™?
[3.246s]    75 |         [01;31m[Kjoint_cmd_val[m[K[i]=msg.data[i];
[3.246s]       |         [01;31m[K^~~~~~~~~~~~~[m[K
[3.246s]       |         [32m[Kjoint_cmd_callback[m[K
[3.260s] [01m[K/home/ben/robot_snake/src/package1/src/node1.cpp:[m[K In member function â€˜[01m[Kvoid Node1::controller()[m[Kâ€™:
[3.260s] [01m[K/home/ben/robot_snake/src/package1/src/node1.cpp:86:12:[m[K [01;31m[Kerror: [m[Kâ€˜[01m[Kjoint_time_between_callbacks[m[Kâ€™ was not declared in this scope
[3.260s]    86 |         if([01;31m[Kjoint_time_between_callbacks[m[K>MAX_TIME_BETWEEN_CALLBACKS*(100.0/controller_freq_)||
[3.261s]       |            [01;31m[K^~~~~~~~~~~~~~~~~~~~~~~~~~~~[m[K
[3.273s] [01m[K/home/ben/robot_snake/src/package1/src/node1.cpp:86:75:[m[K [01;31m[Kerror: [m[Kâ€˜[01m[Kcontroller_freq_[m[Kâ€™ was not declared in this scope; did you mean â€˜[01m[Kcontroller[m[Kâ€™?
[3.273s]    86 |         if(joint_time_between_callbacks>MAX_TIME_BETWEEN_CALLBACKS*(100.0/[01;31m[Kcontroller_freq_[m[K)||
[3.273s]       |                                                                           [01;31m[K^~~~~~~~~~~~~~~~[m[K
[3.273s]       |                                                                           [32m[Kcontroller[m[K
[3.290s] [01m[K/home/ben/robot_snake/src/package1/src/node1.cpp:87:12:[m[K [01;31m[Kerror: [m[Kâ€˜[01m[Ktension_time_between_callbacks[m[Kâ€™ was not declared in this scope
[3.290s]    87 |            [01;31m[Ktension_time_between_callbacks[m[K>MAX_TIME_BETWEEN_CALLBACKS*(100.0/controller_freq_)){
[3.290s]       |            [01;31m[K^~~~~~~~~~~~~~~~~~~~~~~~~~~~~~[m[K
[3.303s] [01m[K/home/ben/robot_snake/src/package1/src/node1.cpp:91:9:[m[K [01;31m[Kerror: [m[Kâ€˜[01m[KRCLCPP_ERROR[m[Kâ€™ was not declared in this scope
[3.303s]    91 |         [01;31m[KRCLCPP_ERROR[m[K(this->get_logger(), "NO REPONSE joint_time: %f",MAX_TIME_BETWEEN_CALLBACKS*(100.0/controller_freq_);
[3.303s]       |         [01;31m[K^~~~~~~~~~~~[m[K
[3.303s] [01m[K/home/ben/robot_snake/src/package1/src/node1.cpp:91:21:[m[K [01;31m[Kerror: [m[Kexpected â€˜[01m[K}[m[Kâ€™ at end of input
[3.304s]    91 |         RCLCPP_ERROR[01;31m[K([m[Kthis->get_logger(), "NO REPONSE joint_time: %f",MAX_TIME_BETWEEN_CALLBACKS*(100.0/controller_freq_);
[3.304s]       |                     [01;31m[K^[m[K
[3.304s] [01m[K/home/ben/robot_snake/src/package1/src/node1.cpp:84:22:[m[K [01;36m[Knote: [m[Kto match this â€˜[01m[K{[m[Kâ€™
[3.304s]    84 |     void controller()[01;36m[K{[m[K
[3.304s]       |                      [01;36m[K^[m[K
[3.305s] [01m[K/home/ben/robot_snake/src/package1/src/node1.cpp:[m[K At global scope:
[3.305s] [01m[K/home/ben/robot_snake/src/package1/src/node1.cpp:91:21:[m[K [01;31m[Kerror: [m[Kexpected unqualified-id at end of input
[3.305s]    91 |         RCLCPP_ERROR[01;31m[K([m[Kthis->get_logger(), "NO REPONSE joint_time: %f",MAX_TIME_BETWEEN_CALLBACKS*(100.0/controller_freq_);
[3.305s]       |                     [01;31m[K^[m[K
[6.103s] gmake[2]: *** [CMakeFiles/node1.dir/build.make:76: CMakeFiles/node1.dir/src/node1.cpp.o] Error 1
[6.103s] gmake[1]: *** [CMakeFiles/Makefile2:139: CMakeFiles/node1.dir/all] Error 2
[6.103s] gmake: *** [Makefile:146: all] Error 2
[6.106s] Invoked command in '/home/ben/robot_snake/build/package1' returned '2': CMAKE_PREFIX_PATH=${CMAKE_PREFIX_PATH}:/home/ben/ros2_ws/install/rqt_gui_py:/home/ben/ros2_ws/install/rqt_gui:/home/ben/microros_ws/install/sensor_msgs_py:/opt/ros/humble /usr/bin/cmake --build /home/ben/robot_snake/build/package1 -- -j3 -l3
