[35m[1mConsolidate compiler generated dependencies of target node2[0m
[ 50%] Built target node1
[ 75%] [32mBuilding CXX object CMakeFiles/node2.dir/src/node2.cpp.o[0m
[01m[K/home/ben/robot_snake/src/package1/src/node2.cpp:33:3:[m[K [01;31m[Kerror: [m[Kexpected unqualified-id before â€˜[01m[Kprivate[m[Kâ€™
   33 |   [01;31m[Kprivate[m[K:
      |   [01;31m[K^~~~~~~[m[K
[01m[K/home/ben/robot_snake/src/package1/src/node2.cpp:[m[K In constructor â€˜[01m[KNode2::Node2()[m[Kâ€™:
[01m[K/home/ben/robot_snake/src/package1/src/node2.cpp:29:32:[m[K [01;31m[Kerror: [m[Kâ€˜[01m[Ktimer_callback[m[Kâ€™ is not a member of â€˜[01m[KNode2[m[Kâ€™
   29 |       500ms, std::bind(&Node2::[01;31m[Ktimer_callback[m[K, this));
      |                                [01;31m[K^~~~~~~~~~~~~~[m[K
gmake[2]: *** [CMakeFiles/node2.dir/build.make:76: CMakeFiles/node2.dir/src/node2.cpp.o] Error 1
gmake[1]: *** [CMakeFiles/Makefile2:165: CMakeFiles/node2.dir/all] Error 2
gmake: *** [Makefile:146: all] Error 2
