[0.070s] Invoking command in '/home/ben/robot_snake/build/package1': CMAKE_PREFIX_PATH=${CMAKE_PREFIX_PATH}:/home/ben/microros_ws/install/sensor_msgs_py:/opt/ros/humble /usr/bin/cmake --build /home/ben/robot_snake/build/package1 -- -j3 -l3
[0.332s] [35m[1mConsolidate compiler generated dependencies of target node2[0m
[0.430s] [ 50%] Built target node1
[0.440s] [ 75%] [32mBuilding CXX object CMakeFiles/node2.dir/src/node2.cpp.o[0m
[5.332s] [01m[K/home/ben/robot_snake/src/package1/src/node2.cpp:33:3:[m[K [01;31m[Kerror: [m[Kexpected unqualified-id before â€˜[01m[Kprivate[m[Kâ€™
[5.332s]    33 |   [01;31m[Kprivate[m[K:
[5.333s]       |   [01;31m[K^~~~~~~[m[K
[5.344s] [01m[K/home/ben/robot_snake/src/package1/src/node2.cpp:[m[K In constructor â€˜[01m[KNode2::Node2()[m[Kâ€™:
[5.345s] [01m[K/home/ben/robot_snake/src/package1/src/node2.cpp:29:32:[m[K [01;31m[Kerror: [m[Kâ€˜[01m[Ktimer_callback[m[Kâ€™ is not a member of â€˜[01m[KNode2[m[Kâ€™
[5.345s]    29 |       500ms, std::bind(&Node2::[01;31m[Ktimer_callback[m[K, this));
[5.345s]       |                                [01;31m[K^~~~~~~~~~~~~~[m[K
[6.457s] gmake[2]: *** [CMakeFiles/node2.dir/build.make:76: CMakeFiles/node2.dir/src/node2.cpp.o] Error 1
[6.458s] gmake[1]: *** [CMakeFiles/Makefile2:165: CMakeFiles/node2.dir/all] Error 2
[6.458s] gmake: *** [Makefile:146: all] Error 2
[6.464s] Invoked command in '/home/ben/robot_snake/build/package1' returned '2': CMAKE_PREFIX_PATH=${CMAKE_PREFIX_PATH}:/home/ben/microros_ws/install/sensor_msgs_py:/opt/ros/humble /usr/bin/cmake --build /home/ben/robot_snake/build/package1 -- -j3 -l3
