[35m[1mConsolidate compiler generated dependencies of target node2[0m
[ 50%] Built target node1
[ 75%] [32mBuilding CXX object CMakeFiles/node2.dir/src/node2.cpp.o[0m
[01m[K/home/ben/robot_snake/src/package1/src/node2.cpp:[m[K In member function â€˜[01m[Kvoid Node2::timer_callback()[m[Kâ€™:
[01m[K/home/ben/robot_snake/src/package1/src/node2.cpp:40:30:[m[K [01;31m[Kerror: [m[Kâ€˜[01m[Kto_float[m[Kâ€™ is not a member of â€˜[01m[Kstd[m[Kâ€™
   40 |         message.data[i]=std::[01;31m[Kto_float[m[K(joint__angle_cmd_[i]);
      |                              [01;31m[K^~~~~~~~[m[K
gmake[2]: *** [CMakeFiles/node2.dir/build.make:76: CMakeFiles/node2.dir/src/node2.cpp.o] Error 1
gmake[1]: *** [CMakeFiles/Makefile2:165: CMakeFiles/node2.dir/all] Error 2
gmake: *** [Makefile:146: all] Error 2
