[0.087s] Invoking command in '/home/ben/robot_snake/build/package1': CMAKE_PREFIX_PATH=${CMAKE_PREFIX_PATH}:/home/ben/microros_ws/install/sensor_msgs_py:/opt/ros/humble /usr/bin/cmake --build /home/ben/robot_snake/build/package1 -- -j3 -l3
[0.404s] [35m[1mConsolidate compiler generated dependencies of target node2[0m
[0.487s] [ 50%] Built target node1
[0.522s] [ 75%] [32mBuilding CXX object CMakeFiles/node2.dir/src/node2.cpp.o[0m
[5.286s] [01m[K/home/ben/robot_snake/src/package1/src/node2.cpp:[m[K In member function â€˜[01m[Kvoid Node2::timer_callback()[m[Kâ€™:
[5.286s] [01m[K/home/ben/robot_snake/src/package1/src/node2.cpp:40:30:[m[K [01;31m[Kerror: [m[Kâ€˜[01m[Kto_float[m[Kâ€™ is not a member of â€˜[01m[Kstd[m[Kâ€™
[5.286s]    40 |         message.data[i]=std::[01;31m[Kto_float[m[K(joint__angle_cmd_[i]);
[5.286s]       |                              [01;31m[K^~~~~~~~[m[K
[6.534s] gmake[2]: *** [CMakeFiles/node2.dir/build.make:76: CMakeFiles/node2.dir/src/node2.cpp.o] Error 1
[6.535s] gmake[1]: *** [CMakeFiles/Makefile2:165: CMakeFiles/node2.dir/all] Error 2
[6.535s] gmake: *** [Makefile:146: all] Error 2
[6.540s] Invoked command in '/home/ben/robot_snake/build/package1' returned '2': CMAKE_PREFIX_PATH=${CMAKE_PREFIX_PATH}:/home/ben/microros_ws/install/sensor_msgs_py:/opt/ros/humble /usr/bin/cmake --build /home/ben/robot_snake/build/package1 -- -j3 -l3
