[0.071s] Invoking command in '/home/ben/robot_snake/build/package1': CMAKE_PREFIX_PATH=${CMAKE_PREFIX_PATH}:/home/ben/microros_ws/install/sensor_msgs_py:/opt/ros/humble /usr/bin/cmake --build /home/ben/robot_snake/build/package1 -- -j3 -l3
[0.687s] [35m[1mConsolidate compiler generated dependencies of target node2[0m
[0.903s] [ 25%] [32mBuilding CXX object CMakeFiles/node2.dir/src/node2.cpp.o[0m
[0.911s] [ 50%] [32mBuilding CXX object CMakeFiles/node1.dir/src/node1.cpp.o[0m
[6.573s] [01m[K/home/ben/robot_snake/src/package1/src/node2.cpp:[m[K In constructor â€˜[01m[KNode2::Node2()[m[Kâ€™:
[6.574s] [01m[K/home/ben/robot_snake/src/package1/src/node2.cpp:22:72:[m[K [01;31m[Kerror: [m[Knarrowing conversion of â€˜[01m[K0.0[m[Kâ€™ from â€˜[01m[Kdouble[m[Kâ€™ to â€˜[01m[Kint[m[Kâ€™ [[01;31m[K]8;;https://gcc.gnu.org/onlinedocs/gcc/Warning-Options.html#index-Wnarrowing-Wnarrowing]8;;[m[K]
[6.574s]    22 |       this->declare_parameter("joint__angle_cmd",std::vector<int>({0.0}[01;31m[K)[m[K);
[6.574s]       |                                                                        [01;31m[K^[m[K
[6.596s] [01m[K/home/ben/robot_snake/src/package1/src/node2.cpp:[m[K In member function â€˜[01m[Kvoid Node2::timer_callback()[m[Kâ€™:
[6.596s] [01m[K/home/ben/robot_snake/src/package1/src/node2.cpp:37:62:[m[K [01;31m[Kerror: [m[Kâ€˜[01m[Kclass rclcpp::Parameter[m[Kâ€™ has no member named â€˜[01m[Kas_int_array[m[Kâ€™; did you mean â€˜[01m[Kas_byte_array[m[Kâ€™?
[6.597s]    37 |       message.data = this->get_parameter("joint__angle_cmd").[01;31m[Kas_int_array[m[K();
[6.598s]       |                                                              [01;31m[K^~~~~~~~~~~~[m[K
[6.599s]       |                                                              [32m[Kas_byte_array[m[K
[8.000s] gmake[2]: *** [CMakeFiles/node2.dir/build.make:76: CMakeFiles/node2.dir/src/node2.cpp.o] Error 1
[8.001s] gmake[1]: *** [CMakeFiles/Makefile2:165: CMakeFiles/node2.dir/all] Error 2
[8.002s] gmake[1]: *** Waiting for unfinished jobs....
[16.220s] [ 75%] [32m[1mLinking CXX executable node1[0m
[17.691s] [ 75%] Built target node1
[17.693s] gmake: *** [Makefile:146: all] Error 2
[17.750s] Invoked command in '/home/ben/robot_snake/build/package1' returned '2': CMAKE_PREFIX_PATH=${CMAKE_PREFIX_PATH}:/home/ben/microros_ws/install/sensor_msgs_py:/opt/ros/humble /usr/bin/cmake --build /home/ben/robot_snake/build/package1 -- -j3 -l3
