[0.031s] Invoking command in '/home/ben/robot_snake/build/package1': CMAKE_PREFIX_PATH=${CMAKE_PREFIX_PATH}:/home/ben/ros2_ws/install/rqt_gui_py:/home/ben/ros2_ws/install/rqt_gui:/home/ben/microros_ws/install/sensor_msgs_py:/opt/ros/humble /usr/bin/cmake --build /home/ben/robot_snake/build/package1 -- -j3 -l3
[0.098s] [35m[1mConsolidate compiler generated dependencies of target node1[0m
[0.120s] [ 50%] Built target node2
[0.145s] [ 75%] [32mBuilding CXX object CMakeFiles/node1.dir/src/node1.cpp.o[0m
[2.414s] [01m[K/home/ben/robot_snake/src/package1/src/node1.cpp:[m[K In function â€˜[01m[Kint main(int, char**)[m[Kâ€™:
[2.414s] [01m[K/home/ben/robot_snake/src/package1/src/node1.cpp:271:13:[m[K [01;31m[Kerror: [m[Kâ€˜[01m[Kon_shutdowm[m[Kâ€™ is not a member of â€˜[01m[Krclcpp[m[Kâ€™; did you mean â€˜[01m[Kon_shutdown[m[Kâ€™?
[2.414s]   271 |     rclcpp::[01;31m[Kon_shutdowm[m[K(shutdown_callback)
[2.414s]       |             [01;31m[K^~~~~~~~~~~[m[K
[2.414s]       |             [32m[Kon_shutdown[m[K
[2.417s] [01m[K/home/ben/robot_snake/src/package1/src/node1.cpp:269:14:[m[K [01;35m[Kwarning: [m[Kunused parameter â€˜[01m[Kargc[m[Kâ€™ [[01;35m[K]8;;https://gcc.gnu.org/onlinedocs/gcc/Warning-Options.html#index-Wunused-parameter-Wunused-parameter]8;;[m[K]
[2.417s]   269 | int main([01;35m[Kint argc[m[K, char **argv)
[2.417s]       |          [01;35m[K~~~~^~~~[m[K
[2.417s] [01m[K/home/ben/robot_snake/src/package1/src/node1.cpp:269:27:[m[K [01;35m[Kwarning: [m[Kunused parameter â€˜[01m[Kargv[m[Kâ€™ [[01;35m[K]8;;https://gcc.gnu.org/onlinedocs/gcc/Warning-Options.html#index-Wunused-parameter-Wunused-parameter]8;;[m[K]
[2.418s]   269 | int main(int argc, [01;35m[Kchar **argv[m[K)
[2.418s]       |                    [01;35m[K~~~~~~~^~~~[m[K
[5.226s] gmake[2]: *** [CMakeFiles/node1.dir/build.make:76: CMakeFiles/node1.dir/src/node1.cpp.o] Error 1
[5.226s] gmake[1]: *** [CMakeFiles/Makefile2:139: CMakeFiles/node1.dir/all] Error 2
[5.226s] gmake: *** [Makefile:146: all] Error 2
[5.231s] Invoked command in '/home/ben/robot_snake/build/package1' returned '2': CMAKE_PREFIX_PATH=${CMAKE_PREFIX_PATH}:/home/ben/ros2_ws/install/rqt_gui_py:/home/ben/ros2_ws/install/rqt_gui:/home/ben/microros_ws/install/sensor_msgs_py:/opt/ros/humble /usr/bin/cmake --build /home/ben/robot_snake/build/package1 -- -j3 -l3
