[ 75%] [32mBuilding CXX object CMakeFiles/node1.dir/src/node1.cpp.o[0m
[ 75%] Built target node2
[01m[K/home/ben/robot_snake/src/package1/src/node1.cpp:[m[K In member function â€˜[01m[Kvoid Node1::get_parameters()[m[Kâ€™:
[01m[K/home/ben/robot_snake/src/package1/src/node1.cpp:204:7:[m[K [01;31m[Kerror: [m[Kâ€˜[01m[Kmanual_control[m[Kâ€™ was not declared in this scope
  204 |       [01;31m[Kmanual_control[m[K = this->get_parameter("manual_control").as_int();
      |       [01;31m[K^~~~~~~~~~~~~~[m[K
[01m[K/home/ben/robot_snake/src/package1/src/node1.cpp:208:7:[m[K [01;31m[Kerror: [m[Kâ€˜[01m[Kmanual_motor_pwm[m[Kâ€™ was not declared in this scope
  208 |       [01;31m[Kmanual_motor_pwm[m[K = this->get_parameter("manual_motor_pwm").as_integer_array();
      |       [01;31m[K^~~~~~~~~~~~~~~~[m[K
gmake[2]: *** [CMakeFiles/node1.dir/build.make:76: CMakeFiles/node1.dir/src/node1.cpp.o] Error 1
gmake[1]: *** [CMakeFiles/Makefile2:139: CMakeFiles/node1.dir/all] Error 2
gmake: *** [Makefile:146: all] Error 2
