[01m[K/home/ben/robot_snake/src/package1/src/node1.cpp:[m[K In function â€˜[01m[Kint main(int, char**)[m[Kâ€™:
[01m[K/home/ben/robot_snake/src/package1/src/node1.cpp:264:20:[m[K [01;31m[Kerror: [m[Kâ€˜[01m[Kis_valid[m[Kâ€™ is not a member of â€˜[01m[Krclcpp[m[Kâ€™
  264 |     while (rclcpp::[01;31m[Kis_valid[m[K(node))
      |                    [01;31m[K^~~~~~~~[m[K
gmake[2]: *** [CMakeFiles/node1.dir/build.make:76: CMakeFiles/node1.dir/src/node1.cpp.o] Error 1
gmake[1]: *** [CMakeFiles/Makefile2:139: CMakeFiles/node1.dir/all] Error 2
gmake: *** [Makefile:146: all] Error 2
