[0.023s] Invoking command in '/home/ben/robot_snake/build/package1': CMAKE_PREFIX_PATH=${CMAKE_PREFIX_PATH}:/home/ben/ros2_ws/install/rqt_gui_py:/home/ben/ros2_ws/install/rqt_gui:/home/ben/microros_ws/install/sensor_msgs_py:/opt/ros/humble /usr/bin/cmake --build /home/ben/robot_snake/build/package1 -- -j3 -l3
[0.089s] [35m[1mConsolidate compiler generated dependencies of target node1[0m
[0.112s] [ 50%] Built target node2
[0.113s] [ 75%] [32mBuilding CXX object CMakeFiles/node1.dir/src/node1.cpp.o[0m
[2.572s] [01m[K/home/ben/robot_snake/src/package1/src/node1.cpp:[m[K In function â€˜[01m[Kvoid shutdown_callback()[m[Kâ€™:
[2.572s] [01m[K/home/ben/robot_snake/src/package1/src/node1.cpp:259:39:[m[K [01;31m[Kerror: [m[Kâ€˜[01m[KNode[m[Kâ€™ was not declared in this scope; did you mean â€˜[01m[Krclcpp::Node[m[Kâ€™?
[2.572s]   259 |          auto node = std::make_shared<[01;31m[KNode[m[K>();
[2.572s]       |                                       [01;31m[K^~~~[m[K
[2.572s]       |                                       [32m[Krclcpp::Node[m[K
[2.573s] In file included from [01m[K/opt/ros/humble/include/rclcpp/rclcpp/executors/single_threaded_executor.hpp:28[m[K,
[2.573s]                  from [01m[K/opt/ros/humble/include/rclcpp/rclcpp/executors.hpp:22[m[K,
[2.573s]                  from [01m[K/opt/ros/humble/include/rclcpp/rclcpp/rclcpp.hpp:155[m[K,
[2.573s]                  from [01m[K/home/ben/robot_snake/src/package1/src/node1.cpp:15[m[K:
[2.573s] [01m[K/opt/ros/humble/include/rclcpp/rclcpp/node.hpp:77:7:[m[K [01;36m[Knote: [m[Kâ€˜[01m[Krclcpp::Node[m[Kâ€™ declared here
[2.574s]    77 | class [01;36m[KNode[m[K : public std::enable_shared_from_this<Node>
[2.574s]       |       [01;36m[K^~~~[m[K
[2.574s] [01m[K/home/ben/robot_snake/src/package1/src/node1.cpp:259:44:[m[K [01;31m[Kerror: [m[Kno matching function for call to â€˜[01m[Kmake_shared<<expression error> >()[m[Kâ€™
[2.574s]   259 |          auto node = [01;31m[Kstd::make_shared<Node>()[m[K;
[2.574s]       |                      [01;31m[K~~~~~~~~~~~~~~~~~~~~~~^~[m[K
[2.574s] In file included from [01m[K/usr/include/c++/11/memory:77[m[K,
[2.574s]                  from [01m[K/home/ben/robot_snake/src/package1/src/node1.cpp:11[m[K:
[2.574s] [01m[K/usr/include/c++/11/bits/shared_ptr.h:875:5:[m[K [01;36m[Knote: [m[Kcandidate: â€˜[01m[Ktemplate<class _Tp, class ... _Args> std::shared_ptr<_Tp> std::make_shared(_Args&& ...)[m[Kâ€™
[2.574s]   875 |     [01;36m[Kmake_shared[m[K(_Args&&... __args)
[2.574s]       |     [01;36m[K^~~~~~~~~~~[m[K
[2.574s] [01m[K/usr/include/c++/11/bits/shared_ptr.h:875:5:[m[K [01;36m[Knote: [m[K  template argument deduction/substitution failed:
[2.575s] [01m[K/home/ben/robot_snake/src/package1/src/node1.cpp:259:44:[m[K [01;31m[Kerror: [m[Ktemplate argument 1 is invalid
[2.575s]   259 |          auto node = [01;31m[Kstd::make_shared<Node>()[m[K;
[2.575s]       |                      [01;31m[K~~~~~~~~~~~~~~~~~~~~~~^~[m[K
[2.575s] [01m[K/home/ben/robot_snake/src/package1/src/node1.cpp:262:85:[m[K [01;31m[Kerror: [m[Kexpected primary-expression before â€˜[01m[K>[m[Kâ€™ token
[2.575s]   262 |         motor_cmd_publisher1 = node->create_publisher<std_msgs::msg::Int32MultiArray[01;31m[K>[m[K("motor_cmd_topic",10);
[2.575s]       |                                                                                     [01;31m[K^[m[K
[2.575s] [01m[K/home/ben/robot_snake/src/package1/src/node1.cpp:262:87:[m[K [01;35m[Kwarning: [m[Kleft operand of comma operator has no effect [[01;35m[K]8;;https://gcc.gnu.org/onlinedocs/gcc/Warning-Options.html#index-Wunused-value-Wunused-value]8;;[m[K]
[2.575s]   262 |         motor_cmd_publisher1 = node->create_publisher<std_msgs::msg::Int32MultiArray>([01;35m[K"motor_cmd_topic"[m[K,10);
[2.575s]       |                                                                                       [01;35m[K^~~~~~~~~~~~~~~~~[m[K
[5.089s] gmake[2]: *** [CMakeFiles/node1.dir/build.make:76: CMakeFiles/node1.dir/src/node1.cpp.o] Error 1
[5.090s] gmake[1]: *** [CMakeFiles/Makefile2:139: CMakeFiles/node1.dir/all] Error 2
[5.090s] gmake: *** [Makefile:146: all] Error 2
[5.092s] Invoked command in '/home/ben/robot_snake/build/package1' returned '2': CMAKE_PREFIX_PATH=${CMAKE_PREFIX_PATH}:/home/ben/ros2_ws/install/rqt_gui_py:/home/ben/ros2_ws/install/rqt_gui:/home/ben/microros_ws/install/sensor_msgs_py:/opt/ros/humble /usr/bin/cmake --build /home/ben/robot_snake/build/package1 -- -j3 -l3
