[ 50%] Built target node2
[ 75%] [32mBuilding CXX object CMakeFiles/node1.dir/src/node1.cpp.o[0m
[01m[K/home/ben/robot_snake/src/package1/src/node1.cpp:[m[K In member function â€˜[01m[Kvoid Node1::controller()[m[Kâ€™:
[01m[K/home/ben/robot_snake/src/package1/src/node1.cpp:68:11:[m[K [01;31m[Kerror: [m[Kâ€˜[01m[KRCLCPP_EROR[m[Kâ€™ was not declared in this scope; did you mean â€˜[01m[KRCLCPP_ERROR[m[Kâ€™?
   68 |           [01;31m[KRCLCPP_EROR[m[K(this->get_logger(), " TENSION TOO HIGH  \n",motor_cmd_val[0]);
      |           [01;31m[K^~~~~~~~~~~[m[K
      |           [32m[KRCLCPP_ERROR[m[K
gmake[2]: *** [CMakeFiles/node1.dir/build.make:76: CMakeFiles/node1.dir/src/node1.cpp.o] Error 1
gmake[1]: *** [CMakeFiles/Makefile2:139: CMakeFiles/node1.dir/all] Error 2
gmake: *** [Makefile:146: all] Error 2
