[0.047s] Invoking command in '/home/ben/robot_snake/build/package1': CMAKE_PREFIX_PATH=${CMAKE_PREFIX_PATH}:/home/ben/microros_ws/install/sensor_msgs_py:/opt/ros/humble /usr/bin/cmake --build /home/ben/robot_snake/build/package1 -- -j3 -l3
[0.186s] [ 50%] Built target node2
[0.193s] [ 75%] [32mBuilding CXX object CMakeFiles/node1.dir/src/node1.cpp.o[0m
[3.787s] [01m[K/home/ben/robot_snake/src/package1/src/node1.cpp:[m[K In member function â€˜[01m[Kvoid Node1::controller()[m[Kâ€™:
[3.787s] [01m[K/home/ben/robot_snake/src/package1/src/node1.cpp:68:11:[m[K [01;31m[Kerror: [m[Kâ€˜[01m[KRCLCPP_EROR[m[Kâ€™ was not declared in this scope; did you mean â€˜[01m[KRCLCPP_ERROR[m[Kâ€™?
[3.788s]    68 |           [01;31m[KRCLCPP_EROR[m[K(this->get_logger(), " TENSION TOO HIGH  \n",motor_cmd_val[0]);
[3.788s]       |           [01;31m[K^~~~~~~~~~~[m[K
[3.788s]       |           [32m[KRCLCPP_ERROR[m[K
[7.319s] gmake[2]: *** [CMakeFiles/node1.dir/build.make:76: CMakeFiles/node1.dir/src/node1.cpp.o] Error 1
[7.319s] gmake[1]: *** [CMakeFiles/Makefile2:139: CMakeFiles/node1.dir/all] Error 2
[7.319s] gmake: *** [Makefile:146: all] Error 2
[7.322s] Invoked command in '/home/ben/robot_snake/build/package1' returned '2': CMAKE_PREFIX_PATH=${CMAKE_PREFIX_PATH}:/home/ben/microros_ws/install/sensor_msgs_py:/opt/ros/humble /usr/bin/cmake --build /home/ben/robot_snake/build/package1 -- -j3 -l3
