[35m[1mConsolidate compiler generated dependencies of target node1[0m
[ 50%] Built target node2
[ 75%] [32mBuilding CXX object CMakeFiles/node1.dir/src/node1.cpp.o[0m
[01m[K/home/ben/robot_snake/src/package1/src/node1.cpp:[m[K In member function â€˜[01m[Kvoid Node1::get_parameters()[m[Kâ€™:
[01m[K/home/ben/robot_snake/src/package1/src/node1.cpp:208:66:[m[K [01;31m[Kerror: [m[Kâ€˜[01m[Kclass rclcpp::Parameter[m[Kâ€™ has no member named â€˜[01m[Kas_int_array[m[Kâ€™; did you mean â€˜[01m[Kas_byte_array[m[Kâ€™?
  208 |       manual_motor_pwm = this->get_parameter("manual_motor_pwm").[01;31m[Kas_int_array[m[K();
      |                                                                  [01;31m[K^~~~~~~~~~~~[m[K
      |                                                                  [32m[Kas_byte_array[m[K
gmake[2]: *** [CMakeFiles/node1.dir/build.make:76: CMakeFiles/node1.dir/src/node1.cpp.o] Error 1
gmake[1]: *** [CMakeFiles/Makefile2:139: CMakeFiles/node1.dir/all] Error 2
gmake: *** [Makefile:146: all] Error 2
