[0.013s] Invoking command in '/home/ben/robot_snake/build/package1': CMAKE_PREFIX_PATH=${CMAKE_PREFIX_PATH}:/opt/ros/humble /usr/bin/cmake --build /home/ben/robot_snake/build/package1 -- -j12 -l12
[0.043s] [35m[1mConsolidate compiler generated dependencies of target node1[0m
[0.052s] [ 50%] Built target node2
[0.056s] [ 75%] [32mBuilding CXX object CMakeFiles/node1.dir/src/node1.cpp.o[0m
[2.214s] [01m[K/home/ben/robot_snake/src/package1/src/node1.cpp:[m[K In member function â€˜[01m[Kvoid Node1::get_parameters()[m[Kâ€™:
[2.214s] [01m[K/home/ben/robot_snake/src/package1/src/node1.cpp:208:66:[m[K [01;31m[Kerror: [m[Kâ€˜[01m[Kclass rclcpp::Parameter[m[Kâ€™ has no member named â€˜[01m[Kas_int_array[m[Kâ€™; did you mean â€˜[01m[Kas_byte_array[m[Kâ€™?
[2.214s]   208 |       manual_motor_pwm = this->get_parameter("manual_motor_pwm").[01;31m[Kas_int_array[m[K();
[2.215s]       |                                                                  [01;31m[K^~~~~~~~~~~~[m[K
[2.215s]       |                                                                  [32m[Kas_byte_array[m[K
[4.768s] gmake[2]: *** [CMakeFiles/node1.dir/build.make:76: CMakeFiles/node1.dir/src/node1.cpp.o] Error 1
[4.768s] gmake[1]: *** [CMakeFiles/Makefile2:139: CMakeFiles/node1.dir/all] Error 2
[4.768s] gmake: *** [Makefile:146: all] Error 2
[4.770s] Invoked command in '/home/ben/robot_snake/build/package1' returned '2': CMAKE_PREFIX_PATH=${CMAKE_PREFIX_PATH}:/opt/ros/humble /usr/bin/cmake --build /home/ben/robot_snake/build/package1 -- -j12 -l12
