[0.026s] Invoking command in '/home/ben/robot_snake/build/package1': CMAKE_PREFIX_PATH=${CMAKE_PREFIX_PATH}:/home/ben/ros2_ws/install/rqt_gui_py:/home/ben/ros2_ws/install/rqt_gui:/home/ben/microros_ws/install/sensor_msgs_py:/opt/ros/humble /usr/bin/cmake --build /home/ben/robot_snake/build/package1 -- -j3 -l3
[0.118s] [35m[1mConsolidate compiler generated dependencies of target node1[0m
[0.157s] [ 25%] [32mBuilding CXX object CMakeFiles/node1.dir/src/node1.cpp.o[0m
[0.159s] [ 75%] Built target node2
[2.805s] [01m[K/home/ben/robot_snake/src/package1/src/node1.cpp:[m[K In function â€˜[01m[Kvoid shutdown_callback(std::shared_ptr<Node1>)[m[Kâ€™:
[2.805s] [01m[K/home/ben/robot_snake/src/package1/src/node1.cpp:257:53:[m[K [01;35m[Kwarning: [m[Kunused parameter â€˜[01m[Knode[m[Kâ€™ [[01;35m[K]8;;https://gcc.gnu.org/onlinedocs/gcc/Warning-Options.html#index-Wunused-parameter-Wunused-parameter]8;;[m[K]
[2.805s]   257 | void shutdown_callback([01;35m[Kconst std::shared_ptr<Node1> node[m[K)
[2.805s]       |                        [01;35m[K~~~~~~~~~~~~~~~~~~~~~~~~~~~~~^~~~[m[K
[2.805s] [01m[K/home/ben/robot_snake/src/package1/src/node1.cpp:[m[K In function â€˜[01m[Kint main(int, char**)[m[Kâ€™:
[2.805s] [01m[K/home/ben/robot_snake/src/package1/src/node1.cpp:273:25:[m[K [01;31m[Kerror: [m[Kcould not convert â€˜[01m[Kshutdown_callback[m[Kâ€™ from â€˜[01m[Kvoid (*)(std::shared_ptr<Node1>)[m[Kâ€™ to â€˜[01m[Kstd::function<void()>[m[Kâ€™
[2.806s]   273 |     rclcpp::on_shutdown([01;31m[Kshutdown_callback[m[K);
[2.806s]       |                         [01;31m[K^~~~~~~~~~~~~~~~~[m[K
[2.806s]       |                         [01;31m[K|[m[K
[2.806s]       |                         [01;31m[Kvoid (*)(std::shared_ptr<Node1>)[m[K
[5.537s] gmake[2]: *** [CMakeFiles/node1.dir/build.make:76: CMakeFiles/node1.dir/src/node1.cpp.o] Error 1
[5.537s] gmake[1]: *** [CMakeFiles/Makefile2:139: CMakeFiles/node1.dir/all] Error 2
[5.537s] gmake: *** [Makefile:146: all] Error 2
[5.540s] Invoked command in '/home/ben/robot_snake/build/package1' returned '2': CMAKE_PREFIX_PATH=${CMAKE_PREFIX_PATH}:/home/ben/ros2_ws/install/rqt_gui_py:/home/ben/ros2_ws/install/rqt_gui:/home/ben/microros_ws/install/sensor_msgs_py:/opt/ros/humble /usr/bin/cmake --build /home/ben/robot_snake/build/package1 -- -j3 -l3
