[0.032s] Invoking command in '/home/ben/robot_snake/build/package1': CMAKE_PREFIX_PATH=${CMAKE_PREFIX_PATH}:/home/ben/microros_ws/install/sensor_msgs_py:/opt/ros/humble /usr/bin/cmake --build /home/ben/robot_snake/build/package1 -- -j3 -l3
[0.135s] [35m[1mConsolidate compiler generated dependencies of target node1[0m
[0.152s] [ 50%] Built target node2
[0.179s] [ 75%] [32mBuilding CXX object CMakeFiles/node1.dir/src/node1.cpp.o[0m
[2.751s] [01m[K/home/ben/robot_snake/src/package1/src/node1.cpp:[m[K In member function â€˜[01m[Kvoid Node1::controller()[m[Kâ€™:
[2.751s] [01m[K/home/ben/robot_snake/src/package1/src/node1.cpp:78:30:[m[K [01;31m[Kerror: [m[Kinvalid operands of types â€˜[01m[K__gnu_cxx::__alloc_traits<std::allocator<double>, double>::value_type[m[Kâ€™ {aka â€˜[01m[Kdouble[m[Kâ€™} and â€˜[01m[Kfloat [12][m[Kâ€™ to binary â€˜[01m[Koperator*[m[Kâ€™
[2.751s]    78 |                        ki_[0]*error_sum_;
[5.311s] gmake[2]: *** [CMakeFiles/node1.dir/build.make:76: CMakeFiles/node1.dir/src/node1.cpp.o] Error 1
[5.311s] gmake[1]: *** [CMakeFiles/Makefile2:139: CMakeFiles/node1.dir/all] Error 2
[5.312s] gmake: *** [Makefile:146: all] Error 2
[5.313s] Invoked command in '/home/ben/robot_snake/build/package1' returned '2': CMAKE_PREFIX_PATH=${CMAKE_PREFIX_PATH}:/home/ben/microros_ws/install/sensor_msgs_py:/opt/ros/humble /usr/bin/cmake --build /home/ben/robot_snake/build/package1 -- -j3 -l3
