[0.042s] Invoking command in '/home/ben/robot_snake/build/package1': CMAKE_PREFIX_PATH=${CMAKE_PREFIX_PATH}:/home/ben/ros2_ws/install/rqt_gui_py:/home/ben/ros2_ws/install/rqt_gui:/home/ben/microros_ws/install/sensor_msgs_py:/opt/ros/humble /usr/bin/cmake --build /home/ben/robot_snake/build/package1 -- -j3 -l3
[0.280s] [ 25%] [32mBuilding CXX object CMakeFiles/node1.dir/src/node1.cpp.o[0m
[9.356s] [01m[K/home/ben/robot_snake/src/package1/src/node1.cpp:[m[K In member function â€˜[01m[Kvoid Node1::controller()[m[Kâ€™:
[9.356s] [01m[K/home/ben/robot_snake/src/package1/src/node1.cpp:158:7:[m[K [01;35m[Kwarning: [m[Kthis â€˜[01m[Kfor[m[Kâ€™ clause does not guard... [[01;35m[K]8;;https://gcc.gnu.org/onlinedocs/gcc/Warning-Options.html#index-Wmisleading-indentation-Wmisleading-indentation]8;;[m[K]
[9.356s]   158 |       [01;35m[Kfor[m[K(int i=0;i<3;i++)
[9.356s]       |       [01;35m[K^~~[m[K
[9.356s] [01m[K/home/ben/robot_snake/src/package1/src/node1.cpp:162:8:[m[K [01;36m[Knote: [m[K...this statement, but the latter is misleadingly indented as if it were guarded by the â€˜[01m[Kfor[m[Kâ€™
[9.356s]   162 |        [01;36m[K--[m[K---TENSION CHECK-------
[9.356s]       |        [01;36m[K^~[m[K
[9.367s] [01m[K/home/ben/robot_snake/src/package1/src/node1.cpp:162:13:[m[K [01;31m[Kerror: [m[Kâ€˜[01m[KTENSION[m[Kâ€™ was not declared in this scope; did you mean â€˜[01m[KENXIO[m[Kâ€™?
[9.367s]   162 |        -----[01;31m[KTENSION[m[K CHECK-------
[9.367s]       |             [01;31m[K^~~~~~~[m[K
[9.368s]       |             [32m[KENXIO[m[K
[19.640s] gmake[2]: *** [CMakeFiles/node1.dir/build.make:76: CMakeFiles/node1.dir/src/node1.cpp.o] Error 1
[19.641s] gmake[1]: *** [CMakeFiles/Makefile2:139: CMakeFiles/node1.dir/all] Error 2
[19.641s] gmake: *** [Makefile:146: all] Error 2
[19.654s] Invoked command in '/home/ben/robot_snake/build/package1' returned '2': CMAKE_PREFIX_PATH=${CMAKE_PREFIX_PATH}:/home/ben/ros2_ws/install/rqt_gui_py:/home/ben/ros2_ws/install/rqt_gui:/home/ben/microros_ws/install/sensor_msgs_py:/opt/ros/humble /usr/bin/cmake --build /home/ben/robot_snake/build/package1 -- -j3 -l3
