[01m[K/home/ben/robot_snake/src/package1/src/node1.cpp:152:9:[m[K [01;31m[Kerror: [m[Kâ€˜[01m[Kmotor_cmd_publisher_[m[Kâ€™ does not name a type
  152 |         [01;31m[Kmotor_cmd_publisher_[m[K->publish(message); //publish pwm output to motors
      |         [01;31m[K^~~~~~~~~~~~~~~~~~~~[m[K
[01m[K/home/ben/robot_snake/src/package1/src/node1.cpp:154:6:[m[K [01;31m[Kerror: [m[Kexpected â€˜[01m[K;[m[Kâ€™ after class definition
  154 |     }
      |      [01;31m[K^[m[K
      |      [32m[K;[m[K
[01m[K/home/ben/robot_snake/src/package1/src/node1.cpp:[m[K In constructor â€˜[01m[KNode1::Node1()[m[Kâ€™:
[01m[K/home/ben/robot_snake/src/package1/src/node1.cpp:44:21:[m[K [01;31m[Kerror: [m[Kno matching function for call to â€˜[01m[KNode1::get_parameters()[m[Kâ€™
   44 |       [01;31m[Kget_parameters()[m[K; // set and get the parameters
      |       [01;31m[K~~~~~~~~~~~~~~^~[m[K
In file included from [01m[K/opt/ros/humble/include/rclcpp/rclcpp/executors/single_threaded_executor.hpp:28[m[K,
                 from [01m[K/opt/ros/humble/include/rclcpp/rclcpp/executors.hpp:22[m[K,
                 from [01m[K/opt/ros/humble/include/rclcpp/rclcpp/rclcpp.hpp:155[m[K,
                 from [01m[K/home/ben/robot_snake/src/package1/src/node1.cpp:19[m[K:
[01m[K/opt/ros/humble/include/rclcpp/rclcpp/node.hpp:786:3:[m[K [01;36m[Knote: [m[Kcandidate: â€˜[01m[Ktemplate<class ParameterT> bool rclcpp::Node::get_parameters(const string&, std::map<std::__cxx11::basic_string<char>, ParameterT>&) const[m[Kâ€™
  786 |   [01;36m[Kget_parameters[m[K(
      |   [01;36m[K^~~~~~~~~~~~~~[m[K
[01m[K/opt/ros/humble/include/rclcpp/rclcpp/node.hpp:786:3:[m[K [01;36m[Knote: [m[K  template argument deduction/substitution failed:
[01m[K/home/ben/robot_snake/src/package1/src/node1.cpp:44:21:[m[K [01;36m[Knote: [m[K  candidate expects 2 arguments, 0 provided
   44 |       [01;36m[Kget_parameters()[m[K; // set and get the parameters
      |       [01;36m[K~~~~~~~~~~~~~~^~[m[K
In file included from [01m[K/opt/ros/humble/include/rclcpp/rclcpp/executors/single_threaded_executor.hpp:28[m[K,
                 from [01m[K/opt/ros/humble/include/rclcpp/rclcpp/executors.hpp:22[m[K,
                 from [01m[K/opt/ros/humble/include/rclcpp/rclcpp/rclcpp.hpp:155[m[K,
                 from [01m[K/home/ben/robot_snake/src/package1/src/node1.cpp:19[m[K:
[01m[K/opt/ros/humble/include/rclcpp/rclcpp/node.hpp:745:3:[m[K [01;36m[Knote: [m[Kcandidate: â€˜[01m[Kstd::vector<rclcpp::Parameter> rclcpp::Node::get_parameters(const std::vector<std::__cxx11::basic_string<char> >&) const[m[Kâ€™
  745 |   [01;36m[Kget_parameters[m[K(const std::vector<std::string> & names) const;
      |   [01;36m[K^~~~~~~~~~~~~~[m[K
[01m[K/opt/ros/humble/include/rclcpp/rclcpp/node.hpp:745:3:[m[K [01;36m[Knote: [m[K  candidate expects 1 argument, 0 provided
[01m[K/home/ben/robot_snake/src/package1/src/node1.cpp:47:6:[m[K [01;31m[Kerror: [m[Kâ€˜[01m[Kjoint_val_subscriber_[m[Kâ€™ was not declared in this scope; did you mean â€˜[01m[Kcount_subscribers[m[Kâ€™?
   47 |      [01;31m[Kjoint_val_subscriber_[m[K = this->create_subscription<std_msgs::msg::Float32MultiArray>(
      |      [01;31m[K^~~~~~~~~~~~~~~~~~~~~[m[K
      |      [32m[Kcount_subscribers[m[K
[01m[K/home/ben/robot_snake/src/package1/src/node1.cpp:50:5:[m[K [01;31m[Kerror: [m[Kâ€˜[01m[Ktension_val_subscriber_[m[Kâ€™ was not declared in this scope
   50 |     [01;31m[Ktension_val_subscriber_[m[K = this->create_subscription<std_msgs::msg::Float32MultiArray>(
      |     [01;31m[K^~~~~~~~~~~~~~~~~~~~~~~[m[K
[01m[K/home/ben/robot_snake/src/package1/src/node1.cpp:51:50:[m[K [01;31m[Kerror: [m[Kâ€˜[01m[Ktension_val_callback[m[Kâ€™ is not a member of â€˜[01m[KNode1[m[Kâ€™
   51 |       "tension_val_topic", 10, std::bind(&Node1::[01;31m[Ktension_val_callback[m[K, this, _1));
      |                                                  [01;31m[K^~~~~~~~~~~~~~~~~~~~[m[K
[01m[K/home/ben/robot_snake/src/package1/src/node1.cpp:53:5:[m[K [01;31m[Kerror: [m[Kâ€˜[01m[Kjoint_cmd_subscriber_[m[Kâ€™ was not declared in this scope; did you mean â€˜[01m[Kcount_subscribers[m[Kâ€™?
   53 |     [01;31m[Kjoint_cmd_subscriber_[m[K = this->create_subscription<std_msgs::msg::Float32MultiArray>(
      |     [01;31m[K^~~~~~~~~~~~~~~~~~~~~[m[K
      |     [32m[Kcount_subscribers[m[K
[01m[K/home/ben/robot_snake/src/package1/src/node1.cpp:56:6:[m[K [01;31m[Kerror: [m[Kâ€˜[01m[Kmotor_cmd_publisher_[m[Kâ€™ was not declared in this scope
   56 |      [01;31m[Kmotor_cmd_publisher_[m[K = this->create_publisher<std_msgs::msg::Int32MultiArray>("motor_cmd_topic",10);
      |      [01;31m[K^~~~~~~~~~~~~~~~~~~~[m[K
[01m[K/home/ben/robot_snake/src/package1/src/node1.cpp:57:5:[m[K [01;31m[Kerror: [m[Kâ€˜[01m[Kcontroller_[m[Kâ€™ was not declared in this scope; did you mean â€˜[01m[Kcontroller[m[Kâ€™?
   57 |     [01;31m[Kcontroller_[m[K = this->create_wall_timer(std::chrono::milliseconds((int)(1/controller_freq_*1000)), std::bind(&Node1::controller, this)); //publish motor cmd every second
      |     [01;31m[K^~~~~~~~~~~[m[K
      |     [32m[Kcontroller[m[K
[01m[K/home/ben/robot_snake/src/package1/src/node1.cpp:57:77:[m[K [01;31m[Kerror: [m[Kâ€˜[01m[Kcontroller_freq_[m[Kâ€™ was not declared in this scope; did you mean â€˜[01m[Kcontroller[m[Kâ€™?
   57 |     controller_ = this->create_wall_timer(std::chrono::milliseconds((int)(1/[01;31m[Kcontroller_freq_[m[K*1000)), std::bind(&Node1::controller, this)); //publish motor cmd every second
      |                                                                             [01;31m[K^~~~~~~~~~~~~~~~[m[K
      |                                                                             [32m[Kcontroller[m[K
[01m[K/home/ben/robot_snake/src/package1/src/node1.cpp:[m[K In member function â€˜[01m[Kvoid Node1::joint_val_callback(std_msgs::msg::Float32MultiArray)[m[Kâ€™:
[01m[K/home/ben/robot_snake/src/package1/src/node1.cpp:72:28:[m[K [01;31m[Kerror: [m[Kâ€˜[01m[Kcurrent_enc_val[m[Kâ€™ was not declared in this scope
   72 |         if(abs(msg.data[i]-[01;31m[Kcurrent_enc_val[m[K[i])<TENSION_MAX_IMPULSE) // tension gauge has some errors and and can return a big impulse
      |                            [01;31m[K^~~~~~~~~~~~~~~[m[K
[01m[K/home/ben/robot_snake/src/package1/src/node1.cpp:75:9:[m[K [01;31m[Kerror: [m[Kâ€˜[01m[Kjoint_time_between_callbacks[m[Kâ€™ was not declared in this scope
   75 |         [01;31m[Kjoint_time_between_callbacks[m[K=0;
      |         [01;31m[K^~~~~~~~~~~~~~~~~~~~~~~~~~~~[m[K
[01m[K/home/ben/robot_snake/src/package1/src/node1.cpp:[m[K In member function â€˜[01m[Kvoid Node1::joint_cmd_callback(std_msgs::msg::Float32MultiArray)[m[Kâ€™:
[01m[K/home/ben/robot_snake/src/package1/src/node1.cpp:85:9:[m[K [01;31m[Kerror: [m[Kâ€˜[01m[Kjoint_cmd_val[m[Kâ€™ was not declared in this scope; did you mean â€˜[01m[Kjoint_cmd_callback[m[Kâ€™?
   85 |         [01;31m[Kjoint_cmd_val[m[K[i]=msg.data[i];
      |         [01;31m[K^~~~~~~~~~~~~[m[K
      |         [32m[Kjoint_cmd_callback[m[K
[01m[K/home/ben/robot_snake/src/package1/src/node1.cpp:[m[K In member function â€˜[01m[Kvoid Node1::controller()[m[Kâ€™:
[01m[K/home/ben/robot_snake/src/package1/src/node1.cpp:96:12:[m[K [01;31m[Kerror: [m[Kâ€˜[01m[Kjoint_time_between_callbacks[m[Kâ€™ was not declared in this scope
   96 |         if([01;31m[Kjoint_time_between_callbacks[m[K>1000*MAX_TIME_BETWEEN_CALLBACKS*controller_freq_||
      |            [01;31m[K^~~~~~~~~~~~~~~~~~~~~~~~~~~~[m[K
[01m[K/home/ben/robot_snake/src/package1/src/node1.cpp:96:73:[m[K [01;31m[Kerror: [m[Kâ€˜[01m[Kcontroller_freq_[m[Kâ€™ was not declared in this scope; did you mean â€˜[01m[Kcontroller[m[Kâ€™?
   96 |         if(joint_time_between_callbacks>1000*MAX_TIME_BETWEEN_CALLBACKS*[01;31m[Kcontroller_freq_[m[K||
      |                                                                         [01;31m[K^~~~~~~~~~~~~~~~[m[K
      |                                                                         [32m[Kcontroller[m[K
[01m[K/home/ben/robot_snake/src/package1/src/node1.cpp:97:12:[m[K [01;31m[Kerror: [m[Kâ€˜[01m[Ktension_time_between_callbacks[m[Kâ€™ was not declared in this scope
   97 |            [01;31m[Ktension_time_between_callbacks[m[K>1000*MAX_TIME_BETWEEN_CALLBACKS*controller_freq_){
      |            [01;31m[K^~~~~~~~~~~~~~~~~~~~~~~~~~~~~~[m[K
[01m[K/home/ben/robot_snake/src/package1/src/node1.cpp:101:9:[m[K [01;31m[Kerror: [m[Kâ€˜[01m[Kjoint_time_between_callbacks[m[Kâ€™ was not declared in this scope
  101 |         [01;31m[Kjoint_time_between_callbacks[m[K++;
      |         [01;31m[K^~~~~~~~~~~~~~~~~~~~~~~~~~~~[m[K
[01m[K/home/ben/robot_snake/src/package1/src/node1.cpp:102:9:[m[K [01;31m[Kerror: [m[Kâ€˜[01m[Ktension_time_between_callbacks[m[Kâ€™ was not declared in this scope
  102 |         [01;31m[Ktension_time_between_callbacks[m[K++;
      |         [01;31m[K^~~~~~~~~~~~~~~~~~~~~~~~~~~~~~[m[K
[01m[K/home/ben/robot_snake/src/package1/src/node1.cpp:105:9:[m[K [01;31m[Kerror: [m[Kâ€˜[01m[Klast_error[m[Kâ€™ was not declared in this scope; did you mean â€˜[01m[Kstrerror[m[Kâ€™?
  105 |         [01;31m[Klast_error[m[K[i]=error[i];
      |         [01;31m[K^~~~~~~~~~[m[K
      |         [32m[Kstrerror[m[K
[01m[K/home/ben/robot_snake/src/package1/src/node1.cpp:105:23:[m[K [01;31m[Kerror: [m[Kâ€˜[01m[Kerror[m[Kâ€™ was not declared in this scope; did you mean â€˜[01m[Kperror[m[Kâ€™?
  105 |         last_error[i]=[01;31m[Kerror[m[K[i];
      |                       [01;31m[K^~~~~[m[K
      |                       [32m[Kperror[m[K
[01m[K/home/ben/robot_snake/src/package1/src/node1.cpp:107:28:[m[K [01;31m[Kerror: [m[Kâ€˜[01m[Kjoint_cmd_val[m[Kâ€™ was not declared in this scope; did you mean â€˜[01m[Kjoint_cmd_callback[m[Kâ€™?
  107 |           case 0: error[i]=[01;31m[Kjoint_cmd_val[m[K[enc_z_]-current_enc_val[enc_z_];
      |                            [01;31m[K^~~~~~~~~~~~~[m[K
      |                            [32m[Kjoint_cmd_callback[m[K
[01m[K/home/ben/robot_snake/src/package1/src/node1.cpp:107:42:[m[K [01;31m[Kerror: [m[Kâ€˜[01m[Kenc_z_[m[Kâ€™ was not declared in this scope
  107 |           case 0: error[i]=joint_cmd_val[[01;31m[Kenc_z_[m[K]-current_enc_val[enc_z_];
      |                                          [01;31m[K^~~~~~[m[K
[01m[K/home/ben/robot_snake/src/package1/src/node1.cpp:107:50:[m[K [01;31m[Kerror: [m[Kâ€˜[01m[Kcurrent_enc_val[m[Kâ€™ was not declared in this scope
  107 |           case 0: error[i]=joint_cmd_val[enc_z_]-[01;31m[Kcurrent_enc_val[m[K[enc_z_];
      |                                                  [01;31m[K^~~~~~~~~~~~~~~[m[K
[01m[K/home/ben/robot_snake/src/package1/src/node1.cpp:110:57:[m[K [01;31m[Kerror: [m[Kâ€˜[01m[Kcurrent_tension_val[m[Kâ€™ was not declared in this scope
  110 |           case 1: error[i]=CONSTANT_TENSION_ON_STRING_2-[01;31m[Kcurrent_tension_val[m[K[i];
      |                                                         [01;31m[K^~~~~~~~~~~~~~~~~~~[m[K
[01m[K/home/ben/robot_snake/src/package1/src/node1.cpp:112:42:[m[K [01;31m[Kerror: [m[Kâ€˜[01m[Kenc_y_[m[Kâ€™ was not declared in this scope
  112 |           case 2: error[i]=joint_cmd_val[[01;31m[Kenc_y_[m[K]-current_enc_val[enc_y_];
      |                                          [01;31m[K^~~~~~[m[K
[01m[K/home/ben/robot_snake/src/package1/src/node1.cpp:116:12:[m[K [01;31m[Kerror: [m[Kâ€˜[01m[KisErrorSameSign[m[Kâ€™ was not declared in this scope
  116 |         if([01;31m[KisErrorSameSign[m[K(error[i],last_error[i])==false) //if error changed sign integrator should be 0 so we wont get windup
      |            [01;31m[K^~~~~~~~~~~~~~~[m[K
[01m[K/home/ben/robot_snake/src/package1/src/node1.cpp:117:11:[m[K [01;31m[Kerror: [m[Kâ€˜[01m[Kerror_sum_[m[Kâ€™ was not declared in this scope; did you mean â€˜[01m[Kerror_t[m[Kâ€™?
  117 |           [01;31m[Kerror_sum_[m[K[i]=0;
      |           [01;31m[K^~~~~~~~~~[m[K
      |           [32m[Kerror_t[m[K
[01m[K/home/ben/robot_snake/src/package1/src/node1.cpp:118:12:[m[K [01;31m[Kerror: [m[Kâ€˜[01m[Ksaturation_flag[m[Kâ€™ was not declared in this scope
  118 |         if([01;31m[Ksaturation_flag[m[K[i]==false) //while we are in saturation dont sum the integrator so we wont get windup
      |            [01;31m[K^~~~~~~~~~~~~~~[m[K
[01m[K/home/ben/robot_snake/src/package1/src/node1.cpp:119:11:[m[K [01;31m[Kerror: [m[Kâ€˜[01m[Kerror_sum_[m[Kâ€™ was not declared in this scope; did you mean â€˜[01m[Kerror_t[m[Kâ€™?
  119 |           [01;31m[Kerror_sum_[m[K[i]+=error[i];
      |           [01;31m[K^~~~~~~~~~[m[K
      |           [32m[Kerror_t[m[K
[01m[K/home/ben/robot_snake/src/package1/src/node1.cpp:120:9:[m[K [01;31m[Kerror: [m[Kâ€˜[01m[Kmotor_cmd_val[m[Kâ€™ was not declared in this scope
  120 |         [01;31m[Kmotor_cmd_val[m[K[i]=kp_[i]*(error[i])+ // pid controll to publish the right motor cmd
      |         [01;31m[K^~~~~~~~~~~~~[m[K
[01m[K/home/ben/robot_snake/src/package1/src/node1.cpp:120:26:[m[K [01;31m[Kerror: [m[Kâ€˜[01m[Kkp_[m[Kâ€™ was not declared in this scope
  120 |         motor_cmd_val[i]=[01;31m[Kkp_[m[K[i]*(error[i])+ // pid controll to publish the right motor cmd
      |                          [01;31m[K^~~[m[K
[01m[K/home/ben/robot_snake/src/package1/src/node1.cpp:121:25:[m[K [01;31m[Kerror: [m[Kâ€˜[01m[Kkd_[m[Kâ€™ was not declared in this scope
  121 |                         [01;31m[Kkd_[m[K[i]*(error[i]-last_error[i])+
      |                         [01;31m[K^~~[m[K
[01m[K/home/ben/robot_snake/src/package1/src/node1.cpp:122:25:[m[K [01;31m[Kerror: [m[Kâ€˜[01m[Kki_[m[Kâ€™ was not declared in this scope
  122 |                         [01;31m[Kki_[m[K[i]*error_sum_[i];
      |                         [01;31m[K^~~[m[K
[01m[K/home/ben/robot_snake/src/package1/src/node1.cpp:122:32:[m[K [01;31m[Kerror: [m[Kâ€˜[01m[Kerror_sum_[m[Kâ€™ was not declared in this scope; did you mean â€˜[01m[Kerror_t[m[Kâ€™?
  122 |                         ki_[i]*[01;31m[Kerror_sum_[m[K[i];
      |                                [01;31m[K^~~~~~~~~~[m[K
      |                                [32m[Kerror_t[m[K
[01m[K/home/ben/robot_snake/src/package1/src/node1.cpp:123:29:[m[K [01;31m[Kerror: [m[Kâ€˜[01m[Kmax_pwm_[m[Kâ€™ was not declared in this scope
  123 |         if(motor_cmd_val[i]>[01;31m[Kmax_pwm_[m[K){ //motor command limitation
      |                             [01;31m[K^~~~~~~~[m[K
[01m[K/home/ben/robot_snake/src/package1/src/node1.cpp:125:11:[m[K [01;31m[Kerror: [m[Kâ€˜[01m[Ksaturation_flag[m[Kâ€™ was not declared in this scope
  125 |           [01;31m[Ksaturation_flag[m[K[i]=1;
      |           [01;31m[K^~~~~~~~~~~~~~~[m[K
[01m[K/home/ben/robot_snake/src/package1/src/node1.cpp:130:13:[m[K [01;31m[Kerror: [m[Kâ€˜[01m[Ksaturation_flag[m[Kâ€™ was not declared in this scope
  130 |             [01;31m[Ksaturation_flag[m[K[i]=1;
      |             [01;31m[K^~~~~~~~~~~~~~~[m[K
[01m[K/home/ben/robot_snake/src/package1/src/node1.cpp:133:13:[m[K [01;31m[Kerror: [m[Kâ€˜[01m[Ksaturation_flag[m[Kâ€™ was not declared in this scope
  133 |             [01;31m[Ksaturation_flag[m[K[i]=0;
      |             [01;31m[K^~~~~~~~~~~~~~~[m[K
[01m[K/home/ben/robot_snake/src/package1/src/node1.cpp:141:34:[m[K [01;31m[Kerror: [m[Kâ€˜[01m[Kmotor_cmd_val[m[Kâ€™ was not declared in this scope
  141 |         message.data[i]=(int32_t)[01;31m[Kmotor_cmd_val[m[K[i];
      |                                  [01;31m[K^~~~~~~~~~~~~[m[K
[01m[K/home/ben/robot_snake/src/package1/src/node1.cpp:[m[K In function â€˜[01m[Kvoid tension_val_callback(std_msgs::msg::Float32MultiArray)[m[Kâ€™:
[01m[K/home/ben/robot_snake/src/package1/src/node1.cpp:175:28:[m[K [01;31m[Kerror: [m[Kâ€˜[01m[Kcurrent_tension_val[m[Kâ€™ was not declared in this scope
  175 |         if(abs(msg.data[i]-[01;31m[Kcurrent_tension_val[m[K[i])<TENSION_MAX_IMPULSE) // tension gauge has some errors and and can return a big impulse
      |                            [01;31m[K^~~~~~~~~~~~~~~~~~~[m[K
[01m[K/home/ben/robot_snake/src/package1/src/node1.cpp:178:9:[m[K [01;31m[Kerror: [m[Kâ€˜[01m[Ktension_time_between_callbacks[m[Kâ€™ was not declared in this scope
  178 |         [01;31m[Ktension_time_between_callbacks[m[K=0;
      |         [01;31m[K^~~~~~~~~~~~~~~~~~~~~~~~~~~~~~[m[K
[01m[K/home/ben/robot_snake/src/package1/src/node1.cpp:[m[K In function â€˜[01m[Kvoid get_parameters()[m[Kâ€™:
[01m[K/home/ben/robot_snake/src/package1/src/node1.cpp:194:7:[m[K [01;31m[Kerror: [m[Kinvalid use of â€˜[01m[Kthis[m[Kâ€™ in non-member function
  194 |       [01;31m[Kthis[m[K->declare_parameter("max_pwm",0);
      |       [01;31m[K^~~~[m[K
[01m[K/home/ben/robot_snake/src/package1/src/node1.cpp:195:7:[m[K [01;31m[Kerror: [m[Kinvalid use of â€˜[01m[Kthis[m[Kâ€™ in non-member function
  195 |       [01;31m[Kthis[m[K->declare_parameter("enc_y",0);
      |       [01;31m[K^~~~[m[K
[01m[K/home/ben/robot_snake/src/package1/src/node1.cpp:196:7:[m[K [01;31m[Kerror: [m[Kinvalid use of â€˜[01m[Kthis[m[Kâ€™ in non-member function
  196 |       [01;31m[Kthis[m[K->declare_parameter("enc_z",1);
      |       [01;31m[K^~~~[m[K
[01m[K/home/ben/robot_snake/src/package1/src/node1.cpp:197:7:[m[K [01;31m[Kerror: [m[Kinvalid use of â€˜[01m[Kthis[m[Kâ€™ in non-member function
  197 |       [01;31m[Kthis[m[K->declare_parameter("controller_freq",100);
      |       [01;31m[K^~~~[m[K
[01m[K/home/ben/robot_snake/src/package1/src/node1.cpp:198:7:[m[K [01;31m[Kerror: [m[Kinvalid use of â€˜[01m[Kthis[m[Kâ€™ in non-member function
  198 |       [01;31m[Kthis[m[K->declare_parameter("kp",std::vector<double>({0.0}));
      |       [01;31m[K^~~~[m[K
[01m[K/home/ben/robot_snake/src/package1/src/node1.cpp:199:7:[m[K [01;31m[Kerror: [m[Kinvalid use of â€˜[01m[Kthis[m[Kâ€™ in non-member function
  199 |       [01;31m[Kthis[m[K->declare_parameter("ki",std::vector<double>({0.0}));
      |       [01;31m[K^~~~[m[K
[01m[K/home/ben/robot_snake/src/package1/src/node1.cpp:200:7:[m[K [01;31m[Kerror: [m[Kinvalid use of â€˜[01m[Kthis[m[Kâ€™ in non-member function
  200 |       [01;31m[Kthis[m[K->declare_parameter("kd",std::vector<double>({0.0}));
      |       [01;31m[K^~~~[m[K
[01m[K/home/ben/robot_snake/src/package1/src/node1.cpp:201:7:[m[K [01;31m[Kerror: [m[Kâ€˜[01m[Kcontroller_freq_[m[Kâ€™ was not declared in this scope
  201 |       [01;31m[Kcontroller_freq_[m[K = this->get_parameter("controller_freq").as_int();
      |       [01;31m[K^~~~~~~~~~~~~~~~[m[K
[01m[K/home/ben/robot_snake/src/package1/src/node1.cpp:201:26:[m[K [01;31m[Kerror: [m[Kinvalid use of â€˜[01m[Kthis[m[Kâ€™ in non-member function
  201 |       controller_freq_ = [01;31m[Kthis[m[K->get_parameter("controller_freq").as_int();
      |                          [01;31m[K^~~~[m[K
[01m[K/home/ben/robot_snake/src/package1/src/node1.cpp:202:7:[m[K [01;31m[Kerror: [m[Kâ€˜[01m[Kenc_y_[m[Kâ€™ was not declared in this scope
  202 |       [01;31m[Kenc_y_[m[K = this->get_parameter("enc_y" ).as_int();
      |       [01;31m[K^~~~~~[m[K
[01m[K/home/ben/robot_snake/src/package1/src/node1.cpp:202:16:[m[K [01;31m[Kerror: [m[Kinvalid use of â€˜[01m[Kthis[m[Kâ€™ in non-member function
  202 |       enc_y_ = [01;31m[Kthis[m[K->get_parameter("enc_y" ).as_int();
      |                [01;31m[K^~~~[m[K
[01m[K/home/ben/robot_snake/src/package1/src/node1.cpp:203:7:[m[K [01;31m[Kerror: [m[Kâ€˜[01m[Kenc_z_[m[Kâ€™ was not declared in this scope
  203 |       [01;31m[Kenc_z_[m[K = this->get_parameter("enc_z" ).as_int();
      |       [01;31m[K^~~~~~[m[K
[01m[K/home/ben/robot_snake/src/package1/src/node1.cpp:203:16:[m[K [01;31m[Kerror: [m[Kinvalid use of â€˜[01m[Kthis[m[Kâ€™ in non-member function
  203 |       enc_z_ = [01;31m[Kthis[m[K->get_parameter("enc_z" ).as_int();
      |                [01;31m[K^~~~[m[K
[01m[K/home/ben/robot_snake/src/package1/src/node1.cpp:204:7:[m[K [01;31m[Kerror: [m[Kâ€˜[01m[Kmax_pwm_[m[Kâ€™ was not declared in this scope
  204 |       [01;31m[Kmax_pwm_[m[K = this->get_parameter("max_pwm").as_int();
      |       [01;31m[K^~~~~~~~[m[K
[01m[K/home/ben/robot_snake/src/package1/src/node1.cpp:204:18:[m[K [01;31m[Kerror: [m[Kinvalid use of â€˜[01m[Kthis[m[Kâ€™ in non-member function
  204 |       max_pwm_ = [01;31m[Kthis[m[K->get_parameter("max_pwm").as_int();
      |                  [01;31m[K^~~~[m[K
[01m[K/home/ben/robot_snake/src/package1/src/node1.cpp:205:7:[m[K [01;31m[Kerror: [m[Kâ€˜[01m[Kkp_[m[Kâ€™ was not declared in this scope
  205 |       [01;31m[Kkp_[m[K = this->get_parameter("kp").as_double_array();
      |       [01;31m[K^~~[m[K
[01m[K/home/ben/robot_snake/src/package1/src/node1.cpp:205:13:[m[K [01;31m[Kerror: [m[Kinvalid use of â€˜[01m[Kthis[m[Kâ€™ in non-member function
  205 |       kp_ = [01;31m[Kthis[m[K->get_parameter("kp").as_double_array();
      |             [01;31m[K^~~~[m[K
[01m[K/home/ben/robot_snake/src/package1/src/node1.cpp:206:7:[m[K [01;31m[Kerror: [m[Kâ€˜[01m[Kki_[m[Kâ€™ was not declared in this scope
  206 |       [01;31m[Kki_[m[K = this->get_parameter("ki").as_double_array();
      |       [01;31m[K^~~[m[K
[01m[K/home/ben/robot_snake/src/package1/src/node1.cpp:206:13:[m[K [01;31m[Kerror: [m[Kinvalid use of â€˜[01m[Kthis[m[Kâ€™ in non-member function
  206 |       ki_ = [01;31m[Kthis[m[K->get_parameter("ki").as_double_array();
      |             [01;31m[K^~~~[m[K
[01m[K/home/ben/robot_snake/src/package1/src/node1.cpp:207:7:[m[K [01;31m[Kerror: [m[Kâ€˜[01m[Kkd_[m[Kâ€™ was not declared in this scope
  207 |       [01;31m[Kkd_[m[K = this->get_parameter("kd").as_double_array();
      |       [01;31m[K^~~[m[K
[01m[K/home/ben/robot_snake/src/package1/src/node1.cpp:207:13:[m[K [01;31m[Kerror: [m[Kinvalid use of â€˜[01m[Kthis[m[Kâ€™ in non-member function
  207 |       kd_ = [01;31m[Kthis[m[K->get_parameter("kd").as_double_array();
      |             [01;31m[K^~~~[m[K
In file included from [01m[K/opt/ros/humble/include/rclcpp/rclcpp/client.hpp:40[m[K,
                 from [01m[K/opt/ros/humble/include/rclcpp/rclcpp/callback_group.hpp:23[m[K,
                 from [01m[K/opt/ros/humble/include/rclcpp/rclcpp/any_executable.hpp:20[m[K,
                 from [01m[K/opt/ros/humble/include/rclcpp/rclcpp/memory_strategy.hpp:25[m[K,
                 from [01m[K/opt/ros/humble/include/rclcpp/rclcpp/memory_strategies.hpp:18[m[K,
                 from [01m[K/opt/ros/humble/include/rclcpp/rclcpp/executor_options.hpp:20[m[K,
                 from [01m[K/opt/ros/humble/include/rclcpp/rclcpp/executor.hpp:37[m[K,
                 from [01m[K/opt/ros/humble/include/rclcpp/rclcpp/executors/multi_threaded_executor.hpp:25[m[K,
                 from [01m[K/opt/ros/humble/include/rclcpp/rclcpp/executors.hpp:21[m[K,
                 from [01m[K/opt/ros/humble/include/rclcpp/rclcpp/rclcpp.hpp:155[m[K,
                 from [01m[K/home/ben/robot_snake/src/package1/src/node1.cpp:19[m[K:
[01m[K/home/ben/robot_snake/src/package1/src/node1.cpp:208:19:[m[K [01;31m[Kerror: [m[Kinvalid use of â€˜[01m[Kthis[m[Kâ€™ in non-member function
  208 |       RCLCPP_INFO([01;31m[Kthis[m[K->get_logger(), " %f  \n",kd_[0]);
      |                   [01;31m[K^~~~[m[K
[01m[K/home/ben/robot_snake/src/package1/src/node1.cpp:208:19:[m[K [01;31m[Kerror: [m[Kinvalid use of â€˜[01m[Kthis[m[Kâ€™ in non-member function
[01m[K/home/ben/robot_snake/src/package1/src/node1.cpp:208:7:[m[K [01;31m[Kerror: [m[Ktemplate argument 1 is invalid
  208 |       [01;31m[KRCLCPP_INFO[m[K(this->get_logger(), " %f  \n",kd_[0]);
      |       [01;31m[K^~~~~~~~~~~[m[K
[01m[K/home/ben/robot_snake/src/package1/src/node1.cpp:208:7:[m[K [01;31m[Kerror: [m[Kâ€˜[01m[K<declaration error>[m[Kâ€™ is not a template [[01;31m[K]8;;https://gcc.gnu.org/onlinedocs/gcc/Warning-Options.html#index-fpermissive-fpermissive]8;;[m[K]
  208 |       [01;31m[KRCLCPP_INFO[m[K(this->get_logger(), " %f  \n",kd_[0]);
      |       [01;31m[K^~~~~~~~~~~[m[K
[01m[K/home/ben/robot_snake/src/package1/src/node1.cpp:208:7:[m[K [01;31m[Kerror: [m[Ktemplate argument 1 is invalid
  208 |       [01;31m[KRCLCPP_INFO[m[K(this->get_logger(), " %f  \n",kd_[0]);
      |       [01;31m[K^~~~~~~~~~~[m[K
[01m[K/home/ben/robot_snake/src/package1/src/node1.cpp:208:7:[m[K [01;31m[Kerror: [m[Kâ€˜[01m[K<declaration error>[m[Kâ€™ is not a template [[01;31m[K]8;;https://gcc.gnu.org/onlinedocs/gcc/Warning-Options.html#index-fpermissive-fpermissive]8;;[m[K]
  208 |       [01;31m[KRCLCPP_INFO[m[K(this->get_logger(), " %f  \n",kd_[0]);
      |       [01;31m[K^~~~~~~~~~~[m[K
[01m[K/home/ben/robot_snake/src/package1/src/node1.cpp:208:7:[m[K [01;31m[Kerror: [m[Ktemplate argument 1 is invalid
  208 |       [01;31m[KRCLCPP_INFO[m[K(this->get_logger(), " %f  \n",kd_[0]);
      |       [01;31m[K^~~~~~~~~~~[m[K
In file included from [01m[K/opt/ros/humble/include/rclcpp/rclcpp/logging.hpp:24[m[K,
                 from [01m[K/opt/ros/humble/include/rclcpp/rclcpp/client.hpp:40[m[K,
                 from [01m[K/opt/ros/humble/include/rclcpp/rclcpp/callback_group.hpp:23[m[K,
                 from [01m[K/opt/ros/humble/include/rclcpp/rclcpp/any_executable.hpp:20[m[K,
                 from [01m[K/opt/ros/humble/include/rclcpp/rclcpp/memory_strategy.hpp:25[m[K,
                 from [01m[K/opt/ros/humble/include/rclcpp/rclcpp/memory_strategies.hpp:18[m[K,
                 from [01m[K/opt/ros/humble/include/rclcpp/rclcpp/executor_options.hpp:20[m[K,
                 from [01m[K/opt/ros/humble/include/rclcpp/rclcpp/executor.hpp:37[m[K,
                 from [01m[K/opt/ros/humble/include/rclcpp/rclcpp/executors/multi_threaded_executor.hpp:25[m[K,
                 from [01m[K/opt/ros/humble/include/rclcpp/rclcpp/executors.hpp:21[m[K,
                 from [01m[K/opt/ros/humble/include/rclcpp/rclcpp/rclcpp.hpp:155[m[K,
                 from [01m[K/home/ben/robot_snake/src/package1/src/node1.cpp:19[m[K:
[01m[K/home/ben/robot_snake/src/package1/src/node1.cpp:208:19:[m[K [01;31m[Kerror: [m[Kinvalid use of â€˜[01m[Kthis[m[Kâ€™ in non-member function
  208 |       RCLCPP_INFO([01;31m[Kthis[m[K->get_logger(), " %f  \n",kd_[0]);
      |                   [01;31m[K^~~~[m[K
[01m[K/home/ben/robot_snake/src/package1/src/node1.cpp:208:19:[m[K [01;31m[Kerror: [m[Kinvalid use of â€˜[01m[Kthis[m[Kâ€™ in non-member function
  208 |       RCLCPP_INFO([01;31m[Kthis[m[K->get_logger(), " %f  \n",kd_[0]);
      |                   [01;31m[K^~~~[m[K
[01m[K/home/ben/robot_snake/src/package1/src/node1.cpp:[m[K At global scope:
[01m[K/home/ben/robot_snake/src/package1/src/node1.cpp:242:1:[m[K [01;31m[Kerror: [m[Kexpected declaration before â€˜[01m[K}[m[Kâ€™ token
  242 | [01;31m[K}[m[K;
      | [01;31m[K^[m[K
gmake[2]: *** [CMakeFiles/node1.dir/build.make:76: CMakeFiles/node1.dir/src/node1.cpp.o] Error 1
gmake[1]: *** [CMakeFiles/Makefile2:139: CMakeFiles/node1.dir/all] Error 2
gmake: *** [Makefile:146: all] Error 2
