[0.015s] Invoking command in '/home/ben/robot_snake/build/package1': CMAKE_PREFIX_PATH=${CMAKE_PREFIX_PATH}:/opt/ros/humble /usr/bin/cmake --build /home/ben/robot_snake/build/package1 -- -j12 -l12
[0.045s] [35m[1mConsolidate compiler generated dependencies of target node1[0m
[0.055s] [ 50%] Built target node2
[0.060s] [ 75%] [32mBuilding CXX object CMakeFiles/node1.dir/src/node1.cpp.o[0m
[2.197s] [01m[K/home/ben/robot_snake/src/package1/src/node1.cpp:152:9:[m[K [01;31m[Kerror: [m[Kâ€˜[01m[Kmotor_cmd_publisher_[m[Kâ€™ does not name a type
[2.197s]   152 |         [01;31m[Kmotor_cmd_publisher_[m[K->publish(message); //publish pwm output to motors
[2.197s]       |         [01;31m[K^~~~~~~~~~~~~~~~~~~~[m[K
[2.198s] [01m[K/home/ben/robot_snake/src/package1/src/node1.cpp:154:6:[m[K [01;31m[Kerror: [m[Kexpected â€˜[01m[K;[m[Kâ€™ after class definition
[2.198s]   154 |     }
[2.198s]       |      [01;31m[K^[m[K
[2.198s]       |      [32m[K;[m[K
[2.198s] [01m[K/home/ben/robot_snake/src/package1/src/node1.cpp:[m[K In constructor â€˜[01m[KNode1::Node1()[m[Kâ€™:
[2.198s] [01m[K/home/ben/robot_snake/src/package1/src/node1.cpp:44:21:[m[K [01;31m[Kerror: [m[Kno matching function for call to â€˜[01m[KNode1::get_parameters()[m[Kâ€™
[2.198s]    44 |       [01;31m[Kget_parameters()[m[K; // set and get the parameters
[2.198s]       |       [01;31m[K~~~~~~~~~~~~~~^~[m[K
[2.199s] In file included from [01m[K/opt/ros/humble/include/rclcpp/rclcpp/executors/single_threaded_executor.hpp:28[m[K,
[2.199s]                  from [01m[K/opt/ros/humble/include/rclcpp/rclcpp/executors.hpp:22[m[K,
[2.199s]                  from [01m[K/opt/ros/humble/include/rclcpp/rclcpp/rclcpp.hpp:155[m[K,
[2.199s]                  from [01m[K/home/ben/robot_snake/src/package1/src/node1.cpp:19[m[K:
[2.199s] [01m[K/opt/ros/humble/include/rclcpp/rclcpp/node.hpp:786:3:[m[K [01;36m[Knote: [m[Kcandidate: â€˜[01m[Ktemplate<class ParameterT> bool rclcpp::Node::get_parameters(const string&, std::map<std::__cxx11::basic_string<char>, ParameterT>&) const[m[Kâ€™
[2.199s]   786 |   [01;36m[Kget_parameters[m[K(
[2.199s]       |   [01;36m[K^~~~~~~~~~~~~~[m[K
[2.199s] [01m[K/opt/ros/humble/include/rclcpp/rclcpp/node.hpp:786:3:[m[K [01;36m[Knote: [m[K  template argument deduction/substitution failed:
[2.199s] [01m[K/home/ben/robot_snake/src/package1/src/node1.cpp:44:21:[m[K [01;36m[Knote: [m[K  candidate expects 2 arguments, 0 provided
[2.199s]    44 |       [01;36m[Kget_parameters()[m[K; // set and get the parameters
[2.199s]       |       [01;36m[K~~~~~~~~~~~~~~^~[m[K
[2.200s] In file included from [01m[K/opt/ros/humble/include/rclcpp/rclcpp/executors/single_threaded_executor.hpp:28[m[K,
[2.200s]                  from [01m[K/opt/ros/humble/include/rclcpp/rclcpp/executors.hpp:22[m[K,
[2.200s]                  from [01m[K/opt/ros/humble/include/rclcpp/rclcpp/rclcpp.hpp:155[m[K,
[2.200s]                  from [01m[K/home/ben/robot_snake/src/package1/src/node1.cpp:19[m[K:
[2.200s] [01m[K/opt/ros/humble/include/rclcpp/rclcpp/node.hpp:745:3:[m[K [01;36m[Knote: [m[Kcandidate: â€˜[01m[Kstd::vector<rclcpp::Parameter> rclcpp::Node::get_parameters(const std::vector<std::__cxx11::basic_string<char> >&) const[m[Kâ€™
[2.200s]   745 |   [01;36m[Kget_parameters[m[K(const std::vector<std::string> & names) const;
[2.200s]       |   [01;36m[K^~~~~~~~~~~~~~[m[K
[2.200s] [01m[K/opt/ros/humble/include/rclcpp/rclcpp/node.hpp:745:3:[m[K [01;36m[Knote: [m[K  candidate expects 1 argument, 0 provided
[2.208s] [01m[K/home/ben/robot_snake/src/package1/src/node1.cpp:47:6:[m[K [01;31m[Kerror: [m[Kâ€˜[01m[Kjoint_val_subscriber_[m[Kâ€™ was not declared in this scope; did you mean â€˜[01m[Kcount_subscribers[m[Kâ€™?
[2.208s]    47 |      [01;31m[Kjoint_val_subscriber_[m[K = this->create_subscription<std_msgs::msg::Float32MultiArray>(
[2.208s]       |      [01;31m[K^~~~~~~~~~~~~~~~~~~~~[m[K
[2.208s]       |      [32m[Kcount_subscribers[m[K
[2.266s] [01m[K/home/ben/robot_snake/src/package1/src/node1.cpp:50:5:[m[K [01;31m[Kerror: [m[Kâ€˜[01m[Ktension_val_subscriber_[m[Kâ€™ was not declared in this scope
[2.266s]    50 |     [01;31m[Ktension_val_subscriber_[m[K = this->create_subscription<std_msgs::msg::Float32MultiArray>(
[2.266s]       |     [01;31m[K^~~~~~~~~~~~~~~~~~~~~~~[m[K
[2.267s] [01m[K/home/ben/robot_snake/src/package1/src/node1.cpp:51:50:[m[K [01;31m[Kerror: [m[Kâ€˜[01m[Ktension_val_callback[m[Kâ€™ is not a member of â€˜[01m[KNode1[m[Kâ€™
[2.267s]    51 |       "tension_val_topic", 10, std::bind(&Node1::[01;31m[Ktension_val_callback[m[K, this, _1));
[2.267s]       |                                                  [01;31m[K^~~~~~~~~~~~~~~~~~~~[m[K
[2.275s] [01m[K/home/ben/robot_snake/src/package1/src/node1.cpp:53:5:[m[K [01;31m[Kerror: [m[Kâ€˜[01m[Kjoint_cmd_subscriber_[m[Kâ€™ was not declared in this scope; did you mean â€˜[01m[Kcount_subscribers[m[Kâ€™?
[2.275s]    53 |     [01;31m[Kjoint_cmd_subscriber_[m[K = this->create_subscription<std_msgs::msg::Float32MultiArray>(
[2.275s]       |     [01;31m[K^~~~~~~~~~~~~~~~~~~~~[m[K
[2.275s]       |     [32m[Kcount_subscribers[m[K
[2.284s] [01m[K/home/ben/robot_snake/src/package1/src/node1.cpp:56:6:[m[K [01;31m[Kerror: [m[Kâ€˜[01m[Kmotor_cmd_publisher_[m[Kâ€™ was not declared in this scope
[2.284s]    56 |      [01;31m[Kmotor_cmd_publisher_[m[K = this->create_publisher<std_msgs::msg::Int32MultiArray>("motor_cmd_topic",10);
[2.284s]       |      [01;31m[K^~~~~~~~~~~~~~~~~~~~[m[K
[2.291s] [01m[K/home/ben/robot_snake/src/package1/src/node1.cpp:57:5:[m[K [01;31m[Kerror: [m[Kâ€˜[01m[Kcontroller_[m[Kâ€™ was not declared in this scope; did you mean â€˜[01m[Kcontroller[m[Kâ€™?
[2.291s]    57 |     [01;31m[Kcontroller_[m[K = this->create_wall_timer(std::chrono::milliseconds((int)(1/controller_freq_*1000)), std::bind(&Node1::controller, this)); //publish motor cmd every second
[2.291s]       |     [01;31m[K^~~~~~~~~~~[m[K
[2.291s]       |     [32m[Kcontroller[m[K
[2.299s] [01m[K/home/ben/robot_snake/src/package1/src/node1.cpp:57:77:[m[K [01;31m[Kerror: [m[Kâ€˜[01m[Kcontroller_freq_[m[Kâ€™ was not declared in this scope; did you mean â€˜[01m[Kcontroller[m[Kâ€™?
[2.299s]    57 |     controller_ = this->create_wall_timer(std::chrono::milliseconds((int)(1/[01;31m[Kcontroller_freq_[m[K*1000)), std::bind(&Node1::controller, this)); //publish motor cmd every second
[2.299s]       |                                                                             [01;31m[K^~~~~~~~~~~~~~~~[m[K
[2.299s]       |                                                                             [32m[Kcontroller[m[K
[2.310s] [01m[K/home/ben/robot_snake/src/package1/src/node1.cpp:[m[K In member function â€˜[01m[Kvoid Node1::joint_val_callback(std_msgs::msg::Float32MultiArray)[m[Kâ€™:
[2.310s] [01m[K/home/ben/robot_snake/src/package1/src/node1.cpp:72:28:[m[K [01;31m[Kerror: [m[Kâ€˜[01m[Kcurrent_enc_val[m[Kâ€™ was not declared in this scope
[2.311s]    72 |         if(abs(msg.data[i]-[01;31m[Kcurrent_enc_val[m[K[i])<TENSION_MAX_IMPULSE) // tension gauge has some errors and and can return a big impulse
[2.311s]       |                            [01;31m[K^~~~~~~~~~~~~~~[m[K
[2.321s] [01m[K/home/ben/robot_snake/src/package1/src/node1.cpp:75:9:[m[K [01;31m[Kerror: [m[Kâ€˜[01m[Kjoint_time_between_callbacks[m[Kâ€™ was not declared in this scope
[2.322s]    75 |         [01;31m[Kjoint_time_between_callbacks[m[K=0;
[2.322s]       |         [01;31m[K^~~~~~~~~~~~~~~~~~~~~~~~~~~~[m[K
[2.328s] [01m[K/home/ben/robot_snake/src/package1/src/node1.cpp:[m[K In member function â€˜[01m[Kvoid Node1::joint_cmd_callback(std_msgs::msg::Float32MultiArray)[m[Kâ€™:
[2.328s] [01m[K/home/ben/robot_snake/src/package1/src/node1.cpp:85:9:[m[K [01;31m[Kerror: [m[Kâ€˜[01m[Kjoint_cmd_val[m[Kâ€™ was not declared in this scope; did you mean â€˜[01m[Kjoint_cmd_callback[m[Kâ€™?
[2.329s]    85 |         [01;31m[Kjoint_cmd_val[m[K[i]=msg.data[i];
[2.329s]       |         [01;31m[K^~~~~~~~~~~~~[m[K
[2.329s]       |         [32m[Kjoint_cmd_callback[m[K
[2.340s] [01m[K/home/ben/robot_snake/src/package1/src/node1.cpp:[m[K In member function â€˜[01m[Kvoid Node1::controller()[m[Kâ€™:
[2.340s] [01m[K/home/ben/robot_snake/src/package1/src/node1.cpp:96:12:[m[K [01;31m[Kerror: [m[Kâ€˜[01m[Kjoint_time_between_callbacks[m[Kâ€™ was not declared in this scope
[2.340s]    96 |         if([01;31m[Kjoint_time_between_callbacks[m[K>1000*MAX_TIME_BETWEEN_CALLBACKS*controller_freq_||
[2.340s]       |            [01;31m[K^~~~~~~~~~~~~~~~~~~~~~~~~~~~[m[K
[2.348s] [01m[K/home/ben/robot_snake/src/package1/src/node1.cpp:96:73:[m[K [01;31m[Kerror: [m[Kâ€˜[01m[Kcontroller_freq_[m[Kâ€™ was not declared in this scope; did you mean â€˜[01m[Kcontroller[m[Kâ€™?
[2.348s]    96 |         if(joint_time_between_callbacks>1000*MAX_TIME_BETWEEN_CALLBACKS*[01;31m[Kcontroller_freq_[m[K||
[2.348s]       |                                                                         [01;31m[K^~~~~~~~~~~~~~~~[m[K
[2.348s]       |                                                                         [32m[Kcontroller[m[K
[2.359s] [01m[K/home/ben/robot_snake/src/package1/src/node1.cpp:97:12:[m[K [01;31m[Kerror: [m[Kâ€˜[01m[Ktension_time_between_callbacks[m[Kâ€™ was not declared in this scope
[2.360s]    97 |            [01;31m[Ktension_time_between_callbacks[m[K>1000*MAX_TIME_BETWEEN_CALLBACKS*controller_freq_){
[2.360s]       |            [01;31m[K^~~~~~~~~~~~~~~~~~~~~~~~~~~~~~[m[K
[2.371s] [01m[K/home/ben/robot_snake/src/package1/src/node1.cpp:101:9:[m[K [01;31m[Kerror: [m[Kâ€˜[01m[Kjoint_time_between_callbacks[m[Kâ€™ was not declared in this scope
[2.371s]   101 |         [01;31m[Kjoint_time_between_callbacks[m[K++;
[2.371s]       |         [01;31m[K^~~~~~~~~~~~~~~~~~~~~~~~~~~~[m[K
[2.383s] [01m[K/home/ben/robot_snake/src/package1/src/node1.cpp:102:9:[m[K [01;31m[Kerror: [m[Kâ€˜[01m[Ktension_time_between_callbacks[m[Kâ€™ was not declared in this scope
[2.383s]   102 |         [01;31m[Ktension_time_between_callbacks[m[K++;
[2.383s]       |         [01;31m[K^~~~~~~~~~~~~~~~~~~~~~~~~~~~~~[m[K
[2.388s] [01m[K/home/ben/robot_snake/src/package1/src/node1.cpp:105:9:[m[K [01;31m[Kerror: [m[Kâ€˜[01m[Klast_error[m[Kâ€™ was not declared in this scope; did you mean â€˜[01m[Kstrerror[m[Kâ€™?
[2.388s]   105 |         [01;31m[Klast_error[m[K[i]=error[i];
[2.388s]       |         [01;31m[K^~~~~~~~~~[m[K
[2.389s]       |         [32m[Kstrerror[m[K
[2.392s] [01m[K/home/ben/robot_snake/src/package1/src/node1.cpp:105:23:[m[K [01;31m[Kerror: [m[Kâ€˜[01m[Kerror[m[Kâ€™ was not declared in this scope; did you mean â€˜[01m[Kperror[m[Kâ€™?
[2.392s]   105 |         last_error[i]=[01;31m[Kerror[m[K[i];
[2.392s]       |                       [01;31m[K^~~~~[m[K
[2.392s]       |                       [32m[Kperror[m[K
[2.399s] [01m[K/home/ben/robot_snake/src/package1/src/node1.cpp:107:28:[m[K [01;31m[Kerror: [m[Kâ€˜[01m[Kjoint_cmd_val[m[Kâ€™ was not declared in this scope; did you mean â€˜[01m[Kjoint_cmd_callback[m[Kâ€™?
[2.399s]   107 |           case 0: error[i]=[01;31m[Kjoint_cmd_val[m[K[enc_z_]-current_enc_val[enc_z_];
[2.399s]       |                            [01;31m[K^~~~~~~~~~~~~[m[K
[2.399s]       |                            [32m[Kjoint_cmd_callback[m[K
[2.403s] [01m[K/home/ben/robot_snake/src/package1/src/node1.cpp:107:42:[m[K [01;31m[Kerror: [m[Kâ€˜[01m[Kenc_z_[m[Kâ€™ was not declared in this scope
[2.403s]   107 |           case 0: error[i]=joint_cmd_val[[01;31m[Kenc_z_[m[K]-current_enc_val[enc_z_];
[2.403s]       |                                          [01;31m[K^~~~~~[m[K
[2.410s] [01m[K/home/ben/robot_snake/src/package1/src/node1.cpp:107:50:[m[K [01;31m[Kerror: [m[Kâ€˜[01m[Kcurrent_enc_val[m[Kâ€™ was not declared in this scope
[2.410s]   107 |           case 0: error[i]=joint_cmd_val[enc_z_]-[01;31m[Kcurrent_enc_val[m[K[enc_z_];
[2.410s]       |                                                  [01;31m[K^~~~~~~~~~~~~~~[m[K
[2.420s] [01m[K/home/ben/robot_snake/src/package1/src/node1.cpp:110:57:[m[K [01;31m[Kerror: [m[Kâ€˜[01m[Kcurrent_tension_val[m[Kâ€™ was not declared in this scope
[2.421s]   110 |           case 1: error[i]=CONSTANT_TENSION_ON_STRING_2-[01;31m[Kcurrent_tension_val[m[K[i];
[2.421s]       |                                                         [01;31m[K^~~~~~~~~~~~~~~~~~~[m[K
[2.426s] [01m[K/home/ben/robot_snake/src/package1/src/node1.cpp:112:42:[m[K [01;31m[Kerror: [m[Kâ€˜[01m[Kenc_y_[m[Kâ€™ was not declared in this scope
[2.426s]   112 |           case 2: error[i]=joint_cmd_val[[01;31m[Kenc_y_[m[K]-current_enc_val[enc_y_];
[2.426s]       |                                          [01;31m[K^~~~~~[m[K
[2.433s] [01m[K/home/ben/robot_snake/src/package1/src/node1.cpp:116:12:[m[K [01;31m[Kerror: [m[Kâ€˜[01m[KisErrorSameSign[m[Kâ€™ was not declared in this scope
[2.434s]   116 |         if([01;31m[KisErrorSameSign[m[K(error[i],last_error[i])==false) //if error changed sign integrator should be 0 so we wont get windup
[2.434s]       |            [01;31m[K^~~~~~~~~~~~~~~[m[K
[2.439s] [01m[K/home/ben/robot_snake/src/package1/src/node1.cpp:117:11:[m[K [01;31m[Kerror: [m[Kâ€˜[01m[Kerror_sum_[m[Kâ€™ was not declared in this scope; did you mean â€˜[01m[Kerror_t[m[Kâ€™?
[2.439s]   117 |           [01;31m[Kerror_sum_[m[K[i]=0;
[2.440s]       |           [01;31m[K^~~~~~~~~~[m[K
[2.440s]       |           [32m[Kerror_t[m[K
[2.447s] [01m[K/home/ben/robot_snake/src/package1/src/node1.cpp:118:12:[m[K [01;31m[Kerror: [m[Kâ€˜[01m[Ksaturation_flag[m[Kâ€™ was not declared in this scope
[2.447s]   118 |         if([01;31m[Ksaturation_flag[m[K[i]==false) //while we are in saturation dont sum the integrator so we wont get windup
[2.447s]       |            [01;31m[K^~~~~~~~~~~~~~~[m[K
[2.453s] [01m[K/home/ben/robot_snake/src/package1/src/node1.cpp:119:11:[m[K [01;31m[Kerror: [m[Kâ€˜[01m[Kerror_sum_[m[Kâ€™ was not declared in this scope; did you mean â€˜[01m[Kerror_t[m[Kâ€™?
[2.453s]   119 |           [01;31m[Kerror_sum_[m[K[i]+=error[i];
[2.453s]       |           [01;31m[K^~~~~~~~~~[m[K
[2.454s]       |           [32m[Kerror_t[m[K
[2.461s] [01m[K/home/ben/robot_snake/src/package1/src/node1.cpp:120:9:[m[K [01;31m[Kerror: [m[Kâ€˜[01m[Kmotor_cmd_val[m[Kâ€™ was not declared in this scope
[2.461s]   120 |         [01;31m[Kmotor_cmd_val[m[K[i]=kp_[i]*(error[i])+ // pid controll to publish the right motor cmd
[2.461s]       |         [01;31m[K^~~~~~~~~~~~~[m[K
[2.465s] [01m[K/home/ben/robot_snake/src/package1/src/node1.cpp:120:26:[m[K [01;31m[Kerror: [m[Kâ€˜[01m[Kkp_[m[Kâ€™ was not declared in this scope
[2.465s]   120 |         motor_cmd_val[i]=[01;31m[Kkp_[m[K[i]*(error[i])+ // pid controll to publish the right motor cmd
[2.465s]       |                          [01;31m[K^~~[m[K
[2.469s] [01m[K/home/ben/robot_snake/src/package1/src/node1.cpp:121:25:[m[K [01;31m[Kerror: [m[Kâ€˜[01m[Kkd_[m[Kâ€™ was not declared in this scope
[2.469s]   121 |                         [01;31m[Kkd_[m[K[i]*(error[i]-last_error[i])+
[2.469s]       |                         [01;31m[K^~~[m[K
[2.473s] [01m[K/home/ben/robot_snake/src/package1/src/node1.cpp:122:25:[m[K [01;31m[Kerror: [m[Kâ€˜[01m[Kki_[m[Kâ€™ was not declared in this scope
[2.473s]   122 |                         [01;31m[Kki_[m[K[i]*error_sum_[i];
[2.473s]       |                         [01;31m[K^~~[m[K
[2.478s] [01m[K/home/ben/robot_snake/src/package1/src/node1.cpp:122:32:[m[K [01;31m[Kerror: [m[Kâ€˜[01m[Kerror_sum_[m[Kâ€™ was not declared in this scope; did you mean â€˜[01m[Kerror_t[m[Kâ€™?
[2.478s]   122 |                         ki_[i]*[01;31m[Kerror_sum_[m[K[i];
[2.478s]       |                                [01;31m[K^~~~~~~~~~[m[K
[2.478s]       |                                [32m[Kerror_t[m[K
[2.483s] [01m[K/home/ben/robot_snake/src/package1/src/node1.cpp:123:29:[m[K [01;31m[Kerror: [m[Kâ€˜[01m[Kmax_pwm_[m[Kâ€™ was not declared in this scope
[2.483s]   123 |         if(motor_cmd_val[i]>[01;31m[Kmax_pwm_[m[K){ //motor command limitation
[2.483s]       |                             [01;31m[K^~~~~~~~[m[K
[2.490s] [01m[K/home/ben/robot_snake/src/package1/src/node1.cpp:125:11:[m[K [01;31m[Kerror: [m[Kâ€˜[01m[Ksaturation_flag[m[Kâ€™ was not declared in this scope
[2.490s]   125 |           [01;31m[Ksaturation_flag[m[K[i]=1;
[2.490s]       |           [01;31m[K^~~~~~~~~~~~~~~[m[K
[2.498s] [01m[K/home/ben/robot_snake/src/package1/src/node1.cpp:130:13:[m[K [01;31m[Kerror: [m[Kâ€˜[01m[Ksaturation_flag[m[Kâ€™ was not declared in this scope
[2.498s]   130 |             [01;31m[Ksaturation_flag[m[K[i]=1;
[2.499s]       |             [01;31m[K^~~~~~~~~~~~~~~[m[K
[2.506s] [01m[K/home/ben/robot_snake/src/package1/src/node1.cpp:133:13:[m[K [01;31m[Kerror: [m[Kâ€˜[01m[Ksaturation_flag[m[Kâ€™ was not declared in this scope
[2.507s]   133 |             [01;31m[Ksaturation_flag[m[K[i]=0;
[2.507s]       |             [01;31m[K^~~~~~~~~~~~~~~[m[K
[2.514s] [01m[K/home/ben/robot_snake/src/package1/src/node1.cpp:141:34:[m[K [01;31m[Kerror: [m[Kâ€˜[01m[Kmotor_cmd_val[m[Kâ€™ was not declared in this scope
[2.514s]   141 |         message.data[i]=(int32_t)[01;31m[Kmotor_cmd_val[m[K[i];
[2.514s]       |                                  [01;31m[K^~~~~~~~~~~~~[m[K
[2.520s] [01m[K/home/ben/robot_snake/src/package1/src/node1.cpp:[m[K In function â€˜[01m[Kvoid tension_val_callback(std_msgs::msg::Float32MultiArray)[m[Kâ€™:
[2.520s] [01m[K/home/ben/robot_snake/src/package1/src/node1.cpp:175:28:[m[K [01;31m[Kerror: [m[Kâ€˜[01m[Kcurrent_tension_val[m[Kâ€™ was not declared in this scope
[2.520s]   175 |         if(abs(msg.data[i]-[01;31m[Kcurrent_tension_val[m[K[i])<TENSION_MAX_IMPULSE) // tension gauge has some errors and and can return a big impulse
[2.520s]       |                            [01;31m[K^~~~~~~~~~~~~~~~~~~[m[K
[2.527s] [01m[K/home/ben/robot_snake/src/package1/src/node1.cpp:178:9:[m[K [01;31m[Kerror: [m[Kâ€˜[01m[Ktension_time_between_callbacks[m[Kâ€™ was not declared in this scope
[2.527s]   178 |         [01;31m[Ktension_time_between_callbacks[m[K=0;
[2.527s]       |         [01;31m[K^~~~~~~~~~~~~~~~~~~~~~~~~~~~~~[m[K
[2.527s] [01m[K/home/ben/robot_snake/src/package1/src/node1.cpp:[m[K In function â€˜[01m[Kvoid get_parameters()[m[Kâ€™:
[2.528s] [01m[K/home/ben/robot_snake/src/package1/src/node1.cpp:194:7:[m[K [01;31m[Kerror: [m[Kinvalid use of â€˜[01m[Kthis[m[Kâ€™ in non-member function
[2.528s]   194 |       [01;31m[Kthis[m[K->declare_parameter("max_pwm",0);
[2.528s]       |       [01;31m[K^~~~[m[K
[2.528s] [01m[K/home/ben/robot_snake/src/package1/src/node1.cpp:195:7:[m[K [01;31m[Kerror: [m[Kinvalid use of â€˜[01m[Kthis[m[Kâ€™ in non-member function
[2.528s]   195 |       [01;31m[Kthis[m[K->declare_parameter("enc_y",0);
[2.528s]       |       [01;31m[K^~~~[m[K
[2.528s] [01m[K/home/ben/robot_snake/src/package1/src/node1.cpp:196:7:[m[K [01;31m[Kerror: [m[Kinvalid use of â€˜[01m[Kthis[m[Kâ€™ in non-member function
[2.528s]   196 |       [01;31m[Kthis[m[K->declare_parameter("enc_z",1);
[2.528s]       |       [01;31m[K^~~~[m[K
[2.528s] [01m[K/home/ben/robot_snake/src/package1/src/node1.cpp:197:7:[m[K [01;31m[Kerror: [m[Kinvalid use of â€˜[01m[Kthis[m[Kâ€™ in non-member function
[2.528s]   197 |       [01;31m[Kthis[m[K->declare_parameter("controller_freq",100);
[2.528s]       |       [01;31m[K^~~~[m[K
[2.529s] [01m[K/home/ben/robot_snake/src/package1/src/node1.cpp:198:7:[m[K [01;31m[Kerror: [m[Kinvalid use of â€˜[01m[Kthis[m[Kâ€™ in non-member function
[2.529s]   198 |       [01;31m[Kthis[m[K->declare_parameter("kp",std::vector<double>({0.0}));
[2.529s]       |       [01;31m[K^~~~[m[K
[2.529s] [01m[K/home/ben/robot_snake/src/package1/src/node1.cpp:199:7:[m[K [01;31m[Kerror: [m[Kinvalid use of â€˜[01m[Kthis[m[Kâ€™ in non-member function
[2.529s]   199 |       [01;31m[Kthis[m[K->declare_parameter("ki",std::vector<double>({0.0}));
[2.529s]       |       [01;31m[K^~~~[m[K
[2.529s] [01m[K/home/ben/robot_snake/src/package1/src/node1.cpp:200:7:[m[K [01;31m[Kerror: [m[Kinvalid use of â€˜[01m[Kthis[m[Kâ€™ in non-member function
[2.529s]   200 |       [01;31m[Kthis[m[K->declare_parameter("kd",std::vector<double>({0.0}));
[2.529s]       |       [01;31m[K^~~~[m[K
[2.533s] [01m[K/home/ben/robot_snake/src/package1/src/node1.cpp:201:7:[m[K [01;31m[Kerror: [m[Kâ€˜[01m[Kcontroller_freq_[m[Kâ€™ was not declared in this scope
[2.533s]   201 |       [01;31m[Kcontroller_freq_[m[K = this->get_parameter("controller_freq").as_int();
[2.533s]       |       [01;31m[K^~~~~~~~~~~~~~~~[m[K
[2.533s] [01m[K/home/ben/robot_snake/src/package1/src/node1.cpp:201:26:[m[K [01;31m[Kerror: [m[Kinvalid use of â€˜[01m[Kthis[m[Kâ€™ in non-member function
[2.533s]   201 |       controller_freq_ = [01;31m[Kthis[m[K->get_parameter("controller_freq").as_int();
[2.534s]       |                          [01;31m[K^~~~[m[K
[2.537s] [01m[K/home/ben/robot_snake/src/package1/src/node1.cpp:202:7:[m[K [01;31m[Kerror: [m[Kâ€˜[01m[Kenc_y_[m[Kâ€™ was not declared in this scope
[2.537s]   202 |       [01;31m[Kenc_y_[m[K = this->get_parameter("enc_y" ).as_int();
[2.537s]       |       [01;31m[K^~~~~~[m[K
[2.537s] [01m[K/home/ben/robot_snake/src/package1/src/node1.cpp:202:16:[m[K [01;31m[Kerror: [m[Kinvalid use of â€˜[01m[Kthis[m[Kâ€™ in non-member function
[2.537s]   202 |       enc_y_ = [01;31m[Kthis[m[K->get_parameter("enc_y" ).as_int();
[2.537s]       |                [01;31m[K^~~~[m[K
[2.540s] [01m[K/home/ben/robot_snake/src/package1/src/node1.cpp:203:7:[m[K [01;31m[Kerror: [m[Kâ€˜[01m[Kenc_z_[m[Kâ€™ was not declared in this scope
[2.541s]   203 |       [01;31m[Kenc_z_[m[K = this->get_parameter("enc_z" ).as_int();
[2.541s]       |       [01;31m[K^~~~~~[m[K
[2.541s] [01m[K/home/ben/robot_snake/src/package1/src/node1.cpp:203:16:[m[K [01;31m[Kerror: [m[Kinvalid use of â€˜[01m[Kthis[m[Kâ€™ in non-member function
[2.541s]   203 |       enc_z_ = [01;31m[Kthis[m[K->get_parameter("enc_z" ).as_int();
[2.541s]       |                [01;31m[K^~~~[m[K
[2.544s] [01m[K/home/ben/robot_snake/src/package1/src/node1.cpp:204:7:[m[K [01;31m[Kerror: [m[Kâ€˜[01m[Kmax_pwm_[m[Kâ€™ was not declared in this scope
[2.544s]   204 |       [01;31m[Kmax_pwm_[m[K = this->get_parameter("max_pwm").as_int();
[2.544s]       |       [01;31m[K^~~~~~~~[m[K
[2.544s] [01m[K/home/ben/robot_snake/src/package1/src/node1.cpp:204:18:[m[K [01;31m[Kerror: [m[Kinvalid use of â€˜[01m[Kthis[m[Kâ€™ in non-member function
[2.544s]   204 |       max_pwm_ = [01;31m[Kthis[m[K->get_parameter("max_pwm").as_int();
[2.544s]       |                  [01;31m[K^~~~[m[K
[2.547s] [01m[K/home/ben/robot_snake/src/package1/src/node1.cpp:205:7:[m[K [01;31m[Kerror: [m[Kâ€˜[01m[Kkp_[m[Kâ€™ was not declared in this scope
[2.547s]   205 |       [01;31m[Kkp_[m[K = this->get_parameter("kp").as_double_array();
[2.547s]       |       [01;31m[K^~~[m[K
[2.547s] [01m[K/home/ben/robot_snake/src/package1/src/node1.cpp:205:13:[m[K [01;31m[Kerror: [m[Kinvalid use of â€˜[01m[Kthis[m[Kâ€™ in non-member function
[2.547s]   205 |       kp_ = [01;31m[Kthis[m[K->get_parameter("kp").as_double_array();
[2.547s]       |             [01;31m[K^~~~[m[K
[2.549s] [01m[K/home/ben/robot_snake/src/package1/src/node1.cpp:206:7:[m[K [01;31m[Kerror: [m[Kâ€˜[01m[Kki_[m[Kâ€™ was not declared in this scope
[2.549s]   206 |       [01;31m[Kki_[m[K = this->get_parameter("ki").as_double_array();
[2.550s]       |       [01;31m[K^~~[m[K
[2.550s] [01m[K/home/ben/robot_snake/src/package1/src/node1.cpp:206:13:[m[K [01;31m[Kerror: [m[Kinvalid use of â€˜[01m[Kthis[m[Kâ€™ in non-member function
[2.550s]   206 |       ki_ = [01;31m[Kthis[m[K->get_parameter("ki").as_double_array();
[2.550s]       |             [01;31m[K^~~~[m[K
[2.552s] [01m[K/home/ben/robot_snake/src/package1/src/node1.cpp:207:7:[m[K [01;31m[Kerror: [m[Kâ€˜[01m[Kkd_[m[Kâ€™ was not declared in this scope
[2.552s]   207 |       [01;31m[Kkd_[m[K = this->get_parameter("kd").as_double_array();
[2.552s]       |       [01;31m[K^~~[m[K
[2.552s] [01m[K/home/ben/robot_snake/src/package1/src/node1.cpp:207:13:[m[K [01;31m[Kerror: [m[Kinvalid use of â€˜[01m[Kthis[m[Kâ€™ in non-member function
[2.553s]   207 |       kd_ = [01;31m[Kthis[m[K->get_parameter("kd").as_double_array();
[2.553s]       |             [01;31m[K^~~~[m[K
[2.553s] In file included from [01m[K/opt/ros/humble/include/rclcpp/rclcpp/client.hpp:40[m[K,
[2.553s]                  from [01m[K/opt/ros/humble/include/rclcpp/rclcpp/callback_group.hpp:23[m[K,
[2.553s]                  from [01m[K/opt/ros/humble/include/rclcpp/rclcpp/any_executable.hpp:20[m[K,
[2.553s]                  from [01m[K/opt/ros/humble/include/rclcpp/rclcpp/memory_strategy.hpp:25[m[K,
[2.553s]                  from [01m[K/opt/ros/humble/include/rclcpp/rclcpp/memory_strategies.hpp:18[m[K,
[2.553s]                  from [01m[K/opt/ros/humble/include/rclcpp/rclcpp/executor_options.hpp:20[m[K,
[2.554s]                  from [01m[K/opt/ros/humble/include/rclcpp/rclcpp/executor.hpp:37[m[K,
[2.554s]                  from [01m[K/opt/ros/humble/include/rclcpp/rclcpp/executors/multi_threaded_executor.hpp:25[m[K,
[2.554s]                  from [01m[K/opt/ros/humble/include/rclcpp/rclcpp/executors.hpp:21[m[K,
[2.554s]                  from [01m[K/opt/ros/humble/include/rclcpp/rclcpp/rclcpp.hpp:155[m[K,
[2.554s]                  from [01m[K/home/ben/robot_snake/src/package1/src/node1.cpp:19[m[K:
[2.554s] [01m[K/home/ben/robot_snake/src/package1/src/node1.cpp:208:19:[m[K [01;31m[Kerror: [m[Kinvalid use of â€˜[01m[Kthis[m[Kâ€™ in non-member function
[2.554s]   208 |       RCLCPP_INFO([01;31m[Kthis[m[K->get_logger(), " %f  \n",kd_[0]);
[2.554s]       |                   [01;31m[K^~~~[m[K
[2.554s] [01m[K/home/ben/robot_snake/src/package1/src/node1.cpp:208:19:[m[K [01;31m[Kerror: [m[Kinvalid use of â€˜[01m[Kthis[m[Kâ€™ in non-member function
[2.555s] [01m[K/home/ben/robot_snake/src/package1/src/node1.cpp:208:7:[m[K [01;31m[Kerror: [m[Ktemplate argument 1 is invalid
[2.555s]   208 |       [01;31m[KRCLCPP_INFO[m[K(this->get_logger(), " %f  \n",kd_[0]);
[2.555s]       |       [01;31m[K^~~~~~~~~~~[m[K
[2.555s] [01m[K/home/ben/robot_snake/src/package1/src/node1.cpp:208:7:[m[K [01;31m[Kerror: [m[Kâ€˜[01m[K<declaration error>[m[Kâ€™ is not a template [[01;31m[K]8;;https://gcc.gnu.org/onlinedocs/gcc/Warning-Options.html#index-fpermissive-fpermissive]8;;[m[K]
[2.555s]   208 |       [01;31m[KRCLCPP_INFO[m[K(this->get_logger(), " %f  \n",kd_[0]);
[2.555s]       |       [01;31m[K^~~~~~~~~~~[m[K
[2.555s] [01m[K/home/ben/robot_snake/src/package1/src/node1.cpp:208:7:[m[K [01;31m[Kerror: [m[Ktemplate argument 1 is invalid
[2.555s]   208 |       [01;31m[KRCLCPP_INFO[m[K(this->get_logger(), " %f  \n",kd_[0]);
[2.555s]       |       [01;31m[K^~~~~~~~~~~[m[K
[2.555s] [01m[K/home/ben/robot_snake/src/package1/src/node1.cpp:208:7:[m[K [01;31m[Kerror: [m[Kâ€˜[01m[K<declaration error>[m[Kâ€™ is not a template [[01;31m[K]8;;https://gcc.gnu.org/onlinedocs/gcc/Warning-Options.html#index-fpermissive-fpermissive]8;;[m[K]
[2.556s]   208 |       [01;31m[KRCLCPP_INFO[m[K(this->get_logger(), " %f  \n",kd_[0]);
[2.556s]       |       [01;31m[K^~~~~~~~~~~[m[K
[2.556s] [01m[K/home/ben/robot_snake/src/package1/src/node1.cpp:208:7:[m[K [01;31m[Kerror: [m[Ktemplate argument 1 is invalid
[2.556s]   208 |       [01;31m[KRCLCPP_INFO[m[K(this->get_logger(), " %f  \n",kd_[0]);
[2.556s]       |       [01;31m[K^~~~~~~~~~~[m[K
[2.556s] In file included from [01m[K/opt/ros/humble/include/rclcpp/rclcpp/logging.hpp:24[m[K,
[2.556s]                  from [01m[K/opt/ros/humble/include/rclcpp/rclcpp/client.hpp:40[m[K,
[2.556s]                  from [01m[K/opt/ros/humble/include/rclcpp/rclcpp/callback_group.hpp:23[m[K,
[2.556s]                  from [01m[K/opt/ros/humble/include/rclcpp/rclcpp/any_executable.hpp:20[m[K,
[2.557s]                  from [01m[K/opt/ros/humble/include/rclcpp/rclcpp/memory_strategy.hpp:25[m[K,
[2.557s]                  from [01m[K/opt/ros/humble/include/rclcpp/rclcpp/memory_strategies.hpp:18[m[K,
[2.557s]                  from [01m[K/opt/ros/humble/include/rclcpp/rclcpp/executor_options.hpp:20[m[K,
[2.557s]                  from [01m[K/opt/ros/humble/include/rclcpp/rclcpp/executor.hpp:37[m[K,
[2.557s]                  from [01m[K/opt/ros/humble/include/rclcpp/rclcpp/executors/multi_threaded_executor.hpp:25[m[K,
[2.557s]                  from [01m[K/opt/ros/humble/include/rclcpp/rclcpp/executors.hpp:21[m[K,
[2.557s]                  from [01m[K/opt/ros/humble/include/rclcpp/rclcpp/rclcpp.hpp:155[m[K,
[2.557s]                  from [01m[K/home/ben/robot_snake/src/package1/src/node1.cpp:19[m[K:
[2.557s] [01m[K/home/ben/robot_snake/src/package1/src/node1.cpp:208:19:[m[K [01;31m[Kerror: [m[Kinvalid use of â€˜[01m[Kthis[m[Kâ€™ in non-member function
[2.558s]   208 |       RCLCPP_INFO([01;31m[Kthis[m[K->get_logger(), " %f  \n",kd_[0]);
[2.558s]       |                   [01;31m[K^~~~[m[K
[2.558s] [01m[K/home/ben/robot_snake/src/package1/src/node1.cpp:208:19:[m[K [01;31m[Kerror: [m[Kinvalid use of â€˜[01m[Kthis[m[Kâ€™ in non-member function
[2.558s]   208 |       RCLCPP_INFO([01;31m[Kthis[m[K->get_logger(), " %f  \n",kd_[0]);
[2.558s]       |                   [01;31m[K^~~~[m[K
[2.558s] [01m[K/home/ben/robot_snake/src/package1/src/node1.cpp:[m[K At global scope:
[2.558s] [01m[K/home/ben/robot_snake/src/package1/src/node1.cpp:242:1:[m[K [01;31m[Kerror: [m[Kexpected declaration before â€˜[01m[K}[m[Kâ€™ token
[2.558s]   242 | [01;31m[K}[m[K;
[2.558s]       | [01;31m[K^[m[K
[4.959s] gmake[2]: *** [CMakeFiles/node1.dir/build.make:76: CMakeFiles/node1.dir/src/node1.cpp.o] Error 1
[4.959s] gmake[1]: *** [CMakeFiles/Makefile2:139: CMakeFiles/node1.dir/all] Error 2
[4.959s] gmake: *** [Makefile:146: all] Error 2
[4.961s] Invoked command in '/home/ben/robot_snake/build/package1' returned '2': CMAKE_PREFIX_PATH=${CMAKE_PREFIX_PATH}:/opt/ros/humble /usr/bin/cmake --build /home/ben/robot_snake/build/package1 -- -j12 -l12
