[0.062s] Invoking command in '/home/ben/robot_snake/build/package1': CMAKE_PREFIX_PATH=${CMAKE_PREFIX_PATH}:/home/ben/microros_ws/install/sensor_msgs_py:/opt/ros/humble /usr/bin/cmake --build /home/ben/robot_snake/build/package1 -- -j3 -l3
[0.155s] [35m[1mConsolidate compiler generated dependencies of target node1[0m
[0.188s] [ 25%] [32mBuilding CXX object CMakeFiles/node1.dir/src/node1.cpp.o[0m
[2.856s] [01m[K/home/ben/robot_snake/src/package1/src/node1.cpp:[m[K In member function â€˜[01m[Kvoid Node1::controller()[m[Kâ€™:
[2.856s] [01m[K/home/ben/robot_snake/src/package1/src/node1.cpp:65:12:[m[K [01;31m[Kerror: [m[Kâ€˜[01m[KTENSION[m[Kâ€™ was not declared in this scope; did you mean â€˜[01m[KENXIO[m[Kâ€™?
[2.856s]    65 |       -----[01;31m[KTENSION[m[K CHECK-------
[2.856s]       |            [01;31m[K^~~~~~~[m[K
[2.856s]       |            [32m[KENXIO[m[K
[2.860s] [01m[K/home/ben/robot_snake/src/package1/src/node1.cpp:66:19:[m[K [01;31m[Kerror: [m[Kâ€˜[01m[Ki[m[Kâ€™ was not declared in this scope
[2.860s]    66 |       for(int i=0;[01;31m[Ki[m[K<3;i++)
[2.860s]       |                   [01;31m[K^[m[K
[5.435s] gmake[2]: *** [CMakeFiles/node1.dir/build.make:76: CMakeFiles/node1.dir/src/node1.cpp.o] Error 1
[5.436s] gmake[1]: *** [CMakeFiles/Makefile2:139: CMakeFiles/node1.dir/all] Error 2
[5.436s] gmake: *** [Makefile:146: all] Error 2
[5.438s] Invoked command in '/home/ben/robot_snake/build/package1' returned '2': CMAKE_PREFIX_PATH=${CMAKE_PREFIX_PATH}:/home/ben/microros_ws/install/sensor_msgs_py:/opt/ros/humble /usr/bin/cmake --build /home/ben/robot_snake/build/package1 -- -j3 -l3
