[0.012s] Invoking command in '/home/ben/robot_snake/build/package1': CMAKE_PREFIX_PATH=${CMAKE_PREFIX_PATH}:/opt/ros/humble /usr/bin/cmake --build /home/ben/robot_snake/build/package1 -- -j12 -l12
[0.043s] [35m[1mConsolidate compiler generated dependencies of target node1[0m
[0.052s] [ 50%] Built target node2
[0.056s] [ 75%] [32mBuilding CXX object CMakeFiles/node1.dir/src/node1.cpp.o[0m
[2.187s] [01m[K/home/ben/robot_snake/src/package1/src/node1.cpp:[m[K In member function â€˜[01m[Kvoid Node1::get_parameters()[m[Kâ€™:
[2.187s] [01m[K/home/ben/robot_snake/src/package1/src/node1.cpp:208:83:[m[K [01;31m[Kerror: [m[Kno match for â€˜[01m[Koperator=[m[Kâ€™ (operand types are â€˜[01m[Kstd::vector<int>[m[Kâ€™ and â€˜[01m[Kconst std::vector<long int, std::allocator<long int> >[m[Kâ€™)
[2.187s]   208 |       manual_motor_pwm = this->get_parameter("manual_motor_pwm").as_integer_array([01;31m[K)[m[K;
[2.187s]       |                                                                                   [01;31m[K^[m[K
[2.187s] In file included from [01m[K/usr/include/c++/11/vector:72[m[K,
[2.187s]                  from [01m[K/usr/include/c++/11/functional:62[m[K,
[2.187s]                  from [01m[K/home/ben/robot_snake/src/package1/src/node1.cpp:14[m[K:
[2.187s] [01m[K/usr/include/c++/11/bits/vector.tcc:198:5:[m[K [01;36m[Knote: [m[Kcandidate: â€˜[01m[Kstd::vector<_Tp, _Alloc>& std::vector<_Tp, _Alloc>::operator=(const std::vector<_Tp, _Alloc>&) [with _Tp = int; _Alloc = std::allocator<int>][m[Kâ€™
[2.187s]   198 |     [01;36m[Kvector<_Tp, _Alloc>[m[K::
[2.187s]       |     [01;36m[K^~~~~~~~~~~~~~~~~~~[m[K
[2.187s] [01m[K/usr/include/c++/11/bits/vector.tcc:199:42:[m[K [01;36m[Knote: [m[K  no known conversion for argument 1 from â€˜[01m[Kconst std::vector<long int, std::allocator<long int> >[m[Kâ€™ to â€˜[01m[Kconst std::vector<int>&[m[Kâ€™
[2.187s]   199 |     operator=([01;36m[Kconst vector<_Tp, _Alloc>& __x[m[K)
[2.187s]       |               [01;36m[K~~~~~~~~~~~~~~~~~~~~~~~~~~~^~~[m[K
[2.187s] In file included from [01m[K/usr/include/c++/11/vector:67[m[K,
[2.188s]                  from [01m[K/usr/include/c++/11/functional:62[m[K,
[2.188s]                  from [01m[K/home/ben/robot_snake/src/package1/src/node1.cpp:14[m[K:
[2.188s] [01m[K/usr/include/c++/11/bits/stl_vector.h:709:7:[m[K [01;36m[Knote: [m[Kcandidate: â€˜[01m[Kstd::vector<_Tp, _Alloc>& std::vector<_Tp, _Alloc>::operator=(std::vector<_Tp, _Alloc>&&) [with _Tp = int; _Alloc = std::allocator<int>][m[Kâ€™
[2.188s]   709 |       [01;36m[Koperator[m[K=(vector&& __x) noexcept(_Alloc_traits::_S_nothrow_move())
[2.188s]       |       [01;36m[K^~~~~~~~[m[K
[2.188s] [01m[K/usr/include/c++/11/bits/stl_vector.h:709:26:[m[K [01;36m[Knote: [m[K  no known conversion for argument 1 from â€˜[01m[Kconst std::vector<long int, std::allocator<long int> >[m[Kâ€™ to â€˜[01m[Kstd::vector<int>&&[m[Kâ€™
[2.188s]   709 |       operator=([01;36m[Kvector&& __x[m[K) noexcept(_Alloc_traits::_S_nothrow_move())
[2.188s]       |                 [01;36m[K~~~~~~~~~^~~[m[K
[2.188s] [01m[K/usr/include/c++/11/bits/stl_vector.h:730:7:[m[K [01;36m[Knote: [m[Kcandidate: â€˜[01m[Kstd::vector<_Tp, _Alloc>& std::vector<_Tp, _Alloc>::operator=(std::initializer_list<_Tp>) [with _Tp = int; _Alloc = std::allocator<int>][m[Kâ€™
[2.188s]   730 |       [01;36m[Koperator[m[K=(initializer_list<value_type> __l)
[2.188s]       |       [01;36m[K^~~~~~~~[m[K
[2.188s] [01m[K/usr/include/c++/11/bits/stl_vector.h:730:46:[m[K [01;36m[Knote: [m[K  no known conversion for argument 1 from â€˜[01m[Kconst std::vector<long int, std::allocator<long int> >[m[Kâ€™ to â€˜[01m[Kstd::initializer_list<int>[m[Kâ€™
[2.188s]   730 |       operator=([01;36m[Kinitializer_list<value_type> __l[m[K)
[2.188s]       |                 [01;36m[K~~~~~~~~~~~~~~~~~~~~~~~~~~~~~^~~[m[K
[4.742s] gmake[2]: *** [CMakeFiles/node1.dir/build.make:76: CMakeFiles/node1.dir/src/node1.cpp.o] Error 1
[4.742s] gmake[1]: *** [CMakeFiles/Makefile2:139: CMakeFiles/node1.dir/all] Error 2
[4.742s] gmake: *** [Makefile:146: all] Error 2
[4.744s] Invoked command in '/home/ben/robot_snake/build/package1' returned '2': CMAKE_PREFIX_PATH=${CMAKE_PREFIX_PATH}:/opt/ros/humble /usr/bin/cmake --build /home/ben/robot_snake/build/package1 -- -j12 -l12
