[0.041s] Invoking command in '/home/ben/robot_snake/build/package1': CMAKE_PREFIX_PATH=${CMAKE_PREFIX_PATH}:/home/ben/ros2_ws/install/rqt_gui_py:/home/ben/ros2_ws/install/rqt_gui:/home/ben/microros_ws/install/sensor_msgs_py:/opt/ros/humble /usr/bin/cmake --build /home/ben/robot_snake/build/package1 -- -j3 -l3
[0.134s] [35m[1mConsolidate compiler generated dependencies of target node1[0m
[0.161s] [ 50%] Built target node2
[0.162s] [ 75%] [32mBuilding CXX object CMakeFiles/node1.dir/src/node1.cpp.o[0m
[2.511s] [01m[K/home/ben/robot_snake/src/package1/src/node1.cpp:[m[K In function â€˜[01m[Kint main(int, char**)[m[Kâ€™:
[2.511s] [01m[K/home/ben/robot_snake/src/package1/src/node1.cpp:271:51:[m[K [01;31m[Kerror: [m[Kâ€˜[01m[Kdo_not_prune_arguments[m[Kâ€™ is not a member of â€˜[01m[Krclcpp::InitOptions[m[Kâ€™
[2.512s]   271 |     rclcpp::init(argc, argv, rclcpp::InitOptions::[01;31m[Kdo_not_prune_arguments[m[K);
[2.512s]       |                                                   [01;31m[K^~~~~~~~~~~~~~~~~~~~~~[m[K
[5.036s] gmake[2]: *** [CMakeFiles/node1.dir/build.make:76: CMakeFiles/node1.dir/src/node1.cpp.o] Error 1
[5.037s] gmake[1]: *** [CMakeFiles/Makefile2:139: CMakeFiles/node1.dir/all] Error 2
[5.038s] gmake: *** [Makefile:146: all] Error 2
[5.039s] Invoked command in '/home/ben/robot_snake/build/package1' returned '2': CMAKE_PREFIX_PATH=${CMAKE_PREFIX_PATH}:/home/ben/ros2_ws/install/rqt_gui_py:/home/ben/ros2_ws/install/rqt_gui:/home/ben/microros_ws/install/sensor_msgs_py:/opt/ros/humble /usr/bin/cmake --build /home/ben/robot_snake/build/package1 -- -j3 -l3
