[0.033s] Invoking command in '/home/ben/robot_snake/build/package1': CMAKE_PREFIX_PATH=${CMAKE_PREFIX_PATH}:/home/ben/ros2_ws/install/rqt_gui_py:/home/ben/ros2_ws/install/rqt_gui:/home/ben/microros_ws/install/sensor_msgs_py:/opt/ros/humble /usr/bin/cmake --build /home/ben/robot_snake/build/package1 -- -j3 -l3
[0.152s] [35m[1mConsolidate compiler generated dependencies of target node1[0m
[0.189s] [ 50%] Built target node2
[0.201s] [ 75%] [32mBuilding CXX object CMakeFiles/node1.dir/src/node1.cpp.o[0m
[2.860s] [01m[K/home/ben/robot_snake/src/package1/src/node1.cpp:[m[K In function â€˜[01m[Kvoid shutdown_callback()[m[Kâ€™:
[2.860s] [01m[K/home/ben/robot_snake/src/package1/src/node1.cpp:31:26:[m[K [01;31m[Kerror: [m[Kâ€˜[01m[KNode[m[Kâ€™ was not declared in this scope; did you mean â€˜[01m[Krclcpp::Node[m[Kâ€™?
[2.860s]    31 |   motor_cmd_publisher_ = [01;31m[KNode[m[K->create_publisher<std_msgs::msg::Int32MultiArray>("motor_cmd_topic",10);
[2.860s]       |                          [01;31m[K^~~~[m[K
[2.860s]       |                          [32m[Krclcpp::Node[m[K
[2.860s] In file included from [01m[K/opt/ros/humble/include/rclcpp/rclcpp/executors/single_threaded_executor.hpp:28[m[K,
[2.860s]                  from [01m[K/opt/ros/humble/include/rclcpp/rclcpp/executors.hpp:22[m[K,
[2.860s]                  from [01m[K/opt/ros/humble/include/rclcpp/rclcpp/rclcpp.hpp:155[m[K,
[2.860s]                  from [01m[K/home/ben/robot_snake/src/package1/src/node1.cpp:15[m[K:
[2.860s] [01m[K/opt/ros/humble/include/rclcpp/rclcpp/node.hpp:77:7:[m[K [01;36m[Knote: [m[Kâ€˜[01m[Krclcpp::Node[m[Kâ€™ declared here
[2.860s]    77 | class [01;36m[KNode[m[K : public std::enable_shared_from_this<Node>
[2.860s]       |       [01;36m[K^~~~[m[K
[2.861s] [01m[K/home/ben/robot_snake/src/package1/src/node1.cpp:31:79:[m[K [01;31m[Kerror: [m[Kexpected primary-expression before â€˜[01m[K>[m[Kâ€™ token
[2.861s]    31 |   motor_cmd_publisher_ = Node->create_publisher<std_msgs::msg::Int32MultiArray[01;31m[K>[m[K("motor_cmd_topic",10);
[2.861s]       |                                                                               [01;31m[K^[m[K
[2.861s] [01m[K/home/ben/robot_snake/src/package1/src/node1.cpp:31:81:[m[K [01;35m[Kwarning: [m[Kleft operand of comma operator has no effect [[01;35m[K]8;;https://gcc.gnu.org/onlinedocs/gcc/Warning-Options.html#index-Wunused-value-Wunused-value]8;;[m[K]
[2.861s]    31 |   motor_cmd_publisher_ = Node->create_publisher<std_msgs::msg::Int32MultiArray>([01;35m[K"motor_cmd_topic"[m[K,10);
[2.861s]       |                                                                                 [01;35m[K^~~~~~~~~~~~~~~~~[m[K
[5.846s] gmake[2]: *** [CMakeFiles/node1.dir/build.make:76: CMakeFiles/node1.dir/src/node1.cpp.o] Error 1
[5.846s] gmake[1]: *** [CMakeFiles/Makefile2:139: CMakeFiles/node1.dir/all] Error 2
[5.846s] gmake: *** [Makefile:146: all] Error 2
[5.849s] Invoked command in '/home/ben/robot_snake/build/package1' returned '2': CMAKE_PREFIX_PATH=${CMAKE_PREFIX_PATH}:/home/ben/ros2_ws/install/rqt_gui_py:/home/ben/ros2_ws/install/rqt_gui:/home/ben/microros_ws/install/sensor_msgs_py:/opt/ros/humble /usr/bin/cmake --build /home/ben/robot_snake/build/package1 -- -j3 -l3
